<?xml version="1.0" encoding="UTF-8"?>
<testsuites>
  <testsuite name="" tests="139" assertions="496" errors="0" warnings="0" failures="0" skipped="0" time="1.995210">
    <testsuite name="Project Test Suite" tests="139" assertions="496" errors="0" warnings="0" failures="0" skipped="0" time="1.995210">
      <testsuite name="App\Card\CardGraphicTest" file="/home/mita23/dbwebb-kurser/mvc/me/report/tests/Card/CardGraphicTest.php" tests="2" assertions="5" errors="0" warnings="0" failures="0" skipped="0" time="0.083379">
        <testcase name="testGetAsString" class="App\Card\CardGraphicTest" classname="App.Card.CardGraphicTest" file="/home/mita23/dbwebb-kurser/mvc/me/report/tests/Card/CardGraphicTest.php" line="15" assertions="4" time="0.030143"/>
        <testcase name="testGetAsStringInvalidSuit" class="App\Card\CardGraphicTest" classname="App.Card.CardGraphicTest" file="/home/mita23/dbwebb-kurser/mvc/me/report/tests/Card/CardGraphicTest.php" line="33" assertions="1" time="0.053236"/>
      </testsuite>
      <testsuite name="App\Tests\Card\CardHandTest" file="/home/mita23/dbwebb-kurser/mvc/me/report/tests/Card/CardHandTest.php" tests="1" assertions="5" errors="0" warnings="0" failures="0" skipped="0" time="0.006020">
        <testcase name="testAddGetClearCards" class="App\Tests\Card\CardHandTest" classname="App.Tests.Card.CardHandTest" file="/home/mita23/dbwebb-kurser/mvc/me/report/tests/Card/CardHandTest.php" line="17" assertions="5" time="0.006020"/>
      </testsuite>
      <testsuite name="App\Card\CardTest" file="/home/mita23/dbwebb-kurser/mvc/me/report/tests/Card/CardTest.php" tests="4" assertions="14" errors="0" warnings="0" failures="0" skipped="0" time="0.010511">
        <testcase name="testCreateCard" class="App\Card\CardTest" classname="App.Card.CardTest" file="/home/mita23/dbwebb-kurser/mvc/me/report/tests/Card/CardTest.php" line="15" assertions="4" time="0.002640"/>
        <testcase name="testDifferentSuitsAndValues" class="App\Card\CardTest" classname="App.Card.CardTest" file="/home/mita23/dbwebb-kurser/mvc/me/report/tests/Card/CardTest.php" line="27" assertions="6" time="0.002006"/>
        <testcase name="testInvalidSuit" class="App\Card\CardTest" classname="App.Card.CardTest" file="/home/mita23/dbwebb-kurser/mvc/me/report/tests/Card/CardTest.php" line="43" assertions="2" time="0.004833"/>
        <testcase name="testInvalidValue" class="App\Card\CardTest" classname="App.Card.CardTest" file="/home/mita23/dbwebb-kurser/mvc/me/report/tests/Card/CardTest.php" line="53" assertions="2" time="0.001031"/>
      </testsuite>
      <testsuite name="App\Card\DeckOfCardsTest" file="/home/mita23/dbwebb-kurser/mvc/me/report/tests/Card/DeckOfCardsTest.php" tests="6" assertions="25" errors="0" warnings="0" failures="0" skipped="0" time="0.065258">
        <testcase name="testConstructAndGetCards" class="App\Card\DeckOfCardsTest" classname="App.Card.DeckOfCardsTest" file="/home/mita23/dbwebb-kurser/mvc/me/report/tests/Card/DeckOfCardsTest.php" line="15" assertions="5" time="0.004338"/>
        <testcase name="testShuffle" class="App\Card\DeckOfCardsTest" classname="App.Card.DeckOfCardsTest" file="/home/mita23/dbwebb-kurser/mvc/me/report/tests/Card/DeckOfCardsTest.php" line="30" assertions="2" time="0.042957"/>
        <testcase name="testDraw" class="App\Card\DeckOfCardsTest" classname="App.Card.DeckOfCardsTest" file="/home/mita23/dbwebb-kurser/mvc/me/report/tests/Card/DeckOfCardsTest.php" line="46" assertions="3" time="0.003675"/>
        <testcase name="testDrawMany" class="App\Card\DeckOfCardsTest" classname="App.Card.DeckOfCardsTest" file="/home/mita23/dbwebb-kurser/mvc/me/report/tests/Card/DeckOfCardsTest.php" line="64" assertions="8" time="0.001927"/>
        <testcase name="testSortedCards" class="App\Card\DeckOfCardsTest" classname="App.Card.DeckOfCardsTest" file="/home/mita23/dbwebb-kurser/mvc/me/report/tests/Card/DeckOfCardsTest.php" line="83" assertions="4" time="0.010630"/>
        <testcase name="testCount" class="App\Card\DeckOfCardsTest" classname="App.Card.DeckOfCardsTest" file="/home/mita23/dbwebb-kurser/mvc/me/report/tests/Card/DeckOfCardsTest.php" line="100" assertions="3" time="0.001731"/>
      </testsuite>
      <testsuite name="App\Dice\DiceGraphicTest" file="/home/mita23/dbwebb-kurser/mvc/me/report/tests/Dice/DiceGraphicTest.php" tests="3" assertions="13" errors="0" warnings="0" failures="0" skipped="0" time="0.022592">
        <testcase name="testCreateDiceGraphic" class="App\Dice\DiceGraphicTest" classname="App.Dice.DiceGraphicTest" file="/home/mita23/dbwebb-kurser/mvc/me/report/tests/Dice/DiceGraphicTest.php" line="15" assertions="3" time="0.002773"/>
        <testcase name="testRollAndGetAsString" class="App\Dice\DiceGraphicTest" classname="App.Dice.DiceGraphicTest" file="/home/mita23/dbwebb-kurser/mvc/me/report/tests/Dice/DiceGraphicTest.php" line="27" assertions="5" time="0.018341"/>
        <testcase name="testGetAsStringInvalidValue" class="App\Dice\DiceGraphicTest" classname="App.Dice.DiceGraphicTest" file="/home/mita23/dbwebb-kurser/mvc/me/report/tests/Dice/DiceGraphicTest.php" line="43" assertions="5" time="0.001477"/>
      </testsuite>
      <testsuite name="App\Dice\DiceHandTest" file="/home/mita23/dbwebb-kurser/mvc/me/report/tests/Dice/DiceHandTest.php" tests="3" assertions="8" errors="0" warnings="0" failures="0" skipped="0" time="0.005701">
        <testcase name="testGetNumberDices" class="App\Dice\DiceHandTest" classname="App.Dice.DiceHandTest" file="/home/mita23/dbwebb-kurser/mvc/me/report/tests/Dice/DiceHandTest.php" line="15" assertions="2" time="0.002495"/>
        <testcase name="testRoll" class="App\Dice\DiceHandTest" classname="App.Dice.DiceHandTest" file="/home/mita23/dbwebb-kurser/mvc/me/report/tests/Dice/DiceHandTest.php" line="28" assertions="4" time="0.001631"/>
        <testcase name="testGetString" class="App\Dice\DiceHandTest" classname="App.Dice.DiceHandTest" file="/home/mita23/dbwebb-kurser/mvc/me/report/tests/Dice/DiceHandTest.php" line="44" assertions="2" time="0.001574"/>
      </testsuite>
      <testsuite name="App\Dice\DiceTest" file="/home/mita23/dbwebb-kurser/mvc/me/report/tests/Dice/DiceTest.php" tests="3" assertions="9" errors="0" warnings="0" failures="0" skipped="0" time="0.003838">
        <testcase name="testCreateDice" class="App\Dice\DiceTest" classname="App.Dice.DiceTest" file="/home/mita23/dbwebb-kurser/mvc/me/report/tests/Dice/DiceTest.php" line="16" assertions="2" time="0.000955"/>
        <testcase name="testRoll" class="App\Dice\DiceTest" classname="App.Dice.DiceTest" file="/home/mita23/dbwebb-kurser/mvc/me/report/tests/Dice/DiceTest.php" line="28" assertions="5" time="0.001654"/>
        <testcase name="testGetValues" class="App\Dice\DiceTest" classname="App.Dice.DiceTest" file="/home/mita23/dbwebb-kurser/mvc/me/report/tests/Dice/DiceTest.php" line="41" assertions="2" time="0.001230"/>
      </testsuite>
      <testsuite name="App\Tests\Game\CardGameGraphicTest" file="/home/mita23/dbwebb-kurser/mvc/me/report/tests/Game/CardGameGraphicTest.php" tests="5" assertions="15" errors="0" warnings="0" failures="0" skipped="0" time="0.009117">
        <testcase name="testCreateCard" class="App\Tests\Game\CardGameGraphicTest" classname="App.Tests.Game.CardGameGraphicTest" file="/home/mita23/dbwebb-kurser/mvc/me/report/tests/Game/CardGameGraphicTest.php" line="16" assertions="3" time="0.004843"/>
        <testcase name="testGraphicCardToString" class="App\Tests\Game\CardGameGraphicTest" classname="App.Tests.Game.CardGameGraphicTest" file="/home/mita23/dbwebb-kurser/mvc/me/report/tests/Game/CardGameGraphicTest.php" line="27" assertions="2" time="0.000999"/>
        <testcase name="testToStringAllSuits" class="App\Tests\Game\CardGameGraphicTest" classname="App.Tests.Game.CardGameGraphicTest" file="/home/mita23/dbwebb-kurser/mvc/me/report/tests/Game/CardGameGraphicTest.php" line="39" assertions="4" time="0.001101"/>
        <testcase name="testGetAsString" class="App\Tests\Game\CardGameGraphicTest" classname="App.Tests.Game.CardGameGraphicTest" file="/home/mita23/dbwebb-kurser/mvc/me/report/tests/Game/CardGameGraphicTest.php" line="57" assertions="1" time="0.001053"/>
        <testcase name="testGetSuitUnicode" class="App\Tests\Game\CardGameGraphicTest" classname="App.Tests.Game.CardGameGraphicTest" file="/home/mita23/dbwebb-kurser/mvc/me/report/tests/Game/CardGameGraphicTest.php" line="66" assertions="5" time="0.001122"/>
      </testsuite>
      <testsuite name="App\Tests\Game\CardGameTest" file="/home/mita23/dbwebb-kurser/mvc/me/report/tests/Game/CardGameTest.php" tests="4" assertions="8" errors="0" warnings="0" failures="0" skipped="0" time="0.003592">
        <testcase name="testCreateCard" class="App\Tests\Game\CardGameTest" classname="App.Tests.Game.CardGameTest" file="/home/mita23/dbwebb-kurser/mvc/me/report/tests/Game/CardGameTest.php" line="16" assertions="3" time="0.000920"/>
        <testcase name="testToString" class="App\Tests\Game\CardGameTest" classname="App.Tests.Game.CardGameTest" file="/home/mita23/dbwebb-kurser/mvc/me/report/tests/Game/CardGameTest.php" line="27" assertions="1" time="0.000834"/>
        <testcase name="testNumericValue" class="App\Tests\Game\CardGameTest" classname="App.Tests.Game.CardGameTest" file="/home/mita23/dbwebb-kurser/mvc/me/report/tests/Game/CardGameTest.php" line="36" assertions="3" time="0.001001"/>
        <testcase name="testGetAsString" class="App\Tests\Game\CardGameTest" classname="App.Tests.Game.CardGameTest" file="/home/mita23/dbwebb-kurser/mvc/me/report/tests/Game/CardGameTest.php" line="51" assertions="1" time="0.000837"/>
      </testsuite>
      <testsuite name="App\Tests\Game\DeckOfCardsGameTest" file="/home/mita23/dbwebb-kurser/mvc/me/report/tests/Game/DeckOfCardsGameTest.php" tests="7" assertions="13" errors="0" warnings="0" failures="0" skipped="0" time="0.049732">
        <testcase name="testDeckHas52CardsInitially" class="App\Tests\Game\DeckOfCardsGameTest" classname="App.Tests.Game.DeckOfCardsGameTest" file="/home/mita23/dbwebb-kurser/mvc/me/report/tests/Game/DeckOfCardsGameTest.php" line="16" assertions="1" time="0.003835"/>
        <testcase name="testShuffleDeck" class="App\Tests\Game\DeckOfCardsGameTest" classname="App.Tests.Game.DeckOfCardsGameTest" file="/home/mita23/dbwebb-kurser/mvc/me/report/tests/Game/DeckOfCardsGameTest.php" line="25" assertions="2" time="0.034212"/>
        <testcase name="testDrawOneCard" class="App\Tests\Game\DeckOfCardsGameTest" classname="App.Tests.Game.DeckOfCardsGameTest" file="/home/mita23/dbwebb-kurser/mvc/me/report/tests/Game/DeckOfCardsGameTest.php" line="38" assertions="2" time="0.001543"/>
        <testcase name="testDrawManyCards" class="App\Tests\Game\DeckOfCardsGameTest" classname="App.Tests.Game.DeckOfCardsGameTest" file="/home/mita23/dbwebb-kurser/mvc/me/report/tests/Game/DeckOfCardsGameTest.php" line="49" assertions="2" time="0.001508"/>
        <testcase name="testSortedCards" class="App\Tests\Game\DeckOfCardsGameTest" classname="App.Tests.Game.DeckOfCardsGameTest" file="/home/mita23/dbwebb-kurser/mvc/me/report/tests/Game/DeckOfCardsGameTest.php" line="60" assertions="2" time="0.005419"/>
        <testcase name="testDrawWhenDeckIsEmpty" class="App\Tests\Game\DeckOfCardsGameTest" classname="App.Tests.Game.DeckOfCardsGameTest" file="/home/mita23/dbwebb-kurser/mvc/me/report/tests/Game/DeckOfCardsGameTest.php" line="71" assertions="1" time="0.001776"/>
        <testcase name="testCount" class="App\Tests\Game\DeckOfCardsGameTest" classname="App.Tests.Game.DeckOfCardsGameTest" file="/home/mita23/dbwebb-kurser/mvc/me/report/tests/Game/DeckOfCardsGameTest.php" line="83" assertions="3" time="0.001438"/>
      </testsuite>
      <testsuite name="App\Tests\Game\GameTest" file="/home/mita23/dbwebb-kurser/mvc/me/report/tests/Game/GameTest.php" tests="9" assertions="11" errors="0" warnings="0" failures="0" skipped="0" time="0.025007">
        <testcase name="testGameStarts" class="App\Tests\Game\GameTest" classname="App.Tests.Game.GameTest" file="/home/mita23/dbwebb-kurser/mvc/me/report/tests/Game/GameTest.php" line="19" assertions="1" time="0.006968"/>
        <testcase name="testPlayerHit" class="App\Tests\Game\GameTest" classname="App.Tests.Game.GameTest" file="/home/mita23/dbwebb-kurser/mvc/me/report/tests/Game/GameTest.php" line="29" assertions="1" time="0.002174"/>
        <testcase name="testGameStand" class="App\Tests\Game\GameTest" classname="App.Tests.Game.GameTest" file="/home/mita23/dbwebb-kurser/mvc/me/report/tests/Game/GameTest.php" line="41" assertions="1" time="0.004531"/>
        <testcase name="testGetDealerReturnsDealerInstance" class="App\Tests\Game\GameTest" classname="App.Tests.Game.GameTest" file="/home/mita23/dbwebb-kurser/mvc/me/report/tests/Game/GameTest.php" line="56" assertions="1" time="0.001511"/>
        <testcase name="testGetDeckReturnsDeckInstance" class="App\Tests\Game\GameTest" classname="App.Tests.Game.GameTest" file="/home/mita23/dbwebb-kurser/mvc/me/report/tests/Game/GameTest.php" line="65" assertions="1" time="0.001460"/>
        <testcase name="testHitWhenGameNotOngoing" class="App\Tests\Game\GameTest" classname="App.Tests.Game.GameTest" file="/home/mita23/dbwebb-kurser/mvc/me/report/tests/Game/GameTest.php" line="74" assertions="1" time="0.001418"/>
        <testcase name="testStandWhenGameNotOngoing" class="App\Tests\Game\GameTest" classname="App.Tests.Game.GameTest" file="/home/mita23/dbwebb-kurser/mvc/me/report/tests/Game/GameTest.php" line="85" assertions="1" time="0.001518"/>
        <testcase name="testPlayerBustOnHit" class="App\Tests\Game\GameTest" classname="App.Tests.Game.GameTest" file="/home/mita23/dbwebb-kurser/mvc/me/report/tests/Game/GameTest.php" line="95" assertions="1" time="0.002692"/>
        <testcase name="testDealerDrawsCardsBelow17" class="App\Tests\Game\GameTest" classname="App.Tests.Game.GameTest" file="/home/mita23/dbwebb-kurser/mvc/me/report/tests/Game/GameTest.php" line="110" assertions="3" time="0.002734"/>
      </testsuite>
      <testsuite name="App\Tests\Game\PlayerTest" file="/home/mita23/dbwebb-kurser/mvc/me/report/tests/Game/PlayerTest.php" tests="4" assertions="4" errors="0" warnings="0" failures="0" skipped="0" time="0.003902">
        <testcase name="testCreatePlayer" class="App\Tests\Game\PlayerTest" classname="App.Tests.Game.PlayerTest" file="/home/mita23/dbwebb-kurser/mvc/me/report/tests/Game/PlayerTest.php" line="17" assertions="1" time="0.001034"/>
        <testcase name="testAddCardAndGetScore" class="App\Tests\Game\PlayerTest" classname="App.Tests.Game.PlayerTest" file="/home/mita23/dbwebb-kurser/mvc/me/report/tests/Game/PlayerTest.php" line="26" assertions="1" time="0.000952"/>
        <testcase name="testClearHand" class="App\Tests\Game\PlayerTest" classname="App.Tests.Game.PlayerTest" file="/home/mita23/dbwebb-kurser/mvc/me/report/tests/Game/PlayerTest.php" line="37" assertions="1" time="0.000919"/>
        <testcase name="testAceCountedAsOneWhenNeeded" class="App\Tests\Game\PlayerTest" classname="App.Tests.Game.PlayerTest" file="/home/mita23/dbwebb-kurser/mvc/me/report/tests/Game/PlayerTest.php" line="48" assertions="1" time="0.000997"/>
      </testsuite>
      <testsuite name="App\Project\BlackJackDeckTest" file="/home/mita23/dbwebb-kurser/mvc/me/report/tests/Project/BlackJackDeckTest.php" tests="8" assertions="90" errors="0" warnings="0" failures="0" skipped="0" time="0.086650">
        <testcase name="testConstructorCreatesFullDeck" class="App\Project\BlackJackDeckTest" classname="App.Project.BlackJackDeckTest" file="/home/mita23/dbwebb-kurser/mvc/me/report/tests/Project/BlackJackDeckTest.php" line="15" assertions="59" time="0.021830"/>
        <testcase name="testGetCardsReturnsAllCards" class="App\Project\BlackJackDeckTest" classname="App.Project.BlackJackDeckTest" file="/home/mita23/dbwebb-kurser/mvc/me/report/tests/Project/BlackJackDeckTest.php" line="51" assertions="1" time="0.001965"/>
        <testcase name="testShuffleChangesCardOrder" class="App\Project\BlackJackDeckTest" classname="App.Project.BlackJackDeckTest" file="/home/mita23/dbwebb-kurser/mvc/me/report/tests/Project/BlackJackDeckTest.php" line="61" assertions="4" time="0.051991"/>
        <testcase name="testDrawRemovesCardFromDeck" class="App\Project\BlackJackDeckTest" classname="App.Project.BlackJackDeckTest" file="/home/mita23/dbwebb-kurser/mvc/me/report/tests/Project/BlackJackDeckTest.php" line="83" assertions="4" time="0.002517"/>
        <testcase name="testSetCardsWithBlackJackGraphicObjects" class="App\Project\BlackJackDeckTest" classname="App.Project.BlackJackDeckTest" file="/home/mita23/dbwebb-kurser/mvc/me/report/tests/Project/BlackJackDeckTest.php" line="105" assertions="4" time="0.002069"/>
        <testcase name="testSetCardsWithArrayData" class="App\Project\BlackJackDeckTest" classname="App.Project.BlackJackDeckTest" file="/home/mita23/dbwebb-kurser/mvc/me/report/tests/Project/BlackJackDeckTest.php" line="123" assertions="10" time="0.002276"/>
        <testcase name="testSetCardsWithMixedData" class="App\Project\BlackJackDeckTest" classname="App.Project.BlackJackDeckTest" file="/home/mita23/dbwebb-kurser/mvc/me/report/tests/Project/BlackJackDeckTest.php" line="152" assertions="6" time="0.002132"/>
        <testcase name="testSetCardsWithEmptyArray" class="App\Project\BlackJackDeckTest" classname="App.Project.BlackJackDeckTest" file="/home/mita23/dbwebb-kurser/mvc/me/report/tests/Project/BlackJackDeckTest.php" line="174" assertions="2" time="0.001871"/>
      </testsuite>
      <testsuite name="App\Project\BlackJackGraphicTest" file="/home/mita23/dbwebb-kurser/mvc/me/report/tests/Project/BlackJackGraphicTest.php" tests="5" assertions="29" errors="0" warnings="0" failures="0" skipped="0" time="0.010473">
        <testcase name="testConstructorAndGetters" class="App\Project\BlackJackGraphicTest" classname="App.Project.BlackJackGraphicTest" file="/home/mita23/dbwebb-kurser/mvc/me/report/tests/Project/BlackJackGraphicTest.php" line="15" assertions="10" time="0.001225"/>
        <testcase name="testDetermineValue" class="App\Project\BlackJackGraphicTest" classname="App.Project.BlackJackGraphicTest" file="/home/mita23/dbwebb-kurser/mvc/me/report/tests/Project/BlackJackGraphicTest.php" line="37" assertions="6" time="0.001123"/>
        <testcase name="testGetSuitUnicode" class="App\Project\BlackJackGraphicTest" classname="App.Project.BlackJackGraphicTest" file="/home/mita23/dbwebb-kurser/mvc/me/report/tests/Project/BlackJackGraphicTest.php" line="61" assertions="5" time="0.001071"/>
        <testcase name="testToString" class="App\Project\BlackJackGraphicTest" classname="App.Project.BlackJackGraphicTest" file="/home/mita23/dbwebb-kurser/mvc/me/report/tests/Project/BlackJackGraphicTest.php" line="82" assertions="2" time="0.000970"/>
        <testcase name="testJsonSerialize" class="App\Project\BlackJackGraphicTest" classname="App.Project.BlackJackGraphicTest" file="/home/mita23/dbwebb-kurser/mvc/me/report/tests/Project/BlackJackGraphicTest.php" line="94" assertions="6" time="0.006084"/>
      </testsuite>
      <testsuite name="App\Tests\Project\BlackJackPlayerTest" file="/home/mita23/dbwebb-kurser/mvc/me/report/tests/Project/BlackJackPlayerTest.php" tests="41" assertions="128" errors="0" warnings="0" failures="0" skipped="0" time="0.093557">
        <testcase name="testConstruct" class="App\Tests\Project\BlackJackPlayerTest" classname="App.Tests.Project.BlackJackPlayerTest" file="/home/mita23/dbwebb-kurser/mvc/me/report/tests/Project/BlackJackPlayerTest.php" line="33" assertions="6" time="0.020052"/>
        <testcase name="testGetAndSetBalance" class="App\Tests\Project\BlackJackPlayerTest" classname="App.Tests.Project.BlackJackPlayerTest" file="/home/mita23/dbwebb-kurser/mvc/me/report/tests/Project/BlackJackPlayerTest.php" line="49" assertions="4" time="0.006384"/>
        <testcase name="testGetAndSetEntity" class="App\Tests\Project\BlackJackPlayerTest" classname="App.Tests.Project.BlackJackPlayerTest" file="/home/mita23/dbwebb-kurser/mvc/me/report/tests/Project/BlackJackPlayerTest.php" line="75" assertions="2" time="0.001414"/>
        <testcase name="testAddCard" class="App\Tests\Project\BlackJackPlayerTest" classname="App.Tests.Project.BlackJackPlayerTest" file="/home/mita23/dbwebb-kurser/mvc/me/report/tests/Project/BlackJackPlayerTest.php" line="88" assertions="8" time="0.001914"/>
        <testcase name="testGetHands" class="App\Tests\Project\BlackJackPlayerTest" classname="App.Tests.Project.BlackJackPlayerTest" file="/home/mita23/dbwebb-kurser/mvc/me/report/tests/Project/BlackJackPlayerTest.php" line="113" assertions="3" time="0.001565"/>
        <testcase name="testGetHand" class="App\Tests\Project\BlackJackPlayerTest" classname="App.Tests.Project.BlackJackPlayerTest" file="/home/mita23/dbwebb-kurser/mvc/me/report/tests/Project/BlackJackPlayerTest.php" line="134" assertions="3" time="0.001513"/>
        <testcase name="testGetName" class="App\Tests\Project\BlackJackPlayerTest" classname="App.Tests.Project.BlackJackPlayerTest" file="/home/mita23/dbwebb-kurser/mvc/me/report/tests/Project/BlackJackPlayerTest.php" line="150" assertions="1" time="0.001250"/>
        <testcase name="testPlaceBet" class="App\Tests\Project\BlackJackPlayerTest" classname="App.Tests.Project.BlackJackPlayerTest" file="/home/mita23/dbwebb-kurser/mvc/me/report/tests/Project/BlackJackPlayerTest.php" line="159" assertions="10" time="0.006639"/>
        <testcase name="testSetBet" class="App\Tests\Project\BlackJackPlayerTest" classname="App.Tests.Project.BlackJackPlayerTest" file="/home/mita23/dbwebb-kurser/mvc/me/report/tests/Project/BlackJackPlayerTest.php" line="194" assertions="3" time="0.001499"/>
        <testcase name="testSetAllBets" class="App\Tests\Project\BlackJackPlayerTest" classname="App.Tests.Project.BlackJackPlayerTest" file="/home/mita23/dbwebb-kurser/mvc/me/report/tests/Project/BlackJackPlayerTest.php" line="208" assertions="4" time="0.001366"/>
        <testcase name="testWinBet" class="App\Tests\Project\BlackJackPlayerTest" classname="App.Tests.Project.BlackJackPlayerTest" file="/home/mita23/dbwebb-kurser/mvc/me/report/tests/Project/BlackJackPlayerTest.php" line="222" assertions="5" time="0.003017"/>
        <testcase name="testGetBets" class="App\Tests\Project\BlackJackPlayerTest" classname="App.Tests.Project.BlackJackPlayerTest" file="/home/mita23/dbwebb-kurser/mvc/me/report/tests/Project/BlackJackPlayerTest.php" line="250" assertions="1" time="0.001279"/>
        <testcase name="testSetOriginalBets" class="App\Tests\Project\BlackJackPlayerTest" classname="App.Tests.Project.BlackJackPlayerTest" file="/home/mita23/dbwebb-kurser/mvc/me/report/tests/Project/BlackJackPlayerTest.php" line="261" assertions="2" time="0.001284"/>
        <testcase name="testGetBet" class="App\Tests\Project\BlackJackPlayerTest" classname="App.Tests.Project.BlackJackPlayerTest" file="/home/mita23/dbwebb-kurser/mvc/me/report/tests/Project/BlackJackPlayerTest.php" line="277" assertions="2" time="0.001259"/>
        <testsuite name="App\Tests\Project\BlackJackPlayerTest::testGetScore" tests="16" assertions="16" errors="0" warnings="0" failures="0" skipped="0" time="0.022227">
          <testcase name="testGetScore with data set &quot;empty hand&quot;" class="App\Tests\Project\BlackJackPlayerTest" classname="App.Tests.Project.BlackJackPlayerTest" file="/home/mita23/dbwebb-kurser/mvc/me/report/tests/Project/BlackJackPlayerTest.php" line="291" assertions="1" time="0.001347"/>
          <testcase name="testGetScore with data set &quot;single card (numeric 7)&quot;" class="App\Tests\Project\BlackJackPlayerTest" classname="App.Tests.Project.BlackJackPlayerTest" file="/home/mita23/dbwebb-kurser/mvc/me/report/tests/Project/BlackJackPlayerTest.php" line="291" assertions="1" time="0.001331"/>
          <testcase name="testGetScore with data set &quot;single card (numeric 10)&quot;" class="App\Tests\Project\BlackJackPlayerTest" classname="App.Tests.Project.BlackJackPlayerTest" file="/home/mita23/dbwebb-kurser/mvc/me/report/tests/Project/BlackJackPlayerTest.php" line="291" assertions="1" time="0.001328"/>
          <testcase name="testGetScore with data set &quot;single card (face K)&quot;" class="App\Tests\Project\BlackJackPlayerTest" classname="App.Tests.Project.BlackJackPlayerTest" file="/home/mita23/dbwebb-kurser/mvc/me/report/tests/Project/BlackJackPlayerTest.php" line="291" assertions="1" time="0.001292"/>
          <testcase name="testGetScore with data set &quot;single card (face J)&quot;" class="App\Tests\Project\BlackJackPlayerTest" classname="App.Tests.Project.BlackJackPlayerTest" file="/home/mita23/dbwebb-kurser/mvc/me/report/tests/Project/BlackJackPlayerTest.php" line="291" assertions="1" time="0.001282"/>
          <testcase name="testGetScore with data set &quot;single card (face Q)&quot;" class="App\Tests\Project\BlackJackPlayerTest" classname="App.Tests.Project.BlackJackPlayerTest" file="/home/mita23/dbwebb-kurser/mvc/me/report/tests/Project/BlackJackPlayerTest.php" line="291" assertions="1" time="0.001343"/>
          <testcase name="testGetScore with data set &quot;single card (Ace)&quot;" class="App\Tests\Project\BlackJackPlayerTest" classname="App.Tests.Project.BlackJackPlayerTest" file="/home/mita23/dbwebb-kurser/mvc/me/report/tests/Project/BlackJackPlayerTest.php" line="291" assertions="1" time="0.001328"/>
          <testcase name="testGetScore with data set &quot;normal hand&quot;" class="App\Tests\Project\BlackJackPlayerTest" classname="App.Tests.Project.BlackJackPlayerTest" file="/home/mita23/dbwebb-kurser/mvc/me/report/tests/Project/BlackJackPlayerTest.php" line="291" assertions="1" time="0.001349"/>
          <testcase name="testGetScore with data set &quot;face cards&quot;" class="App\Tests\Project\BlackJackPlayerTest" classname="App.Tests.Project.BlackJackPlayerTest" file="/home/mita23/dbwebb-kurser/mvc/me/report/tests/Project/BlackJackPlayerTest.php" line="291" assertions="1" time="0.001402"/>
          <testcase name="testGetScore with data set &quot;blackjack&quot;" class="App\Tests\Project\BlackJackPlayerTest" classname="App.Tests.Project.BlackJackPlayerTest" file="/home/mita23/dbwebb-kurser/mvc/me/report/tests/Project/BlackJackPlayerTest.php" line="291" assertions="1" time="0.001372"/>
          <testcase name="testGetScore with data set &quot;soft 17&quot;" class="App\Tests\Project\BlackJackPlayerTest" classname="App.Tests.Project.BlackJackPlayerTest" file="/home/mita23/dbwebb-kurser/mvc/me/report/tests/Project/BlackJackPlayerTest.php" line="291" assertions="1" time="0.001668"/>
          <testcase name="testGetScore with data set &quot;soft 21&quot;" class="App\Tests\Project\BlackJackPlayerTest" classname="App.Tests.Project.BlackJackPlayerTest" file="/home/mita23/dbwebb-kurser/mvc/me/report/tests/Project/BlackJackPlayerTest.php" line="291" assertions="1" time="0.001437"/>
          <testcase name="testGetScore with data set &quot;two aces&quot;" class="App\Tests\Project\BlackJackPlayerTest" classname="App.Tests.Project.BlackJackPlayerTest" file="/home/mita23/dbwebb-kurser/mvc/me/report/tests/Project/BlackJackPlayerTest.php" line="291" assertions="1" time="0.001380"/>
          <testcase name="testGetScore with data set &quot;ace and high cards&quot;" class="App\Tests\Project\BlackJackPlayerTest" classname="App.Tests.Project.BlackJackPlayerTest" file="/home/mita23/dbwebb-kurser/mvc/me/report/tests/Project/BlackJackPlayerTest.php" line="291" assertions="1" time="0.001438"/>
          <testcase name="testGetScore with data set &quot;multiple aces&quot;" class="App\Tests\Project\BlackJackPlayerTest" classname="App.Tests.Project.BlackJackPlayerTest" file="/home/mita23/dbwebb-kurser/mvc/me/report/tests/Project/BlackJackPlayerTest.php" line="291" assertions="1" time="0.001499"/>
          <testcase name="testGetScore with data set &quot;bust&quot;" class="App\Tests\Project\BlackJackPlayerTest" classname="App.Tests.Project.BlackJackPlayerTest" file="/home/mita23/dbwebb-kurser/mvc/me/report/tests/Project/BlackJackPlayerTest.php" line="291" assertions="1" time="0.001428"/>
        </testsuite>
        <testcase name="testClearHands" class="App\Tests\Project\BlackJackPlayerTest" classname="App.Tests.Project.BlackJackPlayerTest" file="/home/mita23/dbwebb-kurser/mvc/me/report/tests/Project/BlackJackPlayerTest.php" line="330" assertions="7" time="0.001682"/>
        <testcase name="testInitializeNewHand" class="App\Tests\Project\BlackJackPlayerTest" classname="App.Tests.Project.BlackJackPlayerTest" file="/home/mita23/dbwebb-kurser/mvc/me/report/tests/Project/BlackJackPlayerTest.php" line="353" assertions="6" time="0.001929"/>
        <testcase name="testIsBlackjack" class="App\Tests\Project\BlackJackPlayerTest" classname="App.Tests.Project.BlackJackPlayerTest" file="/home/mita23/dbwebb-kurser/mvc/me/report/tests/Project/BlackJackPlayerTest.php" line="371" assertions="5" time="0.001769"/>
        <testcase name="testGetAndSetHandState" class="App\Tests\Project\BlackJackPlayerTest" classname="App.Tests.Project.BlackJackPlayerTest" file="/home/mita23/dbwebb-kurser/mvc/me/report/tests/Project/BlackJackPlayerTest.php" line="398" assertions="7" time="0.001578"/>
        <testcase name="testStand" class="App\Tests\Project\BlackJackPlayerTest" classname="App.Tests.Project.BlackJackPlayerTest" file="/home/mita23/dbwebb-kurser/mvc/me/report/tests/Project/BlackJackPlayerTest.php" line="423" assertions="1" time="0.001308"/>
        <testcase name="testBust" class="App\Tests\Project\BlackJackPlayerTest" classname="App.Tests.Project.BlackJackPlayerTest" file="/home/mita23/dbwebb-kurser/mvc/me/report/tests/Project/BlackJackPlayerTest.php" line="434" assertions="1" time="0.001252"/>
        <testcase name="testIsHandActive" class="App\Tests\Project\BlackJackPlayerTest" classname="App.Tests.Project.BlackJackPlayerTest" file="/home/mita23/dbwebb-kurser/mvc/me/report/tests/Project/BlackJackPlayerTest.php" line="445" assertions="5" time="0.001427"/>
        <testcase name="testSetHands" class="App\Tests\Project\BlackJackPlayerTest" classname="App.Tests.Project.BlackJackPlayerTest" file="/home/mita23/dbwebb-kurser/mvc/me/report/tests/Project/BlackJackPlayerTest.php" line="467" assertions="1" time="0.001319"/>
        <testcase name="testSetAllHandStates" class="App\Tests\Project\BlackJackPlayerTest" classname="App.Tests.Project.BlackJackPlayerTest" file="/home/mita23/dbwebb-kurser/mvc/me/report/tests/Project/BlackJackPlayerTest.php" line="483" assertions="2" time="0.001277"/>
        <testcase name="testGetCardValuePrivate" class="App\Tests\Project\BlackJackPlayerTest" classname="App.Tests.Project.BlackJackPlayerTest" file="/home/mita23/dbwebb-kurser/mvc/me/report/tests/Project/BlackJackPlayerTest.php" line="514" assertions="7" time="0.001756"/>
        <testcase name="testSplitHand" class="App\Tests\Project\BlackJackPlayerTest" classname="App.Tests.Project.BlackJackPlayerTest" file="/home/mita23/dbwebb-kurser/mvc/me/report/tests/Project/BlackJackPlayerTest.php" line="532" assertions="16" time="0.005600"/>
      </testsuite>
      <testsuite name="App\Tests\Project\ConstructorTest" file="/home/mita23/dbwebb-kurser/mvc/me/report/tests/Project/BlackJackTest/ConstructTest.php" tests="2" assertions="14" errors="0" warnings="0" failures="0" skipped="0" time="0.125271">
        <testcase name="testConstructor" class="App\Tests\Project\ConstructorTest" classname="App.Tests.Project.ConstructorTest" file="/home/mita23/dbwebb-kurser/mvc/me/report/tests/Project/BlackJackTest/ConstructTest.php" line="56" assertions="9" time="0.119914"/>
        <testcase name="testConstructorPlayerExists" class="App\Tests\Project\ConstructorTest" classname="App.Tests.Project.ConstructorTest" file="/home/mita23/dbwebb-kurser/mvc/me/report/tests/Project/BlackJackTest/ConstructTest.php" line="80" assertions="5" time="0.005357"/>
      </testsuite>
      <testsuite name="App\Tests\Project\DoubleDownTest" file="/home/mita23/dbwebb-kurser/mvc/me/report/tests/Project/BlackJackTest/DoubleDownTest.php" tests="5" assertions="15" errors="0" warnings="0" failures="0" skipped="0" time="0.081236">
        <testcase name="testDoubleDownInsufficientFunds" class="App\Tests\Project\DoubleDownTest" classname="App.Tests.Project.DoubleDownTest" file="/home/mita23/dbwebb-kurser/mvc/me/report/tests/Project/BlackJackTest/DoubleDownTest.php" line="69" assertions="5" time="0.014295"/>
        <testcase name="testDoubleDownInvalidHandCardCount" class="App\Tests\Project\DoubleDownTest" classname="App.Tests.Project.DoubleDownTest" file="/home/mita23/dbwebb-kurser/mvc/me/report/tests/Project/BlackJackTest/DoubleDownTest.php" line="105" assertions="2" time="0.008291"/>
        <testcase name="testDoubleDownInvalidGameOrHandState" class="App\Tests\Project\DoubleDownTest" classname="App.Tests.Project.DoubleDownTest" file="/home/mita23/dbwebb-kurser/mvc/me/report/tests/Project/BlackJackTest/DoubleDownTest.php" line="138" assertions="4" time="0.008262"/>
        <testcase name="testDoubleDownDrawAndFinish" class="App\Tests\Project\DoubleDownTest" classname="App.Tests.Project.DoubleDownTest" file="/home/mita23/dbwebb-kurser/mvc/me/report/tests/Project/BlackJackTest/DoubleDownTest.php" line="170" assertions="2" time="0.029644"/>
        <testcase name="testDoubleDownCausesBust" class="App\Tests\Project\DoubleDownTest" classname="App.Tests.Project.DoubleDownTest" file="/home/mita23/dbwebb-kurser/mvc/me/report/tests/Project/BlackJackTest/DoubleDownTest.php" line="205" assertions="2" time="0.020744"/>
      </testsuite>
      <testsuite name="App\Tests\Project\GetStateTest" file="/home/mita23/dbwebb-kurser/mvc/me/report/tests/Project/BlackJackTest/GetStateTest.php" tests="2" assertions="2" errors="0" warnings="0" failures="0" skipped="0" time="0.029582">
        <testcase name="testGetStateWithNoHandsAndEmptyDeck" class="App\Tests\Project\GetStateTest" classname="App.Tests.Project.GetStateTest" file="/home/mita23/dbwebb-kurser/mvc/me/report/tests/Project/BlackJackTest/GetStateTest.php" line="86" assertions="1" time="0.011156"/>
        <testcase name="testGetStateWithPlayerAndDealerHandsAndDeck" class="App\Tests\Project\GetStateTest" classname="App.Tests.Project.GetStateTest" file="/home/mita23/dbwebb-kurser/mvc/me/report/tests/Project/BlackJackTest/GetStateTest.php" line="120" assertions="1" time="0.018426"/>
      </testsuite>
      <testsuite name="App\Tests\Project\HitTest" file="/home/mita23/dbwebb-kurser/mvc/me/report/tests/Project/BlackJackTest/HitTest.php" tests="5" assertions="27" errors="0" warnings="0" failures="0" skipped="0" time="0.050084">
        <testcase name="testHitSuccessfulAndHandActive" class="App\Tests\Project\HitTest" classname="App.Tests.Project.HitTest" file="/home/mita23/dbwebb-kurser/mvc/me/report/tests/Project/BlackJackTest/HitTest.php" line="84" assertions="12" time="0.010746"/>
        <testcase name="testHitReturnsFalseOnInvalidPreconditions" class="App\Tests\Project\HitTest" classname="App.Tests.Project.HitTest" file="/home/mita23/dbwebb-kurser/mvc/me/report/tests/Project/BlackJackTest/HitTest.php" line="138" assertions="6" time="0.008732"/>
        <testcase name="testHitReturnsFalseOnDeckDrawFailure" class="App\Tests\Project\HitTest" classname="App.Tests.Project.HitTest" file="/home/mita23/dbwebb-kurser/mvc/me/report/tests/Project/BlackJackTest/HitTest.php" line="181" assertions="5" time="0.008913"/>
        <testcase name="testHitCallsPlayerBustOnScoreExceeds21" class="App\Tests\Project\HitTest" classname="App.Tests.Project.HitTest" file="/home/mita23/dbwebb-kurser/mvc/me/report/tests/Project/BlackJackTest/HitTest.php" line="222" assertions="3" time="0.010765"/>
        <testcase name="testPlayerBustsAndBustMethodIsCalled" class="App\Tests\Project\HitTest" classname="App.Tests.Project.HitTest" file="/home/mita23/dbwebb-kurser/mvc/me/report/tests/Project/BlackJackTest/HitTest.php" line="259" assertions="1" time="0.010929"/>
      </testsuite>
      <testsuite name="App\Tests\Project\ResetTest" file="/home/mita23/dbwebb-kurser/mvc/me/report/tests/Project/BlackJackTest/ResetTest.php" tests="1" assertions="13" errors="0" warnings="0" failures="0" skipped="0" time="0.006184">
        <testcase name="testReset" class="App\Tests\Project\ResetTest" classname="App.Tests.Project.ResetTest" file="/home/mita23/dbwebb-kurser/mvc/me/report/tests/Project/BlackJackTest/ResetTest.php" line="56" assertions="13" time="0.006184"/>
      </testsuite>
      <testsuite name="App\Tests\Project\SplitTest" file="/home/mita23/dbwebb-kurser/mvc/me/report/tests/Project/BlackJackTest/SplitTest.php" tests="4" assertions="17" errors="0" warnings="0" failures="0" skipped="0" time="0.034937">
        <testcase name="testSplitInvalidHandOrNotActive" class="App\Tests\Project\SplitTest" classname="App.Tests.Project.SplitTest" file="/home/mita23/dbwebb-kurser/mvc/me/report/tests/Project/BlackJackTest/SplitTest.php" line="66" assertions="4" time="0.008805"/>
        <testcase name="testSplitInsufficientFunds" class="App\Tests\Project\SplitTest" classname="App.Tests.Project.SplitTest" file="/home/mita23/dbwebb-kurser/mvc/me/report/tests/Project/BlackJackTest/SplitTest.php" line="91" assertions="4" time="0.005159"/>
        <testcase name="testSplitHandNotSplittable" class="App\Tests\Project\SplitTest" classname="App.Tests.Project.SplitTest" file="/home/mita23/dbwebb-kurser/mvc/me/report/tests/Project/BlackJackTest/SplitTest.php" line="132" assertions="6" time="0.009260"/>
        <testcase name="testSplitScenarios" class="App\Tests\Project\SplitTest" classname="App.Tests.Project.SplitTest" file="/home/mita23/dbwebb-kurser/mvc/me/report/tests/Project/BlackJackTest/SplitTest.php" line="184" assertions="3" time="0.011713"/>
      </testsuite>
      <testsuite name="App\Tests\Project\StandTest" file="/home/mita23/dbwebb-kurser/mvc/me/report/tests/Project/BlackJackTest/StandTest.php" tests="2" assertions="2" errors="0" warnings="0" failures="0" skipped="0" time="0.018516">
        <testcase name="testStand" class="App\Tests\Project\StandTest" classname="App.Tests.Project.StandTest" file="/home/mita23/dbwebb-kurser/mvc/me/report/tests/Project/BlackJackTest/StandTest.php" line="69" assertions="1" time="0.010401"/>
        <testcase name="testStandReturnsEarlyWhenConditionsNotMet" class="App\Tests\Project\StandTest" classname="App.Tests.Project.StandTest" file="/home/mita23/dbwebb-kurser/mvc/me/report/tests/Project/BlackJackTest/StandTest.php" line="91" assertions="1" time="0.008115"/>
      </testsuite>
      <testsuite name="App\Tests\Project\StartGameTest" file="/home/mita23/dbwebb-kurser/mvc/me/report/tests/Project/BlackJackTest/StartGameTest.php" tests="7" assertions="16" errors="0" warnings="0" failures="0" skipped="0" time="0.082097">
        <testcase name="testStartGameInvalidNumHands" class="App\Tests\Project\StartGameTest" classname="App.Tests.Project.StartGameTest" file="/home/mita23/dbwebb-kurser/mvc/me/report/tests/Project/BlackJackTest/StartGameTest.php" line="76" assertions="3" time="0.005332"/>
        <testcase name="testStartGameInsufficientFunds" class="App\Tests\Project\StartGameTest" classname="App.Tests.Project.StartGameTest" file="/home/mita23/dbwebb-kurser/mvc/me/report/tests/Project/BlackJackTest/StartGameTest.php" line="97" assertions="3" time="0.005344"/>
        <testcase name="testStartGameFailsWhenPlaceBetFails" class="App\Tests\Project\StartGameTest" classname="App.Tests.Project.StartGameTest" file="/home/mita23/dbwebb-kurser/mvc/me/report/tests/Project/BlackJackTest/StartGameTest.php" line="116" assertions="1" time="0.009406"/>
        <testcase name="testStartGameFailsWhenSecondCardIsNull" class="App\Tests\Project\StartGameTest" classname="App.Tests.Project.StartGameTest" file="/home/mita23/dbwebb-kurser/mvc/me/report/tests/Project/BlackJackTest/StartGameTest.php" line="128" assertions="2" time="0.022606"/>
        <testcase name="testStartGameFailsWhenDealerSecondCardIsNull" class="App\Tests\Project\StartGameTest" classname="App.Tests.Project.StartGameTest" file="/home/mita23/dbwebb-kurser/mvc/me/report/tests/Project/BlackJackTest/StartGameTest.php" line="165" assertions="2" time="0.017613"/>
        <testcase name="testDealerGetsBlackjack" class="App\Tests\Project\StartGameTest" classname="App.Tests.Project.StartGameTest" file="/home/mita23/dbwebb-kurser/mvc/me/report/tests/Project/BlackJackTest/StartGameTest.php" line="207" assertions="3" time="0.010301"/>
        <testcase name="testUpdateHandStateAfterActionCallsBustAndSetHandState" class="App\Tests\Project\StartGameTest" classname="App.Tests.Project.StartGameTest" file="/home/mita23/dbwebb-kurser/mvc/me/report/tests/Project/BlackJackTest/StartGameTest.php" line="251" assertions="2" time="0.011495"/>
      </testsuite>
      <testsuite name="App\Tests\Repository\BookRepositoryTest" file="/home/mita23/dbwebb-kurser/mvc/me/report/tests/Repository/BookRepositoryTest.php" tests="1" assertions="1" errors="0" warnings="0" failures="0" skipped="0" time="0.391602">
        <testcase name="testConstructor" class="App\Tests\Repository\BookRepositoryTest" classname="App.Tests.Repository.BookRepositoryTest" file="/home/mita23/dbwebb-kurser/mvc/me/report/tests/Repository/BookRepositoryTest.php" line="35" assertions="1" time="0.391602"/>
      </testsuite>
      <testsuite name="App\Tests\Repository\CardStatRepositoryTest" file="/home/mita23/dbwebb-kurser/mvc/me/report/tests/Repository/CardStatRepositoryTest.php" tests="1" assertions="2" errors="0" warnings="0" failures="0" skipped="0" time="0.010171">
        <testcase name="testConstruct" class="App\Tests\Repository\CardStatRepositoryTest" classname="App.Tests.Repository.CardStatRepositoryTest" file="/home/mita23/dbwebb-kurser/mvc/me/report/tests/Repository/CardStatRepositoryTest.php" line="54" assertions="2" time="0.010171"/>
      </testsuite>
      <testsuite name="App\Tests\Repository\GameSessionRepositoryTest" file="/home/mita23/dbwebb-kurser/mvc/me/report/tests/Repository/GameSessionRepositoryTest.php" tests="1" assertions="2" errors="0" warnings="0" failures="0" skipped="0" time="0.004171">
        <testcase name="testConstruct" class="App\Tests\Repository\GameSessionRepositoryTest" classname="App.Tests.Repository.GameSessionRepositoryTest" file="/home/mita23/dbwebb-kurser/mvc/me/report/tests/Repository/GameSessionRepositoryTest.php" line="54" assertions="2" time="0.004171"/>
      </testsuite>
      <testsuite name="App\Tests\Repository\PlayerRepositoryTest" file="/home/mita23/dbwebb-kurser/mvc/me/report/tests/Repository/PlayerReposityoryTest.php" tests="1" assertions="2" errors="0" warnings="0" failures="0" skipped="0" time="0.014947">
        <testcase name="testConstruct" class="App\Tests\Repository\PlayerRepositoryTest" classname="App.Tests.Repository.PlayerRepositoryTest" file="/home/mita23/dbwebb-kurser/mvc/me/report/tests/Repository/PlayerReposityoryTest.php" line="52" assertions="2" time="0.014947"/>
      </testsuite>
      <testsuite name="App\Tests\Repository\ProductRepositoryTest" file="/home/mita23/dbwebb-kurser/mvc/me/report/tests/Repository/ProductRepositoryTest.php" tests="2" assertions="6" errors="0" warnings="0" failures="0" skipped="0" time="0.667083">
        <testcase name="testFindByMinimumValue" class="App\Tests\Repository\ProductRepositoryTest" classname="App.Tests.Repository.ProductRepositoryTest" file="/home/mita23/dbwebb-kurser/mvc/me/report/tests/Repository/ProductRepositoryTest.php" line="52" assertions="3" time="0.628948"/>
        <testcase name="testFindByMinimumValue2" class="App\Tests\Repository\ProductRepositoryTest" classname="App.Tests.Repository.ProductRepositoryTest" file="/home/mita23/dbwebb-kurser/mvc/me/report/tests/Repository/ProductRepositoryTest.php" line="63" assertions="3" time="0.038135"/>
      </testsuite>
    </testsuite>
  </testsuite>
</testsuites>
