<?xml version="1.0" encoding="UTF-8"?>
<testsuites>
  <testsuite name="" tests="98" assertions="368" errors="0" warnings="0" failures="0" skipped="0" time="24.556665">
    <testsuite name="Project Test Suite" tests="98" assertions="368" errors="0" warnings="0" failures="0" skipped="0" time="24.556665">
      <testsuite name="App\Card\CardGraphicTest" file="/home/mita23/dbwebb-kurser/mvc/me/report/tests/Card/CardGraphicTest.php" tests="2" assertions="5" errors="0" warnings="0" failures="0" skipped="0" time="0.083484">
        <testcase name="testGetAsString" class="App\Card\CardGraphicTest" classname="App.Card.CardGraphicTest" file="/home/mita23/dbwebb-kurser/mvc/me/report/tests/Card/CardGraphicTest.php" line="15" assertions="4" time="0.033579"/>
        <testcase name="testGetAsStringInvalidSuit" class="App\Card\CardGraphicTest" classname="App.Card.CardGraphicTest" file="/home/mita23/dbwebb-kurser/mvc/me/report/tests/Card/CardGraphicTest.php" line="33" assertions="1" time="0.049905"/>
      </testsuite>
      <testsuite name="App\Tests\Card\CardHandTest" file="/home/mita23/dbwebb-kurser/mvc/me/report/tests/Card/CardHandTest.php" tests="1" assertions="5" errors="0" warnings="0" failures="0" skipped="0" time="0.006199">
        <testcase name="testAddGetClearCards" class="App\Tests\Card\CardHandTest" classname="App.Tests.Card.CardHandTest" file="/home/mita23/dbwebb-kurser/mvc/me/report/tests/Card/CardHandTest.php" line="17" assertions="5" time="0.006199"/>
      </testsuite>
      <testsuite name="App\Card\CardTest" file="/home/mita23/dbwebb-kurser/mvc/me/report/tests/Card/CardTest.php" tests="4" assertions="14" errors="0" warnings="0" failures="0" skipped="0" time="0.010888">
        <testcase name="testCreateCard" class="App\Card\CardTest" classname="App.Card.CardTest" file="/home/mita23/dbwebb-kurser/mvc/me/report/tests/Card/CardTest.php" line="15" assertions="4" time="0.002646"/>
        <testcase name="testDifferentSuitsAndValues" class="App\Card\CardTest" classname="App.Card.CardTest" file="/home/mita23/dbwebb-kurser/mvc/me/report/tests/Card/CardTest.php" line="27" assertions="6" time="0.001755"/>
        <testcase name="testInvalidSuit" class="App\Card\CardTest" classname="App.Card.CardTest" file="/home/mita23/dbwebb-kurser/mvc/me/report/tests/Card/CardTest.php" line="43" assertions="2" time="0.005499"/>
        <testcase name="testInvalidValue" class="App\Card\CardTest" classname="App.Card.CardTest" file="/home/mita23/dbwebb-kurser/mvc/me/report/tests/Card/CardTest.php" line="53" assertions="2" time="0.000988"/>
      </testsuite>
      <testsuite name="App\Card\DeckOfCardsTest" file="/home/mita23/dbwebb-kurser/mvc/me/report/tests/Card/DeckOfCardsTest.php" tests="6" assertions="25" errors="0" warnings="0" failures="0" skipped="0" time="0.074073">
        <testcase name="testConstructAndGetCards" class="App\Card\DeckOfCardsTest" classname="App.Card.DeckOfCardsTest" file="/home/mita23/dbwebb-kurser/mvc/me/report/tests/Card/DeckOfCardsTest.php" line="15" assertions="5" time="0.004366"/>
        <testcase name="testShuffle" class="App\Card\DeckOfCardsTest" classname="App.Card.DeckOfCardsTest" file="/home/mita23/dbwebb-kurser/mvc/me/report/tests/Card/DeckOfCardsTest.php" line="30" assertions="2" time="0.049484"/>
        <testcase name="testDraw" class="App\Card\DeckOfCardsTest" classname="App.Card.DeckOfCardsTest" file="/home/mita23/dbwebb-kurser/mvc/me/report/tests/Card/DeckOfCardsTest.php" line="46" assertions="3" time="0.004805"/>
        <testcase name="testDrawMany" class="App\Card\DeckOfCardsTest" classname="App.Card.DeckOfCardsTest" file="/home/mita23/dbwebb-kurser/mvc/me/report/tests/Card/DeckOfCardsTest.php" line="64" assertions="8" time="0.002325"/>
        <testcase name="testSortedCards" class="App\Card\DeckOfCardsTest" classname="App.Card.DeckOfCardsTest" file="/home/mita23/dbwebb-kurser/mvc/me/report/tests/Card/DeckOfCardsTest.php" line="83" assertions="4" time="0.011227"/>
        <testcase name="testCount" class="App\Card\DeckOfCardsTest" classname="App.Card.DeckOfCardsTest" file="/home/mita23/dbwebb-kurser/mvc/me/report/tests/Card/DeckOfCardsTest.php" line="100" assertions="3" time="0.001865"/>
      </testsuite>
      <testsuite name="App\Dice\DiceGraphicTest" file="/home/mita23/dbwebb-kurser/mvc/me/report/tests/Dice/DiceGraphicTest.php" tests="3" assertions="13" errors="0" warnings="0" failures="0" skipped="0" time="0.016060">
        <testcase name="testCreateDiceGraphic" class="App\Dice\DiceGraphicTest" classname="App.Dice.DiceGraphicTest" file="/home/mita23/dbwebb-kurser/mvc/me/report/tests/Dice/DiceGraphicTest.php" line="15" assertions="3" time="0.003074"/>
        <testcase name="testRollAndGetAsString" class="App\Dice\DiceGraphicTest" classname="App.Dice.DiceGraphicTest" file="/home/mita23/dbwebb-kurser/mvc/me/report/tests/Dice/DiceGraphicTest.php" line="27" assertions="5" time="0.010634"/>
        <testcase name="testGetAsStringInvalidValue" class="App\Dice\DiceGraphicTest" classname="App.Dice.DiceGraphicTest" file="/home/mita23/dbwebb-kurser/mvc/me/report/tests/Dice/DiceGraphicTest.php" line="43" assertions="5" time="0.002352"/>
      </testsuite>
      <testsuite name="App\Dice\DiceHandTest" file="/home/mita23/dbwebb-kurser/mvc/me/report/tests/Dice/DiceHandTest.php" tests="3" assertions="8" errors="0" warnings="0" failures="0" skipped="0" time="0.016795">
        <testcase name="testGetNumberDices" class="App\Dice\DiceHandTest" classname="App.Dice.DiceHandTest" file="/home/mita23/dbwebb-kurser/mvc/me/report/tests/Dice/DiceHandTest.php" line="15" assertions="2" time="0.002911"/>
        <testcase name="testRoll" class="App\Dice\DiceHandTest" classname="App.Dice.DiceHandTest" file="/home/mita23/dbwebb-kurser/mvc/me/report/tests/Dice/DiceHandTest.php" line="28" assertions="4" time="0.012481"/>
        <testcase name="testGetString" class="App\Dice\DiceHandTest" classname="App.Dice.DiceHandTest" file="/home/mita23/dbwebb-kurser/mvc/me/report/tests/Dice/DiceHandTest.php" line="44" assertions="2" time="0.001403"/>
      </testsuite>
      <testsuite name="App\Dice\DiceTest" file="/home/mita23/dbwebb-kurser/mvc/me/report/tests/Dice/DiceTest.php" tests="3" assertions="9" errors="0" warnings="0" failures="0" skipped="0" time="0.004136">
        <testcase name="testCreateDice" class="App\Dice\DiceTest" classname="App.Dice.DiceTest" file="/home/mita23/dbwebb-kurser/mvc/me/report/tests/Dice/DiceTest.php" line="16" assertions="2" time="0.000962"/>
        <testcase name="testRoll" class="App\Dice\DiceTest" classname="App.Dice.DiceTest" file="/home/mita23/dbwebb-kurser/mvc/me/report/tests/Dice/DiceTest.php" line="28" assertions="5" time="0.001652"/>
        <testcase name="testGetValues" class="App\Dice\DiceTest" classname="App.Dice.DiceTest" file="/home/mita23/dbwebb-kurser/mvc/me/report/tests/Dice/DiceTest.php" line="41" assertions="2" time="0.001522"/>
      </testsuite>
      <testsuite name="App\Tests\Game\CardGameGraphicTest" file="/home/mita23/dbwebb-kurser/mvc/me/report/tests/Game/CardGameGraphicTest.php" tests="5" assertions="15" errors="0" warnings="0" failures="0" skipped="0" time="0.012143">
        <testcase name="testCreateCard" class="App\Tests\Game\CardGameGraphicTest" classname="App.Tests.Game.CardGameGraphicTest" file="/home/mita23/dbwebb-kurser/mvc/me/report/tests/Game/CardGameGraphicTest.php" line="16" assertions="3" time="0.007393"/>
        <testcase name="testGraphicCardToString" class="App\Tests\Game\CardGameGraphicTest" classname="App.Tests.Game.CardGameGraphicTest" file="/home/mita23/dbwebb-kurser/mvc/me/report/tests/Game/CardGameGraphicTest.php" line="27" assertions="2" time="0.001318"/>
        <testcase name="testToStringAllSuits" class="App\Tests\Game\CardGameGraphicTest" classname="App.Tests.Game.CardGameGraphicTest" file="/home/mita23/dbwebb-kurser/mvc/me/report/tests/Game/CardGameGraphicTest.php" line="39" assertions="4" time="0.001151"/>
        <testcase name="testGetAsString" class="App\Tests\Game\CardGameGraphicTest" classname="App.Tests.Game.CardGameGraphicTest" file="/home/mita23/dbwebb-kurser/mvc/me/report/tests/Game/CardGameGraphicTest.php" line="57" assertions="1" time="0.001002"/>
        <testcase name="testGetSuitUnicode" class="App\Tests\Game\CardGameGraphicTest" classname="App.Tests.Game.CardGameGraphicTest" file="/home/mita23/dbwebb-kurser/mvc/me/report/tests/Game/CardGameGraphicTest.php" line="66" assertions="5" time="0.001279"/>
      </testsuite>
      <testsuite name="App\Tests\Game\CardGameTest" file="/home/mita23/dbwebb-kurser/mvc/me/report/tests/Game/CardGameTest.php" tests="4" assertions="8" errors="0" warnings="0" failures="0" skipped="0" time="0.004471">
        <testcase name="testCreateCard" class="App\Tests\Game\CardGameTest" classname="App.Tests.Game.CardGameTest" file="/home/mita23/dbwebb-kurser/mvc/me/report/tests/Game/CardGameTest.php" line="16" assertions="3" time="0.001144"/>
        <testcase name="testToString" class="App\Tests\Game\CardGameTest" classname="App.Tests.Game.CardGameTest" file="/home/mita23/dbwebb-kurser/mvc/me/report/tests/Game/CardGameTest.php" line="27" assertions="1" time="0.001408"/>
        <testcase name="testNumericValue" class="App\Tests\Game\CardGameTest" classname="App.Tests.Game.CardGameTest" file="/home/mita23/dbwebb-kurser/mvc/me/report/tests/Game/CardGameTest.php" line="36" assertions="3" time="0.001023"/>
        <testcase name="testGetAsString" class="App\Tests\Game\CardGameTest" classname="App.Tests.Game.CardGameTest" file="/home/mita23/dbwebb-kurser/mvc/me/report/tests/Game/CardGameTest.php" line="51" assertions="1" time="0.000897"/>
      </testsuite>
      <testsuite name="App\Tests\Game\DeckOfCardsGameTest" file="/home/mita23/dbwebb-kurser/mvc/me/report/tests/Game/DeckOfCardsGameTest.php" tests="7" assertions="13" errors="0" warnings="0" failures="0" skipped="0" time="0.084622">
        <testcase name="testDeckHas52CardsInitially" class="App\Tests\Game\DeckOfCardsGameTest" classname="App.Tests.Game.DeckOfCardsGameTest" file="/home/mita23/dbwebb-kurser/mvc/me/report/tests/Game/DeckOfCardsGameTest.php" line="16" assertions="1" time="0.027776"/>
        <testcase name="testShuffleDeck" class="App\Tests\Game\DeckOfCardsGameTest" classname="App.Tests.Game.DeckOfCardsGameTest" file="/home/mita23/dbwebb-kurser/mvc/me/report/tests/Game/DeckOfCardsGameTest.php" line="25" assertions="2" time="0.042342"/>
        <testcase name="testDrawOneCard" class="App\Tests\Game\DeckOfCardsGameTest" classname="App.Tests.Game.DeckOfCardsGameTest" file="/home/mita23/dbwebb-kurser/mvc/me/report/tests/Game/DeckOfCardsGameTest.php" line="38" assertions="2" time="0.001749"/>
        <testcase name="testDrawManyCards" class="App\Tests\Game\DeckOfCardsGameTest" classname="App.Tests.Game.DeckOfCardsGameTest" file="/home/mita23/dbwebb-kurser/mvc/me/report/tests/Game/DeckOfCardsGameTest.php" line="49" assertions="2" time="0.001715"/>
        <testcase name="testSortedCards" class="App\Tests\Game\DeckOfCardsGameTest" classname="App.Tests.Game.DeckOfCardsGameTest" file="/home/mita23/dbwebb-kurser/mvc/me/report/tests/Game/DeckOfCardsGameTest.php" line="60" assertions="2" time="0.006980"/>
        <testcase name="testDrawWhenDeckIsEmpty" class="App\Tests\Game\DeckOfCardsGameTest" classname="App.Tests.Game.DeckOfCardsGameTest" file="/home/mita23/dbwebb-kurser/mvc/me/report/tests/Game/DeckOfCardsGameTest.php" line="71" assertions="1" time="0.002631"/>
        <testcase name="testCount" class="App\Tests\Game\DeckOfCardsGameTest" classname="App.Tests.Game.DeckOfCardsGameTest" file="/home/mita23/dbwebb-kurser/mvc/me/report/tests/Game/DeckOfCardsGameTest.php" line="83" assertions="3" time="0.001430"/>
      </testsuite>
      <testsuite name="App\Tests\Game\GameTest" file="/home/mita23/dbwebb-kurser/mvc/me/report/tests/Game/GameTest.php" tests="9" assertions="11" errors="0" warnings="0" failures="0" skipped="0" time="0.036687">
        <testcase name="testGameStarts" class="App\Tests\Game\GameTest" classname="App.Tests.Game.GameTest" file="/home/mita23/dbwebb-kurser/mvc/me/report/tests/Game/GameTest.php" line="19" assertions="1" time="0.006679"/>
        <testcase name="testPlayerHit" class="App\Tests\Game\GameTest" classname="App.Tests.Game.GameTest" file="/home/mita23/dbwebb-kurser/mvc/me/report/tests/Game/GameTest.php" line="29" assertions="1" time="0.003436"/>
        <testcase name="testGameStand" class="App\Tests\Game\GameTest" classname="App.Tests.Game.GameTest" file="/home/mita23/dbwebb-kurser/mvc/me/report/tests/Game/GameTest.php" line="41" assertions="1" time="0.010515"/>
        <testcase name="testGetDealerReturnsDealerInstance" class="App\Tests\Game\GameTest" classname="App.Tests.Game.GameTest" file="/home/mita23/dbwebb-kurser/mvc/me/report/tests/Game/GameTest.php" line="56" assertions="1" time="0.002733"/>
        <testcase name="testGetDeckReturnsDeckInstance" class="App\Tests\Game\GameTest" classname="App.Tests.Game.GameTest" file="/home/mita23/dbwebb-kurser/mvc/me/report/tests/Game/GameTest.php" line="65" assertions="1" time="0.002526"/>
        <testcase name="testHitWhenGameNotOngoing" class="App\Tests\Game\GameTest" classname="App.Tests.Game.GameTest" file="/home/mita23/dbwebb-kurser/mvc/me/report/tests/Game/GameTest.php" line="74" assertions="1" time="0.001740"/>
        <testcase name="testStandWhenGameNotOngoing" class="App\Tests\Game\GameTest" classname="App.Tests.Game.GameTest" file="/home/mita23/dbwebb-kurser/mvc/me/report/tests/Game/GameTest.php" line="85" assertions="1" time="0.003659"/>
        <testcase name="testPlayerBustOnHit" class="App\Tests\Game\GameTest" classname="App.Tests.Game.GameTest" file="/home/mita23/dbwebb-kurser/mvc/me/report/tests/Game/GameTest.php" line="95" assertions="1" time="0.002521"/>
        <testcase name="testDealerDrawsCardsBelow17" class="App\Tests\Game\GameTest" classname="App.Tests.Game.GameTest" file="/home/mita23/dbwebb-kurser/mvc/me/report/tests/Game/GameTest.php" line="110" assertions="3" time="0.002879"/>
      </testsuite>
      <testsuite name="App\Tests\Game\PlayerTest" file="/home/mita23/dbwebb-kurser/mvc/me/report/tests/Game/PlayerTest.php" tests="4" assertions="4" errors="0" warnings="0" failures="0" skipped="0" time="0.006466">
        <testcase name="testCreatePlayer" class="App\Tests\Game\PlayerTest" classname="App.Tests.Game.PlayerTest" file="/home/mita23/dbwebb-kurser/mvc/me/report/tests/Game/PlayerTest.php" line="17" assertions="1" time="0.001408"/>
        <testcase name="testAddCardAndGetScore" class="App\Tests\Game\PlayerTest" classname="App.Tests.Game.PlayerTest" file="/home/mita23/dbwebb-kurser/mvc/me/report/tests/Game/PlayerTest.php" line="26" assertions="1" time="0.001700"/>
        <testcase name="testClearHand" class="App\Tests\Game\PlayerTest" classname="App.Tests.Game.PlayerTest" file="/home/mita23/dbwebb-kurser/mvc/me/report/tests/Game/PlayerTest.php" line="37" assertions="1" time="0.000924"/>
        <testcase name="testAceCountedAsOneWhenNeeded" class="App\Tests\Game\PlayerTest" classname="App.Tests.Game.PlayerTest" file="/home/mita23/dbwebb-kurser/mvc/me/report/tests/Game/PlayerTest.php" line="48" assertions="1" time="0.002434"/>
      </testsuite>
      <testsuite name="App\Project\BlackJackDeckTest" file="/home/mita23/dbwebb-kurser/mvc/me/report/tests/Project/BlackJackDeckTest.php" tests="8" assertions="90" errors="0" warnings="0" failures="0" skipped="0" time="0.122454">
        <testcase name="testConstructorCreatesFullDeck" class="App\Project\BlackJackDeckTest" classname="App.Project.BlackJackDeckTest" file="/home/mita23/dbwebb-kurser/mvc/me/report/tests/Project/BlackJackDeckTest.php" line="15" assertions="59" time="0.017851"/>
        <testcase name="testGetCardsReturnsAllCards" class="App\Project\BlackJackDeckTest" classname="App.Project.BlackJackDeckTest" file="/home/mita23/dbwebb-kurser/mvc/me/report/tests/Project/BlackJackDeckTest.php" line="51" assertions="1" time="0.009432"/>
        <testcase name="testShuffleChangesCardOrder" class="App\Project\BlackJackDeckTest" classname="App.Project.BlackJackDeckTest" file="/home/mita23/dbwebb-kurser/mvc/me/report/tests/Project/BlackJackDeckTest.php" line="61" assertions="4" time="0.081306"/>
        <testcase name="testDrawRemovesCardFromDeck" class="App\Project\BlackJackDeckTest" classname="App.Project.BlackJackDeckTest" file="/home/mita23/dbwebb-kurser/mvc/me/report/tests/Project/BlackJackDeckTest.php" line="83" assertions="4" time="0.003343"/>
        <testcase name="testSetCardsWithBlackJackGraphicObjects" class="App\Project\BlackJackDeckTest" classname="App.Project.BlackJackDeckTest" file="/home/mita23/dbwebb-kurser/mvc/me/report/tests/Project/BlackJackDeckTest.php" line="105" assertions="4" time="0.002628"/>
        <testcase name="testSetCardsWithArrayData" class="App\Project\BlackJackDeckTest" classname="App.Project.BlackJackDeckTest" file="/home/mita23/dbwebb-kurser/mvc/me/report/tests/Project/BlackJackDeckTest.php" line="123" assertions="10" time="0.002898"/>
        <testcase name="testSetCardsWithMixedData" class="App\Project\BlackJackDeckTest" classname="App.Project.BlackJackDeckTest" file="/home/mita23/dbwebb-kurser/mvc/me/report/tests/Project/BlackJackDeckTest.php" line="152" assertions="6" time="0.003114"/>
        <testcase name="testSetCardsWithEmptyArray" class="App\Project\BlackJackDeckTest" classname="App.Project.BlackJackDeckTest" file="/home/mita23/dbwebb-kurser/mvc/me/report/tests/Project/BlackJackDeckTest.php" line="174" assertions="2" time="0.001882"/>
      </testsuite>
      <testsuite name="App\Project\BlackJackGraphicTest" file="/home/mita23/dbwebb-kurser/mvc/me/report/tests/Project/BlackJackGraphicTest.php" tests="5" assertions="29" errors="0" warnings="0" failures="0" skipped="0" time="0.017938">
        <testcase name="testConstructorAndGetters" class="App\Project\BlackJackGraphicTest" classname="App.Project.BlackJackGraphicTest" file="/home/mita23/dbwebb-kurser/mvc/me/report/tests/Project/BlackJackGraphicTest.php" line="15" assertions="10" time="0.001277"/>
        <testcase name="testDetermineValue" class="App\Project\BlackJackGraphicTest" classname="App.Project.BlackJackGraphicTest" file="/home/mita23/dbwebb-kurser/mvc/me/report/tests/Project/BlackJackGraphicTest.php" line="37" assertions="6" time="0.001175"/>
        <testcase name="testGetSuitUnicode" class="App\Project\BlackJackGraphicTest" classname="App.Project.BlackJackGraphicTest" file="/home/mita23/dbwebb-kurser/mvc/me/report/tests/Project/BlackJackGraphicTest.php" line="61" assertions="5" time="0.002336"/>
        <testcase name="testToString" class="App\Project\BlackJackGraphicTest" classname="App.Project.BlackJackGraphicTest" file="/home/mita23/dbwebb-kurser/mvc/me/report/tests/Project/BlackJackGraphicTest.php" line="82" assertions="2" time="0.000962"/>
        <testcase name="testJsonSerialize" class="App\Project\BlackJackGraphicTest" classname="App.Project.BlackJackGraphicTest" file="/home/mita23/dbwebb-kurser/mvc/me/report/tests/Project/BlackJackGraphicTest.php" line="94" assertions="6" time="0.012189"/>
      </testsuite>
      <testsuite name="App\Tests\Project\ConstructorTest" file="/home/mita23/dbwebb-kurser/mvc/me/report/tests/Project/BlackJackTest/ConstructTest.php" tests="2" assertions="14" errors="0" warnings="0" failures="0" skipped="0" time="0.197568">
        <testcase name="testConstructor" class="App\Tests\Project\ConstructorTest" classname="App.Tests.Project.ConstructorTest" file="/home/mita23/dbwebb-kurser/mvc/me/report/tests/Project/BlackJackTest/ConstructTest.php" line="64" assertions="9" time="0.189448"/>
        <testcase name="testConstructorPlayerExists" class="App\Tests\Project\ConstructorTest" classname="App.Tests.Project.ConstructorTest" file="/home/mita23/dbwebb-kurser/mvc/me/report/tests/Project/BlackJackTest/ConstructTest.php" line="93" assertions="5" time="0.008119"/>
      </testsuite>
      <testsuite name="App\Tests\Project\DoubleDownTest" file="/home/mita23/dbwebb-kurser/mvc/me/report/tests/Project/BlackJackTest/DoubleDownTest.php" tests="5" assertions="15" errors="0" warnings="0" failures="0" skipped="0" time="0.124658">
        <testcase name="testDoubleDownInsufficientFunds" class="App\Tests\Project\DoubleDownTest" classname="App.Tests.Project.DoubleDownTest" file="/home/mita23/dbwebb-kurser/mvc/me/report/tests/Project/BlackJackTest/DoubleDownTest.php" line="78" assertions="5" time="0.019974"/>
        <testcase name="testDoubleDownInvalidHandCardCount" class="App\Tests\Project\DoubleDownTest" classname="App.Tests.Project.DoubleDownTest" file="/home/mita23/dbwebb-kurser/mvc/me/report/tests/Project/BlackJackTest/DoubleDownTest.php" line="122" assertions="2" time="0.010985"/>
        <testcase name="testDoubleDownInvalidGameOrHandState" class="App\Tests\Project\DoubleDownTest" classname="App.Tests.Project.DoubleDownTest" file="/home/mita23/dbwebb-kurser/mvc/me/report/tests/Project/BlackJackTest/DoubleDownTest.php" line="160" assertions="4" time="0.014070"/>
        <testcase name="testDoubleDownDrawAndFinish" class="App\Tests\Project\DoubleDownTest" classname="App.Tests.Project.DoubleDownTest" file="/home/mita23/dbwebb-kurser/mvc/me/report/tests/Project/BlackJackTest/DoubleDownTest.php" line="200" assertions="2" time="0.050857"/>
        <testcase name="testDoubleDownCausesBust" class="App\Tests\Project\DoubleDownTest" classname="App.Tests.Project.DoubleDownTest" file="/home/mita23/dbwebb-kurser/mvc/me/report/tests/Project/BlackJackTest/DoubleDownTest.php" line="242" assertions="2" time="0.028772"/>
      </testsuite>
      <testsuite name="App\Tests\Project\GetStateTest" file="/home/mita23/dbwebb-kurser/mvc/me/report/tests/Project/BlackJackTest/GetStateTest.php" tests="2" assertions="2" errors="0" warnings="0" failures="0" skipped="0" time="0.048537">
        <testcase name="testGetStateWithNoHandsAndEmptyDeck" class="App\Tests\Project\GetStateTest" classname="App.Tests.Project.GetStateTest" file="/home/mita23/dbwebb-kurser/mvc/me/report/tests/Project/BlackJackTest/GetStateTest.php" line="99" assertions="1" time="0.016369"/>
        <testcase name="testGetStateWithPlayerAndDealerHandsAndDeck" class="App\Tests\Project\GetStateTest" classname="App.Tests.Project.GetStateTest" file="/home/mita23/dbwebb-kurser/mvc/me/report/tests/Project/BlackJackTest/GetStateTest.php" line="140" assertions="1" time="0.032168"/>
      </testsuite>
      <testsuite name="App\Tests\Project\HitTest" file="/home/mita23/dbwebb-kurser/mvc/me/report/tests/Project/BlackJackTest/HitTest.php" tests="5" assertions="27" errors="0" warnings="0" failures="0" skipped="0" time="0.111255">
        <testcase name="testHitSuccessfulAndHandActive" class="App\Tests\Project\HitTest" classname="App.Tests.Project.HitTest" file="/home/mita23/dbwebb-kurser/mvc/me/report/tests/Project/BlackJackTest/HitTest.php" line="94" assertions="12" time="0.020122"/>
        <testcase name="testHitReturnsFalseOnInvalidPreconditions" class="App\Tests\Project\HitTest" classname="App.Tests.Project.HitTest" file="/home/mita23/dbwebb-kurser/mvc/me/report/tests/Project/BlackJackTest/HitTest.php" line="166" assertions="6" time="0.039422"/>
        <testcase name="testHitReturnsFalseOnDeckDrawFailure" class="App\Tests\Project\HitTest" classname="App.Tests.Project.HitTest" file="/home/mita23/dbwebb-kurser/mvc/me/report/tests/Project/BlackJackTest/HitTest.php" line="220" assertions="5" time="0.015449"/>
        <testcase name="testHitCallsPlayerBustOnScoreExceeds21" class="App\Tests\Project\HitTest" classname="App.Tests.Project.HitTest" file="/home/mita23/dbwebb-kurser/mvc/me/report/tests/Project/BlackJackTest/HitTest.php" line="276" assertions="3" time="0.012938"/>
        <testcase name="testPlayerBustsAndBustMethodIsCalled" class="App\Tests\Project\HitTest" classname="App.Tests.Project.HitTest" file="/home/mita23/dbwebb-kurser/mvc/me/report/tests/Project/BlackJackTest/HitTest.php" line="326" assertions="1" time="0.023324"/>
      </testsuite>
      <testsuite name="App\Tests\Project\ResetTest" file="/home/mita23/dbwebb-kurser/mvc/me/report/tests/Project/BlackJackTest/ResetTest.php" tests="1" assertions="13" errors="0" warnings="0" failures="0" skipped="0" time="0.006710">
        <testcase name="testReset" class="App\Tests\Project\ResetTest" classname="App.Tests.Project.ResetTest" file="/home/mita23/dbwebb-kurser/mvc/me/report/tests/Project/BlackJackTest/ResetTest.php" line="64" assertions="13" time="0.006710"/>
      </testsuite>
      <testsuite name="App\Tests\Project\SplitTest" file="/home/mita23/dbwebb-kurser/mvc/me/report/tests/Project/BlackJackTest/SplitTest.php" tests="4" assertions="17" errors="0" warnings="0" failures="0" skipped="0" time="0.049791">
        <testcase name="testSplitInvalidHandOrNotActive" class="App\Tests\Project\SplitTest" classname="App.Tests.Project.SplitTest" file="/home/mita23/dbwebb-kurser/mvc/me/report/tests/Project/BlackJackTest/SplitTest.php" line="75" assertions="4" time="0.013290"/>
        <testcase name="testSplitInsufficientFunds" class="App\Tests\Project\SplitTest" classname="App.Tests.Project.SplitTest" file="/home/mita23/dbwebb-kurser/mvc/me/report/tests/Project/BlackJackTest/SplitTest.php" line="106" assertions="4" time="0.005165"/>
        <testcase name="testSplitHandNotSplittable" class="App\Tests\Project\SplitTest" classname="App.Tests.Project.SplitTest" file="/home/mita23/dbwebb-kurser/mvc/me/report/tests/Project/BlackJackTest/SplitTest.php" line="155" assertions="6" time="0.014372"/>
        <testcase name="testSplitScenarios" class="App\Tests\Project\SplitTest" classname="App.Tests.Project.SplitTest" file="/home/mita23/dbwebb-kurser/mvc/me/report/tests/Project/BlackJackTest/SplitTest.php" line="217" assertions="3" time="0.016964"/>
      </testsuite>
      <testsuite name="App\Tests\Project\StandTest" file="/home/mita23/dbwebb-kurser/mvc/me/report/tests/Project/BlackJackTest/StandTest.php" tests="2" assertions="2" errors="0" warnings="0" failures="0" skipped="0" time="0.024822">
        <testcase name="testStand" class="App\Tests\Project\StandTest" classname="App.Tests.Project.StandTest" file="/home/mita23/dbwebb-kurser/mvc/me/report/tests/Project/BlackJackTest/StandTest.php" line="78" assertions="1" time="0.011150"/>
        <testcase name="testStandReturnsEarlyWhenConditionsNotMet" class="App\Tests\Project\StandTest" classname="App.Tests.Project.StandTest" file="/home/mita23/dbwebb-kurser/mvc/me/report/tests/Project/BlackJackTest/StandTest.php" line="106" assertions="1" time="0.013671"/>
      </testsuite>
      <testsuite name="App\Tests\Project\StartGameTest" file="/home/mita23/dbwebb-kurser/mvc/me/report/tests/Project/BlackJackTest/StartGameTest.php" tests="7" assertions="16" errors="0" warnings="0" failures="0" skipped="0" time="0.111481">
        <testcase name="testStartGameInvalidNumHands" class="App\Tests\Project\StartGameTest" classname="App.Tests.Project.StartGameTest" file="/home/mita23/dbwebb-kurser/mvc/me/report/tests/Project/BlackJackTest/StartGameTest.php" line="86" assertions="3" time="0.011229"/>
        <testcase name="testStartGameInsufficientFunds" class="App\Tests\Project\StartGameTest" classname="App.Tests.Project.StartGameTest" file="/home/mita23/dbwebb-kurser/mvc/me/report/tests/Project/BlackJackTest/StartGameTest.php" line="112" assertions="3" time="0.007447"/>
        <testcase name="testStartGameFailsWhenPlaceBetFails" class="App\Tests\Project\StartGameTest" classname="App.Tests.Project.StartGameTest" file="/home/mita23/dbwebb-kurser/mvc/me/report/tests/Project/BlackJackTest/StartGameTest.php" line="137" assertions="1" time="0.014059"/>
        <testcase name="testStartGameFailsWhenSecondCardIsNull" class="App\Tests\Project\StartGameTest" classname="App.Tests.Project.StartGameTest" file="/home/mita23/dbwebb-kurser/mvc/me/report/tests/Project/BlackJackTest/StartGameTest.php" line="152" assertions="2" time="0.020775"/>
        <testcase name="testStartGameFailsWhenDealerSecondCardIsNull" class="App\Tests\Project\StartGameTest" classname="App.Tests.Project.StartGameTest" file="/home/mita23/dbwebb-kurser/mvc/me/report/tests/Project/BlackJackTest/StartGameTest.php" line="198" assertions="2" time="0.027064"/>
        <testcase name="testDealerGetsBlackjack" class="App\Tests\Project\StartGameTest" classname="App.Tests.Project.StartGameTest" file="/home/mita23/dbwebb-kurser/mvc/me/report/tests/Project/BlackJackTest/StartGameTest.php" line="247" assertions="3" time="0.016469"/>
        <testcase name="testUpdateHandStateAfterActionCallsBustAndSetHandState" class="App\Tests\Project\StartGameTest" classname="App.Tests.Project.StartGameTest" file="/home/mita23/dbwebb-kurser/mvc/me/report/tests/Project/BlackJackTest/StartGameTest.php" line="300" assertions="2" time="0.014439"/>
      </testsuite>
      <testsuite name="App\Tests\Repository\BookRepositoryTest" file="/home/mita23/dbwebb-kurser/mvc/me/report/tests/Repository/BookRepositoryTest.php" tests="1" assertions="1" errors="0" warnings="0" failures="0" skipped="0" time="22.836539">
        <testcase name="testConstructor" class="App\Tests\Repository\BookRepositoryTest" classname="App.Tests.Repository.BookRepositoryTest" file="/home/mita23/dbwebb-kurser/mvc/me/report/tests/Repository/BookRepositoryTest.php" line="35" assertions="1" time="22.836539"/>
      </testsuite>
      <testsuite name="App\Tests\Repository\CardStatRepositoryTest" file="/home/mita23/dbwebb-kurser/mvc/me/report/tests/Repository/CardStatRepositoryTest.php" tests="1" assertions="2" errors="0" warnings="0" failures="0" skipped="0" time="0.015875">
        <testcase name="testConstruct" class="App\Tests\Repository\CardStatRepositoryTest" classname="App.Tests.Repository.CardStatRepositoryTest" file="/home/mita23/dbwebb-kurser/mvc/me/report/tests/Repository/CardStatRepositoryTest.php" line="54" assertions="2" time="0.015875"/>
      </testsuite>
      <testsuite name="App\Tests\Repository\GameSessionRepositoryTest" file="/home/mita23/dbwebb-kurser/mvc/me/report/tests/Repository/GameSessionRepositoryTest.php" tests="1" assertions="2" errors="0" warnings="0" failures="0" skipped="0" time="0.004049">
        <testcase name="testConstruct" class="App\Tests\Repository\GameSessionRepositoryTest" classname="App.Tests.Repository.GameSessionRepositoryTest" file="/home/mita23/dbwebb-kurser/mvc/me/report/tests/Repository/GameSessionRepositoryTest.php" line="54" assertions="2" time="0.004049"/>
      </testsuite>
      <testsuite name="App\Tests\Repository\PlayerRepositoryTest" file="/home/mita23/dbwebb-kurser/mvc/me/report/tests/Repository/PlayerReposityoryTest.php" tests="1" assertions="2" errors="0" warnings="0" failures="0" skipped="0" time="0.006056">
        <testcase name="testConstruct" class="App\Tests\Repository\PlayerRepositoryTest" classname="App.Tests.Repository.PlayerRepositoryTest" file="/home/mita23/dbwebb-kurser/mvc/me/report/tests/Repository/PlayerReposityoryTest.php" line="52" assertions="2" time="0.006056"/>
      </testsuite>
      <testsuite name="App\Tests\Repository\ProductRepositoryTest" file="/home/mita23/dbwebb-kurser/mvc/me/report/tests/Repository/ProductRepositoryTest.php" tests="2" assertions="6" errors="0" warnings="0" failures="0" skipped="0" time="0.522907">
        <testcase name="testFindByMinimumValue" class="App\Tests\Repository\ProductRepositoryTest" classname="App.Tests.Repository.ProductRepositoryTest" file="/home/mita23/dbwebb-kurser/mvc/me/report/tests/Repository/ProductRepositoryTest.php" line="52" assertions="3" time="0.475852"/>
        <testcase name="testFindByMinimumValue2" class="App\Tests\Repository\ProductRepositoryTest" classname="App.Tests.Repository.ProductRepositoryTest" file="/home/mita23/dbwebb-kurser/mvc/me/report/tests/Repository/ProductRepositoryTest.php" line="63" assertions="3" time="0.047055"/>
      </testsuite>
    </testsuite>
  </testsuite>
</testsuites>
