<?xml version="1.0" encoding="UTF-8"?>
<testsuites>
  <testsuite name="" tests="139" assertions="498" errors="0" warnings="0" failures="0" skipped="0" time="1.977873">
    <testsuite name="Project Test Suite" tests="139" assertions="498" errors="0" warnings="0" failures="0" skipped="0" time="1.977873">
      <testsuite name="App\Card\CardGraphicTest" file="/home/mita23/dbwebb-kurser/mvc/me/report/tests/Card/CardGraphicTest.php" tests="2" assertions="5" errors="0" warnings="0" failures="0" skipped="0" time="0.093882">
        <testcase name="testGetAsString" class="App\Card\CardGraphicTest" classname="App.Card.CardGraphicTest" file="/home/mita23/dbwebb-kurser/mvc/me/report/tests/Card/CardGraphicTest.php" line="15" assertions="4" time="0.036171"/>
        <testcase name="testGetAsStringInvalidSuit" class="App\Card\CardGraphicTest" classname="App.Card.CardGraphicTest" file="/home/mita23/dbwebb-kurser/mvc/me/report/tests/Card/CardGraphicTest.php" line="33" assertions="1" time="0.057711"/>
      </testsuite>
      <testsuite name="App\Tests\Card\CardHandTest" file="/home/mita23/dbwebb-kurser/mvc/me/report/tests/Card/CardHandTest.php" tests="1" assertions="5" errors="0" warnings="0" failures="0" skipped="0" time="0.006418">
        <testcase name="testAddGetClearCards" class="App\Tests\Card\CardHandTest" classname="App.Tests.Card.CardHandTest" file="/home/mita23/dbwebb-kurser/mvc/me/report/tests/Card/CardHandTest.php" line="17" assertions="5" time="0.006418"/>
      </testsuite>
      <testsuite name="App\Card\CardTest" file="/home/mita23/dbwebb-kurser/mvc/me/report/tests/Card/CardTest.php" tests="4" assertions="14" errors="0" warnings="0" failures="0" skipped="0" time="0.010878">
        <testcase name="testCreateCard" class="App\Card\CardTest" classname="App.Card.CardTest" file="/home/mita23/dbwebb-kurser/mvc/me/report/tests/Card/CardTest.php" line="15" assertions="4" time="0.002734"/>
        <testcase name="testDifferentSuitsAndValues" class="App\Card\CardTest" classname="App.Card.CardTest" file="/home/mita23/dbwebb-kurser/mvc/me/report/tests/Card/CardTest.php" line="27" assertions="6" time="0.001296"/>
        <testcase name="testInvalidSuit" class="App\Card\CardTest" classname="App.Card.CardTest" file="/home/mita23/dbwebb-kurser/mvc/me/report/tests/Card/CardTest.php" line="43" assertions="2" time="0.005841"/>
        <testcase name="testInvalidValue" class="App\Card\CardTest" classname="App.Card.CardTest" file="/home/mita23/dbwebb-kurser/mvc/me/report/tests/Card/CardTest.php" line="53" assertions="2" time="0.001006"/>
      </testsuite>
      <testsuite name="App\Card\DeckOfCardsTest" file="/home/mita23/dbwebb-kurser/mvc/me/report/tests/Card/DeckOfCardsTest.php" tests="6" assertions="25" errors="0" warnings="0" failures="0" skipped="0" time="0.082205">
        <testcase name="testConstructAndGetCards" class="App\Card\DeckOfCardsTest" classname="App.Card.DeckOfCardsTest" file="/home/mita23/dbwebb-kurser/mvc/me/report/tests/Card/DeckOfCardsTest.php" line="15" assertions="5" time="0.004420"/>
        <testcase name="testShuffle" class="App\Card\DeckOfCardsTest" classname="App.Card.DeckOfCardsTest" file="/home/mita23/dbwebb-kurser/mvc/me/report/tests/Card/DeckOfCardsTest.php" line="30" assertions="2" time="0.059964"/>
        <testcase name="testDraw" class="App\Card\DeckOfCardsTest" classname="App.Card.DeckOfCardsTest" file="/home/mita23/dbwebb-kurser/mvc/me/report/tests/Card/DeckOfCardsTest.php" line="46" assertions="3" time="0.003621"/>
        <testcase name="testDrawMany" class="App\Card\DeckOfCardsTest" classname="App.Card.DeckOfCardsTest" file="/home/mita23/dbwebb-kurser/mvc/me/report/tests/Card/DeckOfCardsTest.php" line="64" assertions="8" time="0.001965"/>
        <testcase name="testSortedCards" class="App\Card\DeckOfCardsTest" classname="App.Card.DeckOfCardsTest" file="/home/mita23/dbwebb-kurser/mvc/me/report/tests/Card/DeckOfCardsTest.php" line="83" assertions="4" time="0.010056"/>
        <testcase name="testCount" class="App\Card\DeckOfCardsTest" classname="App.Card.DeckOfCardsTest" file="/home/mita23/dbwebb-kurser/mvc/me/report/tests/Card/DeckOfCardsTest.php" line="100" assertions="3" time="0.002178"/>
      </testsuite>
      <testsuite name="App\Dice\DiceGraphicTest" file="/home/mita23/dbwebb-kurser/mvc/me/report/tests/Dice/DiceGraphicTest.php" tests="3" assertions="13" errors="0" warnings="0" failures="0" skipped="0" time="0.013096">
        <testcase name="testCreateDiceGraphic" class="App\Dice\DiceGraphicTest" classname="App.Dice.DiceGraphicTest" file="/home/mita23/dbwebb-kurser/mvc/me/report/tests/Dice/DiceGraphicTest.php" line="15" assertions="3" time="0.003810"/>
        <testcase name="testRollAndGetAsString" class="App\Dice\DiceGraphicTest" classname="App.Dice.DiceGraphicTest" file="/home/mita23/dbwebb-kurser/mvc/me/report/tests/Dice/DiceGraphicTest.php" line="27" assertions="5" time="0.007449"/>
        <testcase name="testGetAsStringInvalidValue" class="App\Dice\DiceGraphicTest" classname="App.Dice.DiceGraphicTest" file="/home/mita23/dbwebb-kurser/mvc/me/report/tests/Dice/DiceGraphicTest.php" line="43" assertions="5" time="0.001837"/>
      </testsuite>
      <testsuite name="App\Dice\DiceHandTest" file="/home/mita23/dbwebb-kurser/mvc/me/report/tests/Dice/DiceHandTest.php" tests="3" assertions="8" errors="0" warnings="0" failures="0" skipped="0" time="0.005248">
        <testcase name="testGetNumberDices" class="App\Dice\DiceHandTest" classname="App.Dice.DiceHandTest" file="/home/mita23/dbwebb-kurser/mvc/me/report/tests/Dice/DiceHandTest.php" line="15" assertions="2" time="0.002493"/>
        <testcase name="testRoll" class="App\Dice\DiceHandTest" classname="App.Dice.DiceHandTest" file="/home/mita23/dbwebb-kurser/mvc/me/report/tests/Dice/DiceHandTest.php" line="28" assertions="4" time="0.001691"/>
        <testcase name="testGetString" class="App\Dice\DiceHandTest" classname="App.Dice.DiceHandTest" file="/home/mita23/dbwebb-kurser/mvc/me/report/tests/Dice/DiceHandTest.php" line="44" assertions="2" time="0.001065"/>
      </testsuite>
      <testsuite name="App\Dice\DiceTest" file="/home/mita23/dbwebb-kurser/mvc/me/report/tests/Dice/DiceTest.php" tests="3" assertions="9" errors="0" warnings="0" failures="0" skipped="0" time="0.003631">
        <testcase name="testCreateDice" class="App\Dice\DiceTest" classname="App.Dice.DiceTest" file="/home/mita23/dbwebb-kurser/mvc/me/report/tests/Dice/DiceTest.php" line="16" assertions="2" time="0.000951"/>
        <testcase name="testRoll" class="App\Dice\DiceTest" classname="App.Dice.DiceTest" file="/home/mita23/dbwebb-kurser/mvc/me/report/tests/Dice/DiceTest.php" line="28" assertions="5" time="0.001690"/>
        <testcase name="testGetValues" class="App\Dice\DiceTest" classname="App.Dice.DiceTest" file="/home/mita23/dbwebb-kurser/mvc/me/report/tests/Dice/DiceTest.php" line="41" assertions="2" time="0.000990"/>
      </testsuite>
      <testsuite name="App\Tests\Game\CardGameGraphicTest" file="/home/mita23/dbwebb-kurser/mvc/me/report/tests/Game/CardGameGraphicTest.php" tests="5" assertions="15" errors="0" warnings="0" failures="0" skipped="0" time="0.009304">
        <testcase name="testCreateCard" class="App\Tests\Game\CardGameGraphicTest" classname="App.Tests.Game.CardGameGraphicTest" file="/home/mita23/dbwebb-kurser/mvc/me/report/tests/Game/CardGameGraphicTest.php" line="16" assertions="3" time="0.005107"/>
        <testcase name="testGraphicCardToString" class="App\Tests\Game\CardGameGraphicTest" classname="App.Tests.Game.CardGameGraphicTest" file="/home/mita23/dbwebb-kurser/mvc/me/report/tests/Game/CardGameGraphicTest.php" line="27" assertions="2" time="0.000965"/>
        <testcase name="testToStringAllSuits" class="App\Tests\Game\CardGameGraphicTest" classname="App.Tests.Game.CardGameGraphicTest" file="/home/mita23/dbwebb-kurser/mvc/me/report/tests/Game/CardGameGraphicTest.php" line="39" assertions="4" time="0.001138"/>
        <testcase name="testGetAsString" class="App\Tests\Game\CardGameGraphicTest" classname="App.Tests.Game.CardGameGraphicTest" file="/home/mita23/dbwebb-kurser/mvc/me/report/tests/Game/CardGameGraphicTest.php" line="57" assertions="1" time="0.001004"/>
        <testcase name="testGetSuitUnicode" class="App\Tests\Game\CardGameGraphicTest" classname="App.Tests.Game.CardGameGraphicTest" file="/home/mita23/dbwebb-kurser/mvc/me/report/tests/Game/CardGameGraphicTest.php" line="66" assertions="5" time="0.001090"/>
      </testsuite>
      <testsuite name="App\Tests\Game\CardGameTest" file="/home/mita23/dbwebb-kurser/mvc/me/report/tests/Game/CardGameTest.php" tests="4" assertions="8" errors="0" warnings="0" failures="0" skipped="0" time="0.003629">
        <testcase name="testCreateCard" class="App\Tests\Game\CardGameTest" classname="App.Tests.Game.CardGameTest" file="/home/mita23/dbwebb-kurser/mvc/me/report/tests/Game/CardGameTest.php" line="16" assertions="3" time="0.000934"/>
        <testcase name="testToString" class="App\Tests\Game\CardGameTest" classname="App.Tests.Game.CardGameTest" file="/home/mita23/dbwebb-kurser/mvc/me/report/tests/Game/CardGameTest.php" line="27" assertions="1" time="0.000883"/>
        <testcase name="testNumericValue" class="App\Tests\Game\CardGameTest" classname="App.Tests.Game.CardGameTest" file="/home/mita23/dbwebb-kurser/mvc/me/report/tests/Game/CardGameTest.php" line="36" assertions="3" time="0.000957"/>
        <testcase name="testGetAsString" class="App\Tests\Game\CardGameTest" classname="App.Tests.Game.CardGameTest" file="/home/mita23/dbwebb-kurser/mvc/me/report/tests/Game/CardGameTest.php" line="51" assertions="1" time="0.000855"/>
      </testsuite>
      <testsuite name="App\Tests\Game\DeckOfCardsGameTest" file="/home/mita23/dbwebb-kurser/mvc/me/report/tests/Game/DeckOfCardsGameTest.php" tests="7" assertions="13" errors="0" warnings="0" failures="0" skipped="0" time="0.049280">
        <testcase name="testDeckHas52CardsInitially" class="App\Tests\Game\DeckOfCardsGameTest" classname="App.Tests.Game.DeckOfCardsGameTest" file="/home/mita23/dbwebb-kurser/mvc/me/report/tests/Game/DeckOfCardsGameTest.php" line="16" assertions="1" time="0.003534"/>
        <testcase name="testShuffleDeck" class="App\Tests\Game\DeckOfCardsGameTest" classname="App.Tests.Game.DeckOfCardsGameTest" file="/home/mita23/dbwebb-kurser/mvc/me/report/tests/Game/DeckOfCardsGameTest.php" line="25" assertions="2" time="0.033937"/>
        <testcase name="testDrawOneCard" class="App\Tests\Game\DeckOfCardsGameTest" classname="App.Tests.Game.DeckOfCardsGameTest" file="/home/mita23/dbwebb-kurser/mvc/me/report/tests/Game/DeckOfCardsGameTest.php" line="38" assertions="2" time="0.001480"/>
        <testcase name="testDrawManyCards" class="App\Tests\Game\DeckOfCardsGameTest" classname="App.Tests.Game.DeckOfCardsGameTest" file="/home/mita23/dbwebb-kurser/mvc/me/report/tests/Game/DeckOfCardsGameTest.php" line="49" assertions="2" time="0.001551"/>
        <testcase name="testSortedCards" class="App\Tests\Game\DeckOfCardsGameTest" classname="App.Tests.Game.DeckOfCardsGameTest" file="/home/mita23/dbwebb-kurser/mvc/me/report/tests/Game/DeckOfCardsGameTest.php" line="60" assertions="2" time="0.005508"/>
        <testcase name="testDrawWhenDeckIsEmpty" class="App\Tests\Game\DeckOfCardsGameTest" classname="App.Tests.Game.DeckOfCardsGameTest" file="/home/mita23/dbwebb-kurser/mvc/me/report/tests/Game/DeckOfCardsGameTest.php" line="71" assertions="1" time="0.001789"/>
        <testcase name="testCount" class="App\Tests\Game\DeckOfCardsGameTest" classname="App.Tests.Game.DeckOfCardsGameTest" file="/home/mita23/dbwebb-kurser/mvc/me/report/tests/Game/DeckOfCardsGameTest.php" line="83" assertions="3" time="0.001482"/>
      </testsuite>
      <testsuite name="App\Tests\Game\GameTest" file="/home/mita23/dbwebb-kurser/mvc/me/report/tests/Game/GameTest.php" tests="9" assertions="11" errors="0" warnings="0" failures="0" skipped="0" time="0.024890">
        <testcase name="testGameStarts" class="App\Tests\Game\GameTest" classname="App.Tests.Game.GameTest" file="/home/mita23/dbwebb-kurser/mvc/me/report/tests/Game/GameTest.php" line="19" assertions="1" time="0.006276"/>
        <testcase name="testPlayerHit" class="App\Tests\Game\GameTest" classname="App.Tests.Game.GameTest" file="/home/mita23/dbwebb-kurser/mvc/me/report/tests/Game/GameTest.php" line="29" assertions="1" time="0.003244"/>
        <testcase name="testGameStand" class="App\Tests\Game\GameTest" classname="App.Tests.Game.GameTest" file="/home/mita23/dbwebb-kurser/mvc/me/report/tests/Game/GameTest.php" line="41" assertions="1" time="0.004503"/>
        <testcase name="testGetDealerReturnsDealerInstance" class="App\Tests\Game\GameTest" classname="App.Tests.Game.GameTest" file="/home/mita23/dbwebb-kurser/mvc/me/report/tests/Game/GameTest.php" line="56" assertions="1" time="0.001453"/>
        <testcase name="testGetDeckReturnsDeckInstance" class="App\Tests\Game\GameTest" classname="App.Tests.Game.GameTest" file="/home/mita23/dbwebb-kurser/mvc/me/report/tests/Game/GameTest.php" line="65" assertions="1" time="0.001504"/>
        <testcase name="testHitWhenGameNotOngoing" class="App\Tests\Game\GameTest" classname="App.Tests.Game.GameTest" file="/home/mita23/dbwebb-kurser/mvc/me/report/tests/Game/GameTest.php" line="74" assertions="1" time="0.001415"/>
        <testcase name="testStandWhenGameNotOngoing" class="App\Tests\Game\GameTest" classname="App.Tests.Game.GameTest" file="/home/mita23/dbwebb-kurser/mvc/me/report/tests/Game/GameTest.php" line="85" assertions="1" time="0.001439"/>
        <testcase name="testPlayerBustOnHit" class="App\Tests\Game\GameTest" classname="App.Tests.Game.GameTest" file="/home/mita23/dbwebb-kurser/mvc/me/report/tests/Game/GameTest.php" line="95" assertions="1" time="0.002250"/>
        <testcase name="testDealerDrawsCardsBelow17" class="App\Tests\Game\GameTest" classname="App.Tests.Game.GameTest" file="/home/mita23/dbwebb-kurser/mvc/me/report/tests/Game/GameTest.php" line="110" assertions="3" time="0.002805"/>
      </testsuite>
      <testsuite name="App\Tests\Game\PlayerTest" file="/home/mita23/dbwebb-kurser/mvc/me/report/tests/Game/PlayerTest.php" tests="4" assertions="4" errors="0" warnings="0" failures="0" skipped="0" time="0.003818">
        <testcase name="testCreatePlayer" class="App\Tests\Game\PlayerTest" classname="App.Tests.Game.PlayerTest" file="/home/mita23/dbwebb-kurser/mvc/me/report/tests/Game/PlayerTest.php" line="17" assertions="1" time="0.000850"/>
        <testcase name="testAddCardAndGetScore" class="App\Tests\Game\PlayerTest" classname="App.Tests.Game.PlayerTest" file="/home/mita23/dbwebb-kurser/mvc/me/report/tests/Game/PlayerTest.php" line="26" assertions="1" time="0.001080"/>
        <testcase name="testClearHand" class="App\Tests\Game\PlayerTest" classname="App.Tests.Game.PlayerTest" file="/home/mita23/dbwebb-kurser/mvc/me/report/tests/Game/PlayerTest.php" line="37" assertions="1" time="0.000908"/>
        <testcase name="testAceCountedAsOneWhenNeeded" class="App\Tests\Game\PlayerTest" classname="App.Tests.Game.PlayerTest" file="/home/mita23/dbwebb-kurser/mvc/me/report/tests/Game/PlayerTest.php" line="48" assertions="1" time="0.000980"/>
      </testsuite>
      <testsuite name="App\Project\BlackJackDeckTest" file="/home/mita23/dbwebb-kurser/mvc/me/report/tests/Project/BlackJackDeckTest.php" tests="8" assertions="91" errors="0" warnings="0" failures="0" skipped="0" time="0.076491">
        <testcase name="testConstructorCreatesFullDeck" class="App\Project\BlackJackDeckTest" classname="App.Project.BlackJackDeckTest" file="/home/mita23/dbwebb-kurser/mvc/me/report/tests/Project/BlackJackDeckTest.php" line="15" assertions="59" time="0.008841"/>
        <testcase name="testGetCardsReturnsAllCards" class="App\Project\BlackJackDeckTest" classname="App.Project.BlackJackDeckTest" file="/home/mita23/dbwebb-kurser/mvc/me/report/tests/Project/BlackJackDeckTest.php" line="51" assertions="2" time="0.003545"/>
        <testcase name="testShuffleChangesCardOrder" class="App\Project\BlackJackDeckTest" classname="App.Project.BlackJackDeckTest" file="/home/mita23/dbwebb-kurser/mvc/me/report/tests/Project/BlackJackDeckTest.php" line="62" assertions="4" time="0.052876"/>
        <testcase name="testDrawRemovesCardFromDeck" class="App\Project\BlackJackDeckTest" classname="App.Project.BlackJackDeckTest" file="/home/mita23/dbwebb-kurser/mvc/me/report/tests/Project/BlackJackDeckTest.php" line="84" assertions="4" time="0.002576"/>
        <testcase name="testSetCardsWithBlackJackGraphicObjects" class="App\Project\BlackJackDeckTest" classname="App.Project.BlackJackDeckTest" file="/home/mita23/dbwebb-kurser/mvc/me/report/tests/Project/BlackJackDeckTest.php" line="106" assertions="4" time="0.002083"/>
        <testcase name="testSetCardsWithArrayData" class="App\Project\BlackJackDeckTest" classname="App.Project.BlackJackDeckTest" file="/home/mita23/dbwebb-kurser/mvc/me/report/tests/Project/BlackJackDeckTest.php" line="124" assertions="10" time="0.002212"/>
        <testcase name="testSetCardsWithMixedData" class="App\Project\BlackJackDeckTest" classname="App.Project.BlackJackDeckTest" file="/home/mita23/dbwebb-kurser/mvc/me/report/tests/Project/BlackJackDeckTest.php" line="153" assertions="6" time="0.002269"/>
        <testcase name="testSetCardsWithEmptyArray" class="App\Project\BlackJackDeckTest" classname="App.Project.BlackJackDeckTest" file="/home/mita23/dbwebb-kurser/mvc/me/report/tests/Project/BlackJackDeckTest.php" line="175" assertions="2" time="0.002089"/>
      </testsuite>
      <testsuite name="App\Project\BlackJackGraphicTest" file="/home/mita23/dbwebb-kurser/mvc/me/report/tests/Project/BlackJackGraphicTest.php" tests="5" assertions="27" errors="0" warnings="0" failures="0" skipped="0" time="0.010242">
        <testcase name="testConstructorAndGetters" class="App\Project\BlackJackGraphicTest" classname="App.Project.BlackJackGraphicTest" file="/home/mita23/dbwebb-kurser/mvc/me/report/tests/Project/BlackJackGraphicTest.php" line="15" assertions="10" time="0.001232"/>
        <testcase name="testDetermineValue" class="App\Project\BlackJackGraphicTest" classname="App.Project.BlackJackGraphicTest" file="/home/mita23/dbwebb-kurser/mvc/me/report/tests/Project/BlackJackGraphicTest.php" line="37" assertions="6" time="0.001407"/>
        <testcase name="testGetSuitUnicode" class="App\Project\BlackJackGraphicTest" classname="App.Project.BlackJackGraphicTest" file="/home/mita23/dbwebb-kurser/mvc/me/report/tests/Project/BlackJackGraphicTest.php" line="61" assertions="5" time="0.001092"/>
        <testcase name="testToString" class="App\Project\BlackJackGraphicTest" classname="App.Project.BlackJackGraphicTest" file="/home/mita23/dbwebb-kurser/mvc/me/report/tests/Project/BlackJackGraphicTest.php" line="82" assertions="2" time="0.000943"/>
        <testcase name="testJsonSerialize" class="App\Project\BlackJackGraphicTest" classname="App.Project.BlackJackGraphicTest" file="/home/mita23/dbwebb-kurser/mvc/me/report/tests/Project/BlackJackGraphicTest.php" line="94" assertions="4" time="0.005568"/>
      </testsuite>
      <testsuite name="App\Tests\Project\BlackJackPlayerTest" file="/home/mita23/dbwebb-kurser/mvc/me/report/tests/Project/BlackJackPlayerTest.php" tests="41" assertions="129" errors="0" warnings="0" failures="0" skipped="0" time="0.097199">
        <testcase name="testConstruct" class="App\Tests\Project\BlackJackPlayerTest" classname="App.Tests.Project.BlackJackPlayerTest" file="/home/mita23/dbwebb-kurser/mvc/me/report/tests/Project/BlackJackPlayerTest.php" line="32" assertions="6" time="0.021365"/>
        <testcase name="testGetAndSetBalance" class="App\Tests\Project\BlackJackPlayerTest" classname="App.Tests.Project.BlackJackPlayerTest" file="/home/mita23/dbwebb-kurser/mvc/me/report/tests/Project/BlackJackPlayerTest.php" line="48" assertions="3" time="0.006578"/>
        <testcase name="testGetAndSetEntity" class="App\Tests\Project\BlackJackPlayerTest" classname="App.Tests.Project.BlackJackPlayerTest" file="/home/mita23/dbwebb-kurser/mvc/me/report/tests/Project/BlackJackPlayerTest.php" line="67" assertions="2" time="0.001585"/>
        <testcase name="testAddCard" class="App\Tests\Project\BlackJackPlayerTest" classname="App.Tests.Project.BlackJackPlayerTest" file="/home/mita23/dbwebb-kurser/mvc/me/report/tests/Project/BlackJackPlayerTest.php" line="80" assertions="8" time="0.001813"/>
        <testcase name="testGetHands" class="App\Tests\Project\BlackJackPlayerTest" classname="App.Tests.Project.BlackJackPlayerTest" file="/home/mita23/dbwebb-kurser/mvc/me/report/tests/Project/BlackJackPlayerTest.php" line="105" assertions="4" time="0.001795"/>
        <testcase name="testGetHand" class="App\Tests\Project\BlackJackPlayerTest" classname="App.Tests.Project.BlackJackPlayerTest" file="/home/mita23/dbwebb-kurser/mvc/me/report/tests/Project/BlackJackPlayerTest.php" line="127" assertions="4" time="0.001550"/>
        <testcase name="testGetName" class="App\Tests\Project\BlackJackPlayerTest" classname="App.Tests.Project.BlackJackPlayerTest" file="/home/mita23/dbwebb-kurser/mvc/me/report/tests/Project/BlackJackPlayerTest.php" line="144" assertions="1" time="0.001280"/>
        <testcase name="testPlaceBet" class="App\Tests\Project\BlackJackPlayerTest" classname="App.Tests.Project.BlackJackPlayerTest" file="/home/mita23/dbwebb-kurser/mvc/me/report/tests/Project/BlackJackPlayerTest.php" line="153" assertions="10" time="0.007168"/>
        <testcase name="testSetBet" class="App\Tests\Project\BlackJackPlayerTest" classname="App.Tests.Project.BlackJackPlayerTest" file="/home/mita23/dbwebb-kurser/mvc/me/report/tests/Project/BlackJackPlayerTest.php" line="188" assertions="3" time="0.001445"/>
        <testcase name="testSetAllBets" class="App\Tests\Project\BlackJackPlayerTest" classname="App.Tests.Project.BlackJackPlayerTest" file="/home/mita23/dbwebb-kurser/mvc/me/report/tests/Project/BlackJackPlayerTest.php" line="202" assertions="4" time="0.001392"/>
        <testcase name="testWinBet" class="App\Tests\Project\BlackJackPlayerTest" classname="App.Tests.Project.BlackJackPlayerTest" file="/home/mita23/dbwebb-kurser/mvc/me/report/tests/Project/BlackJackPlayerTest.php" line="216" assertions="5" time="0.003763"/>
        <testcase name="testGetBets" class="App\Tests\Project\BlackJackPlayerTest" classname="App.Tests.Project.BlackJackPlayerTest" file="/home/mita23/dbwebb-kurser/mvc/me/report/tests/Project/BlackJackPlayerTest.php" line="244" assertions="1" time="0.001301"/>
        <testcase name="testSetOriginalBets" class="App\Tests\Project\BlackJackPlayerTest" classname="App.Tests.Project.BlackJackPlayerTest" file="/home/mita23/dbwebb-kurser/mvc/me/report/tests/Project/BlackJackPlayerTest.php" line="255" assertions="2" time="0.001537"/>
        <testcase name="testGetBet" class="App\Tests\Project\BlackJackPlayerTest" classname="App.Tests.Project.BlackJackPlayerTest" file="/home/mita23/dbwebb-kurser/mvc/me/report/tests/Project/BlackJackPlayerTest.php" line="270" assertions="2" time="0.001354"/>
        <testsuite name="App\Tests\Project\BlackJackPlayerTest::testGetScore" tests="16" assertions="16" errors="0" warnings="0" failures="0" skipped="0" time="0.022547">
          <testcase name="testGetScore with data set &quot;empty hand&quot;" class="App\Tests\Project\BlackJackPlayerTest" classname="App.Tests.Project.BlackJackPlayerTest" file="/home/mita23/dbwebb-kurser/mvc/me/report/tests/Project/BlackJackPlayerTest.php" line="284" assertions="1" time="0.001340"/>
          <testcase name="testGetScore with data set &quot;single card (numeric 7)&quot;" class="App\Tests\Project\BlackJackPlayerTest" classname="App.Tests.Project.BlackJackPlayerTest" file="/home/mita23/dbwebb-kurser/mvc/me/report/tests/Project/BlackJackPlayerTest.php" line="284" assertions="1" time="0.001388"/>
          <testcase name="testGetScore with data set &quot;single card (numeric 10)&quot;" class="App\Tests\Project\BlackJackPlayerTest" classname="App.Tests.Project.BlackJackPlayerTest" file="/home/mita23/dbwebb-kurser/mvc/me/report/tests/Project/BlackJackPlayerTest.php" line="284" assertions="1" time="0.001307"/>
          <testcase name="testGetScore with data set &quot;single card (face K)&quot;" class="App\Tests\Project\BlackJackPlayerTest" classname="App.Tests.Project.BlackJackPlayerTest" file="/home/mita23/dbwebb-kurser/mvc/me/report/tests/Project/BlackJackPlayerTest.php" line="284" assertions="1" time="0.001383"/>
          <testcase name="testGetScore with data set &quot;single card (face J)&quot;" class="App\Tests\Project\BlackJackPlayerTest" classname="App.Tests.Project.BlackJackPlayerTest" file="/home/mita23/dbwebb-kurser/mvc/me/report/tests/Project/BlackJackPlayerTest.php" line="284" assertions="1" time="0.001470"/>
          <testcase name="testGetScore with data set &quot;single card (face Q)&quot;" class="App\Tests\Project\BlackJackPlayerTest" classname="App.Tests.Project.BlackJackPlayerTest" file="/home/mita23/dbwebb-kurser/mvc/me/report/tests/Project/BlackJackPlayerTest.php" line="284" assertions="1" time="0.001386"/>
          <testcase name="testGetScore with data set &quot;single card (Ace)&quot;" class="App\Tests\Project\BlackJackPlayerTest" classname="App.Tests.Project.BlackJackPlayerTest" file="/home/mita23/dbwebb-kurser/mvc/me/report/tests/Project/BlackJackPlayerTest.php" line="284" assertions="1" time="0.001359"/>
          <testcase name="testGetScore with data set &quot;normal hand&quot;" class="App\Tests\Project\BlackJackPlayerTest" classname="App.Tests.Project.BlackJackPlayerTest" file="/home/mita23/dbwebb-kurser/mvc/me/report/tests/Project/BlackJackPlayerTest.php" line="284" assertions="1" time="0.001360"/>
          <testcase name="testGetScore with data set &quot;face cards&quot;" class="App\Tests\Project\BlackJackPlayerTest" classname="App.Tests.Project.BlackJackPlayerTest" file="/home/mita23/dbwebb-kurser/mvc/me/report/tests/Project/BlackJackPlayerTest.php" line="284" assertions="1" time="0.001386"/>
          <testcase name="testGetScore with data set &quot;blackjack&quot;" class="App\Tests\Project\BlackJackPlayerTest" classname="App.Tests.Project.BlackJackPlayerTest" file="/home/mita23/dbwebb-kurser/mvc/me/report/tests/Project/BlackJackPlayerTest.php" line="284" assertions="1" time="0.001380"/>
          <testcase name="testGetScore with data set &quot;soft 17&quot;" class="App\Tests\Project\BlackJackPlayerTest" classname="App.Tests.Project.BlackJackPlayerTest" file="/home/mita23/dbwebb-kurser/mvc/me/report/tests/Project/BlackJackPlayerTest.php" line="284" assertions="1" time="0.001487"/>
          <testcase name="testGetScore with data set &quot;soft 21&quot;" class="App\Tests\Project\BlackJackPlayerTest" classname="App.Tests.Project.BlackJackPlayerTest" file="/home/mita23/dbwebb-kurser/mvc/me/report/tests/Project/BlackJackPlayerTest.php" line="284" assertions="1" time="0.001465"/>
          <testcase name="testGetScore with data set &quot;two aces&quot;" class="App\Tests\Project\BlackJackPlayerTest" classname="App.Tests.Project.BlackJackPlayerTest" file="/home/mita23/dbwebb-kurser/mvc/me/report/tests/Project/BlackJackPlayerTest.php" line="284" assertions="1" time="0.001398"/>
          <testcase name="testGetScore with data set &quot;ace and high cards&quot;" class="App\Tests\Project\BlackJackPlayerTest" classname="App.Tests.Project.BlackJackPlayerTest" file="/home/mita23/dbwebb-kurser/mvc/me/report/tests/Project/BlackJackPlayerTest.php" line="284" assertions="1" time="0.001440"/>
          <testcase name="testGetScore with data set &quot;multiple aces&quot;" class="App\Tests\Project\BlackJackPlayerTest" classname="App.Tests.Project.BlackJackPlayerTest" file="/home/mita23/dbwebb-kurser/mvc/me/report/tests/Project/BlackJackPlayerTest.php" line="284" assertions="1" time="0.001561"/>
          <testcase name="testGetScore with data set &quot;bust&quot;" class="App\Tests\Project\BlackJackPlayerTest" classname="App.Tests.Project.BlackJackPlayerTest" file="/home/mita23/dbwebb-kurser/mvc/me/report/tests/Project/BlackJackPlayerTest.php" line="284" assertions="1" time="0.001435"/>
        </testsuite>
        <testcase name="testClearHands" class="App\Tests\Project\BlackJackPlayerTest" classname="App.Tests.Project.BlackJackPlayerTest" file="/home/mita23/dbwebb-kurser/mvc/me/report/tests/Project/BlackJackPlayerTest.php" line="324" assertions="7" time="0.001767"/>
        <testcase name="testInitializeNewHand" class="App\Tests\Project\BlackJackPlayerTest" classname="App.Tests.Project.BlackJackPlayerTest" file="/home/mita23/dbwebb-kurser/mvc/me/report/tests/Project/BlackJackPlayerTest.php" line="347" assertions="6" time="0.001753"/>
        <testcase name="testIsBlackjack" class="App\Tests\Project\BlackJackPlayerTest" classname="App.Tests.Project.BlackJackPlayerTest" file="/home/mita23/dbwebb-kurser/mvc/me/report/tests/Project/BlackJackPlayerTest.php" line="365" assertions="5" time="0.001769"/>
        <testcase name="testGetAndSetHandState" class="App\Tests\Project\BlackJackPlayerTest" classname="App.Tests.Project.BlackJackPlayerTest" file="/home/mita23/dbwebb-kurser/mvc/me/report/tests/Project/BlackJackPlayerTest.php" line="392" assertions="7" time="0.001607"/>
        <testcase name="testStand" class="App\Tests\Project\BlackJackPlayerTest" classname="App.Tests.Project.BlackJackPlayerTest" file="/home/mita23/dbwebb-kurser/mvc/me/report/tests/Project/BlackJackPlayerTest.php" line="417" assertions="1" time="0.001292"/>
        <testcase name="testBust" class="App\Tests\Project\BlackJackPlayerTest" classname="App.Tests.Project.BlackJackPlayerTest" file="/home/mita23/dbwebb-kurser/mvc/me/report/tests/Project/BlackJackPlayerTest.php" line="428" assertions="1" time="0.001310"/>
        <testcase name="testIsHandActive" class="App\Tests\Project\BlackJackPlayerTest" classname="App.Tests.Project.BlackJackPlayerTest" file="/home/mita23/dbwebb-kurser/mvc/me/report/tests/Project/BlackJackPlayerTest.php" line="439" assertions="5" time="0.001726"/>
        <testcase name="testSetHands" class="App\Tests\Project\BlackJackPlayerTest" classname="App.Tests.Project.BlackJackPlayerTest" file="/home/mita23/dbwebb-kurser/mvc/me/report/tests/Project/BlackJackPlayerTest.php" line="461" assertions="1" time="0.001304"/>
        <testcase name="testSetAllHandStates" class="App\Tests\Project\BlackJackPlayerTest" classname="App.Tests.Project.BlackJackPlayerTest" file="/home/mita23/dbwebb-kurser/mvc/me/report/tests/Project/BlackJackPlayerTest.php" line="477" assertions="2" time="0.001505"/>
        <testcase name="testGetCardValuePrivate" class="App\Tests\Project\BlackJackPlayerTest" classname="App.Tests.Project.BlackJackPlayerTest" file="/home/mita23/dbwebb-kurser/mvc/me/report/tests/Project/BlackJackPlayerTest.php" line="508" assertions="7" time="0.001600"/>
        <testcase name="testSplitHand" class="App\Tests\Project\BlackJackPlayerTest" classname="App.Tests.Project.BlackJackPlayerTest" file="/home/mita23/dbwebb-kurser/mvc/me/report/tests/Project/BlackJackPlayerTest.php" line="526" assertions="16" time="0.005092"/>
      </testsuite>
      <testsuite name="App\Tests\Project\ConstructorTest" file="/home/mita23/dbwebb-kurser/mvc/me/report/tests/Project/BlackJackTest/ConstructTest.php" tests="2" assertions="16" errors="0" warnings="0" failures="0" skipped="0" time="0.129358">
        <testcase name="testConstructor" class="App\Tests\Project\ConstructorTest" classname="App.Tests.Project.ConstructorTest" file="/home/mita23/dbwebb-kurser/mvc/me/report/tests/Project/BlackJackTest/ConstructTest.php" line="78" assertions="10" time="0.123039"/>
        <testcase name="testConstructorPlayerExists" class="App\Tests\Project\ConstructorTest" classname="App.Tests.Project.ConstructorTest" file="/home/mita23/dbwebb-kurser/mvc/me/report/tests/Project/BlackJackTest/ConstructTest.php" line="108" assertions="6" time="0.006319"/>
      </testsuite>
      <testsuite name="App\Tests\Project\DoubleDownTest" file="/home/mita23/dbwebb-kurser/mvc/me/report/tests/Project/BlackJackTest/DoubleDownTest.php" tests="5" assertions="15" errors="0" warnings="0" failures="0" skipped="0" time="0.078428">
        <testcase name="testDoubleDownInsufficientFunds" class="App\Tests\Project\DoubleDownTest" classname="App.Tests.Project.DoubleDownTest" file="/home/mita23/dbwebb-kurser/mvc/me/report/tests/Project/BlackJackTest/DoubleDownTest.php" line="92" assertions="5" time="0.016050"/>
        <testcase name="testDoubleDownInvalidHandCardCount" class="App\Tests\Project\DoubleDownTest" classname="App.Tests.Project.DoubleDownTest" file="/home/mita23/dbwebb-kurser/mvc/me/report/tests/Project/BlackJackTest/DoubleDownTest.php" line="136" assertions="2" time="0.009074"/>
        <testcase name="testDoubleDownInvalidGameOrHandState" class="App\Tests\Project\DoubleDownTest" classname="App.Tests.Project.DoubleDownTest" file="/home/mita23/dbwebb-kurser/mvc/me/report/tests/Project/BlackJackTest/DoubleDownTest.php" line="174" assertions="4" time="0.009880"/>
        <testcase name="testDoubleDownDrawAndFinish" class="App\Tests\Project\DoubleDownTest" classname="App.Tests.Project.DoubleDownTest" file="/home/mita23/dbwebb-kurser/mvc/me/report/tests/Project/BlackJackTest/DoubleDownTest.php" line="214" assertions="2" time="0.020865"/>
        <testcase name="testDoubleDownCausesBust" class="App\Tests\Project\DoubleDownTest" classname="App.Tests.Project.DoubleDownTest" file="/home/mita23/dbwebb-kurser/mvc/me/report/tests/Project/BlackJackTest/DoubleDownTest.php" line="256" assertions="2" time="0.022559"/>
      </testsuite>
      <testsuite name="App\Tests\Project\GetStateTest" file="/home/mita23/dbwebb-kurser/mvc/me/report/tests/Project/BlackJackTest/GetStateTest.php" tests="2" assertions="2" errors="0" warnings="0" failures="0" skipped="0" time="0.032888">
        <testcase name="testGetStateWithNoHandsAndEmptyDeck" class="App\Tests\Project\GetStateTest" classname="App.Tests.Project.GetStateTest" file="/home/mita23/dbwebb-kurser/mvc/me/report/tests/Project/BlackJackTest/GetStateTest.php" line="88" assertions="1" time="0.013353"/>
        <testcase name="testGetStateWithPlayerAndDealerHandsAndDeck" class="App\Tests\Project\GetStateTest" classname="App.Tests.Project.GetStateTest" file="/home/mita23/dbwebb-kurser/mvc/me/report/tests/Project/BlackJackTest/GetStateTest.php" line="129" assertions="1" time="0.019535"/>
      </testsuite>
      <testsuite name="App\Tests\Project\HitTest" file="/home/mita23/dbwebb-kurser/mvc/me/report/tests/Project/BlackJackTest/HitTest.php" tests="5" assertions="27" errors="0" warnings="0" failures="0" skipped="0" time="0.056783">
        <testcase name="testHitSuccessfulAndHandActive" class="App\Tests\Project\HitTest" classname="App.Tests.Project.HitTest" file="/home/mita23/dbwebb-kurser/mvc/me/report/tests/Project/BlackJackTest/HitTest.php" line="122" assertions="12" time="0.013002"/>
        <testcase name="testHitReturnsFalseOnInvalidPreconditions" class="App\Tests\Project\HitTest" classname="App.Tests.Project.HitTest" file="/home/mita23/dbwebb-kurser/mvc/me/report/tests/Project/BlackJackTest/HitTest.php" line="194" assertions="6" time="0.009766"/>
        <testcase name="testHitReturnsFalseOnDeckDrawFailure" class="App\Tests\Project\HitTest" classname="App.Tests.Project.HitTest" file="/home/mita23/dbwebb-kurser/mvc/me/report/tests/Project/BlackJackTest/HitTest.php" line="248" assertions="5" time="0.009962"/>
        <testcase name="testHitCallsPlayerBustOnScoreExceeds21" class="App\Tests\Project\HitTest" classname="App.Tests.Project.HitTest" file="/home/mita23/dbwebb-kurser/mvc/me/report/tests/Project/BlackJackTest/HitTest.php" line="304" assertions="3" time="0.011885"/>
        <testcase name="testPlayerBustsAndBustMethodIsCalled" class="App\Tests\Project\HitTest" classname="App.Tests.Project.HitTest" file="/home/mita23/dbwebb-kurser/mvc/me/report/tests/Project/BlackJackTest/HitTest.php" line="354" assertions="1" time="0.012167"/>
      </testsuite>
      <testsuite name="App\Tests\Project\ResetTest" file="/home/mita23/dbwebb-kurser/mvc/me/report/tests/Project/BlackJackTest/ResetTest.php" tests="1" assertions="13" errors="0" warnings="0" failures="0" skipped="0" time="0.009181">
        <testcase name="testReset" class="App\Tests\Project\ResetTest" classname="App.Tests.Project.ResetTest" file="/home/mita23/dbwebb-kurser/mvc/me/report/tests/Project/BlackJackTest/ResetTest.php" line="60" assertions="13" time="0.009181"/>
      </testsuite>
      <testsuite name="App\Tests\Project\SplitTest" file="/home/mita23/dbwebb-kurser/mvc/me/report/tests/Project/BlackJackTest/SplitTest.php" tests="4" assertions="17" errors="0" warnings="0" failures="0" skipped="0" time="0.036711">
        <testcase name="testSplitInvalidHandOrNotActive" class="App\Tests\Project\SplitTest" classname="App.Tests.Project.SplitTest" file="/home/mita23/dbwebb-kurser/mvc/me/report/tests/Project/BlackJackTest/SplitTest.php" line="89" assertions="4" time="0.009478"/>
        <testcase name="testSplitInsufficientFunds" class="App\Tests\Project\SplitTest" classname="App.Tests.Project.SplitTest" file="/home/mita23/dbwebb-kurser/mvc/me/report/tests/Project/BlackJackTest/SplitTest.php" line="120" assertions="4" time="0.005927"/>
        <testcase name="testSplitHandNotSplittable" class="App\Tests\Project\SplitTest" classname="App.Tests.Project.SplitTest" file="/home/mita23/dbwebb-kurser/mvc/me/report/tests/Project/BlackJackTest/SplitTest.php" line="169" assertions="6" time="0.009994"/>
        <testcase name="testSplitScenarios" class="App\Tests\Project\SplitTest" classname="App.Tests.Project.SplitTest" file="/home/mita23/dbwebb-kurser/mvc/me/report/tests/Project/BlackJackTest/SplitTest.php" line="231" assertions="3" time="0.011311"/>
      </testsuite>
      <testsuite name="App\Tests\Project\StandTest" file="/home/mita23/dbwebb-kurser/mvc/me/report/tests/Project/BlackJackTest/StandTest.php" tests="2" assertions="2" errors="0" warnings="0" failures="0" skipped="0" time="0.020779">
        <testcase name="testStand" class="App\Tests\Project\StandTest" classname="App.Tests.Project.StandTest" file="/home/mita23/dbwebb-kurser/mvc/me/report/tests/Project/BlackJackTest/StandTest.php" line="92" assertions="1" time="0.010948"/>
        <testcase name="testStandReturnsEarlyWhenConditionsNotMet" class="App\Tests\Project\StandTest" classname="App.Tests.Project.StandTest" file="/home/mita23/dbwebb-kurser/mvc/me/report/tests/Project/BlackJackTest/StandTest.php" line="120" assertions="1" time="0.009832"/>
      </testsuite>
      <testsuite name="App\Tests\Project\StartGameTest" file="/home/mita23/dbwebb-kurser/mvc/me/report/tests/Project/BlackJackTest/StartGameTest.php" tests="7" assertions="16" errors="0" warnings="0" failures="0" skipped="0" time="0.078989">
        <testcase name="testStartGameInvalidNumHands" class="App\Tests\Project\StartGameTest" classname="App.Tests.Project.StartGameTest" file="/home/mita23/dbwebb-kurser/mvc/me/report/tests/Project/BlackJackTest/StartGameTest.php" line="81" assertions="3" time="0.005695"/>
        <testcase name="testStartGameInsufficientFunds" class="App\Tests\Project\StartGameTest" classname="App.Tests.Project.StartGameTest" file="/home/mita23/dbwebb-kurser/mvc/me/report/tests/Project/BlackJackTest/StartGameTest.php" line="107" assertions="3" time="0.005628"/>
        <testcase name="testStartGameFailsWhenPlaceBetFails" class="App\Tests\Project\StartGameTest" classname="App.Tests.Project.StartGameTest" file="/home/mita23/dbwebb-kurser/mvc/me/report/tests/Project/BlackJackTest/StartGameTest.php" line="132" assertions="1" time="0.009844"/>
        <testcase name="testStartGameFailsWhenSecondCardIsNull" class="App\Tests\Project\StartGameTest" classname="App.Tests.Project.StartGameTest" file="/home/mita23/dbwebb-kurser/mvc/me/report/tests/Project/BlackJackTest/StartGameTest.php" line="147" assertions="2" time="0.016021"/>
        <testcase name="testStartGameFailsWhenDealerSecondCardIsNull" class="App\Tests\Project\StartGameTest" classname="App.Tests.Project.StartGameTest" file="/home/mita23/dbwebb-kurser/mvc/me/report/tests/Project/BlackJackTest/StartGameTest.php" line="193" assertions="2" time="0.018481"/>
        <testcase name="testDealerGetsBlackjack" class="App\Tests\Project\StartGameTest" classname="App.Tests.Project.StartGameTest" file="/home/mita23/dbwebb-kurser/mvc/me/report/tests/Project/BlackJackTest/StartGameTest.php" line="242" assertions="3" time="0.010732"/>
        <testcase name="testUpdateHandStateAfterActionCallsBustAndSetHandState" class="App\Tests\Project\StartGameTest" classname="App.Tests.Project.StartGameTest" file="/home/mita23/dbwebb-kurser/mvc/me/report/tests/Project/BlackJackTest/StartGameTest.php" line="295" assertions="2" time="0.012588"/>
      </testsuite>
      <testsuite name="App\Tests\Repository\BookRepositoryTest" file="/home/mita23/dbwebb-kurser/mvc/me/report/tests/Repository/BookRepositoryTest.php" tests="1" assertions="1" errors="0" warnings="0" failures="0" skipped="0" time="0.348430">
        <testcase name="testConstructor" class="App\Tests\Repository\BookRepositoryTest" classname="App.Tests.Repository.BookRepositoryTest" file="/home/mita23/dbwebb-kurser/mvc/me/report/tests/Repository/BookRepositoryTest.php" line="35" assertions="1" time="0.348430"/>
      </testsuite>
      <testsuite name="App\Tests\Repository\CardStatRepositoryTest" file="/home/mita23/dbwebb-kurser/mvc/me/report/tests/Repository/CardStatRepositoryTest.php" tests="1" assertions="2" errors="0" warnings="0" failures="0" skipped="0" time="0.046006">
        <testcase name="testConstruct" class="App\Tests\Repository\CardStatRepositoryTest" classname="App.Tests.Repository.CardStatRepositoryTest" file="/home/mita23/dbwebb-kurser/mvc/me/report/tests/Repository/CardStatRepositoryTest.php" line="47" assertions="2" time="0.046006"/>
      </testsuite>
      <testsuite name="App\Tests\Repository\GameSessionRepositoryTest" file="/home/mita23/dbwebb-kurser/mvc/me/report/tests/Repository/GameSessionRepositoryTest.php" tests="1" assertions="2" errors="0" warnings="0" failures="0" skipped="0" time="0.005110">
        <testcase name="testConstruct" class="App\Tests\Repository\GameSessionRepositoryTest" classname="App.Tests.Repository.GameSessionRepositoryTest" file="/home/mita23/dbwebb-kurser/mvc/me/report/tests/Repository/GameSessionRepositoryTest.php" line="47" assertions="2" time="0.005110"/>
      </testsuite>
      <testsuite name="App\Tests\Repository\PlayerRepositoryTest" file="/home/mita23/dbwebb-kurser/mvc/me/report/tests/Repository/PlayerReposityoryTest.php" tests="1" assertions="2" errors="0" warnings="0" failures="0" skipped="0" time="0.005161">
        <testcase name="testConstruct" class="App\Tests\Repository\PlayerRepositoryTest" classname="App.Tests.Repository.PlayerRepositoryTest" file="/home/mita23/dbwebb-kurser/mvc/me/report/tests/Repository/PlayerReposityoryTest.php" line="47" assertions="2" time="0.005161"/>
      </testsuite>
      <testsuite name="App\Tests\Repository\ProductRepositoryTest" file="/home/mita23/dbwebb-kurser/mvc/me/report/tests/Repository/ProductRepositoryTest.php" tests="2" assertions="6" errors="0" warnings="0" failures="0" skipped="0" time="0.639839">
        <testcase name="testFindByMinimumValue" class="App\Tests\Repository\ProductRepositoryTest" classname="App.Tests.Repository.ProductRepositoryTest" file="/home/mita23/dbwebb-kurser/mvc/me/report/tests/Repository/ProductRepositoryTest.php" line="52" assertions="3" time="0.601132"/>
        <testcase name="testFindByMinimumValue2" class="App\Tests\Repository\ProductRepositoryTest" classname="App.Tests.Repository.ProductRepositoryTest" file="/home/mita23/dbwebb-kurser/mvc/me/report/tests/Repository/ProductRepositoryTest.php" line="63" assertions="3" time="0.038707"/>
      </testsuite>
    </testsuite>
  </testsuite>
</testsuites>
