<?xml version="1.0" encoding="UTF-8"?>
<testsuites>
  <testsuite name="" tests="55" assertions="139" errors="0" warnings="0" failures="0" skipped="0" time="1.716401">
    <testsuite name="Project Test Suite" tests="55" assertions="139" errors="0" warnings="0" failures="0" skipped="0" time="1.716401">
      <testsuite name="App\Card\CardGraphicTest" file="/home/mita23/dbwebb-kurser/mvc/me/report/tests/Card/CardGraphicTest.php" tests="2" assertions="5" errors="0" warnings="0" failures="0" skipped="0" time="0.079744">
        <testcase name="testGetAsString" class="App\Card\CardGraphicTest" classname="App.Card.CardGraphicTest" file="/home/mita23/dbwebb-kurser/mvc/me/report/tests/Card/CardGraphicTest.php" line="14" assertions="4" time="0.029739"/>
        <testcase name="testGetAsStringInvalidSuit" class="App\Card\CardGraphicTest" classname="App.Card.CardGraphicTest" file="/home/mita23/dbwebb-kurser/mvc/me/report/tests/Card/CardGraphicTest.php" line="32" assertions="1" time="0.050005"/>
      </testsuite>
      <testsuite name="App\Tests\Card\CardHandTest" file="/home/mita23/dbwebb-kurser/mvc/me/report/tests/Card/CardHandTest.php" tests="1" assertions="5" errors="0" warnings="0" failures="0" skipped="0" time="0.006369">
        <testcase name="testAddGetClearCards" class="App\Tests\Card\CardHandTest" classname="App.Tests.Card.CardHandTest" file="/home/mita23/dbwebb-kurser/mvc/me/report/tests/Card/CardHandTest.php" line="16" assertions="5" time="0.006369"/>
      </testsuite>
      <testsuite name="App\Card\CardTest" file="/home/mita23/dbwebb-kurser/mvc/me/report/tests/Card/CardTest.php" tests="4" assertions="14" errors="0" warnings="0" failures="0" skipped="0" time="0.009640">
        <testcase name="testCreateCard" class="App\Card\CardTest" classname="App.Card.CardTest" file="/home/mita23/dbwebb-kurser/mvc/me/report/tests/Card/CardTest.php" line="15" assertions="4" time="0.002598"/>
        <testcase name="testDifferentSuitsAndValues" class="App\Card\CardTest" classname="App.Card.CardTest" file="/home/mita23/dbwebb-kurser/mvc/me/report/tests/Card/CardTest.php" line="27" assertions="6" time="0.001095"/>
        <testcase name="testInvalidSuit" class="App\Card\CardTest" classname="App.Card.CardTest" file="/home/mita23/dbwebb-kurser/mvc/me/report/tests/Card/CardTest.php" line="43" assertions="2" time="0.005002"/>
        <testcase name="testInvalidValue" class="App\Card\CardTest" classname="App.Card.CardTest" file="/home/mita23/dbwebb-kurser/mvc/me/report/tests/Card/CardTest.php" line="53" assertions="2" time="0.000945"/>
      </testsuite>
      <testsuite name="App\Card\DeckOfCardsTest" file="/home/mita23/dbwebb-kurser/mvc/me/report/tests/Card/DeckOfCardsTest.php" tests="6" assertions="25" errors="0" warnings="0" failures="0" skipped="0" time="0.065242">
        <testcase name="testConstructAndGetCards" class="App\Card\DeckOfCardsTest" classname="App.Card.DeckOfCardsTest" file="/home/mita23/dbwebb-kurser/mvc/me/report/tests/Card/DeckOfCardsTest.php" line="14" assertions="5" time="0.005438"/>
        <testcase name="testShuffle" class="App\Card\DeckOfCardsTest" classname="App.Card.DeckOfCardsTest" file="/home/mita23/dbwebb-kurser/mvc/me/report/tests/Card/DeckOfCardsTest.php" line="29" assertions="2" time="0.043592"/>
        <testcase name="testDraw" class="App\Card\DeckOfCardsTest" classname="App.Card.DeckOfCardsTest" file="/home/mita23/dbwebb-kurser/mvc/me/report/tests/Card/DeckOfCardsTest.php" line="45" assertions="3" time="0.003508"/>
        <testcase name="testDrawMany" class="App\Card\DeckOfCardsTest" classname="App.Card.DeckOfCardsTest" file="/home/mita23/dbwebb-kurser/mvc/me/report/tests/Card/DeckOfCardsTest.php" line="63" assertions="8" time="0.002075"/>
        <testcase name="testSortedCards" class="App\Card\DeckOfCardsTest" classname="App.Card.DeckOfCardsTest" file="/home/mita23/dbwebb-kurser/mvc/me/report/tests/Card/DeckOfCardsTest.php" line="82" assertions="4" time="0.008925"/>
        <testcase name="testCount" class="App\Card\DeckOfCardsTest" classname="App.Card.DeckOfCardsTest" file="/home/mita23/dbwebb-kurser/mvc/me/report/tests/Card/DeckOfCardsTest.php" line="99" assertions="3" time="0.001705"/>
      </testsuite>
      <testsuite name="App\Tests\Controller\BookControllerTest" file="/home/mita23/dbwebb-kurser/mvc/me/report/tests/Controller/BookControllerTest.php" tests="1" assertions="1" errors="0" warnings="0" failures="0" skipped="0" time="1.206240">
        <testcase name="testIndex" class="App\Tests\Controller\BookControllerTest" classname="App.Tests.Controller.BookControllerTest" file="/home/mita23/dbwebb-kurser/mvc/me/report/tests/Controller/BookControllerTest.php" line="14" assertions="1" time="1.206240"/>
      </testsuite>
      <testsuite name="App\Dice\DiceGraphicTest" file="/home/mita23/dbwebb-kurser/mvc/me/report/tests/Dice/DiceGraphicTest.php" tests="3" assertions="15" errors="0" warnings="0" failures="0" skipped="0" time="0.012534">
        <testcase name="testCreateDiceGraphic" class="App\Dice\DiceGraphicTest" classname="App.Dice.DiceGraphicTest" file="/home/mita23/dbwebb-kurser/mvc/me/report/tests/Dice/DiceGraphicTest.php" line="15" assertions="3" time="0.002753"/>
        <testcase name="testRollAndGetAsString" class="App\Dice\DiceGraphicTest" classname="App.Dice.DiceGraphicTest" file="/home/mita23/dbwebb-kurser/mvc/me/report/tests/Dice/DiceGraphicTest.php" line="27" assertions="6" time="0.008077"/>
        <testcase name="testGetAsStringInvalidValue" class="App\Dice\DiceGraphicTest" classname="App.Dice.DiceGraphicTest" file="/home/mita23/dbwebb-kurser/mvc/me/report/tests/Dice/DiceGraphicTest.php" line="44" assertions="6" time="0.001704"/>
      </testsuite>
      <testsuite name="App\Dice\DiceHandTest" file="/home/mita23/dbwebb-kurser/mvc/me/report/tests/Dice/DiceHandTest.php" tests="3" assertions="5" errors="0" warnings="0" failures="0" skipped="0" time="0.004587">
        <testcase name="testGetNumberDices" class="App\Dice\DiceHandTest" classname="App.Dice.DiceHandTest" file="/home/mita23/dbwebb-kurser/mvc/me/report/tests/Dice/DiceHandTest.php" line="15" assertions="2" time="0.002533"/>
        <testcase name="testRoll" class="App\Dice\DiceHandTest" classname="App.Dice.DiceHandTest" file="/home/mita23/dbwebb-kurser/mvc/me/report/tests/Dice/DiceHandTest.php" line="28" assertions="1" time="0.000995"/>
        <testcase name="testGetString" class="App\Dice\DiceHandTest" classname="App.Dice.DiceHandTest" file="/home/mita23/dbwebb-kurser/mvc/me/report/tests/Dice/DiceHandTest.php" line="41" assertions="2" time="0.001059"/>
      </testsuite>
      <testsuite name="App\Dice\DiceTest" file="/home/mita23/dbwebb-kurser/mvc/me/report/tests/Dice/DiceTest.php" tests="3" assertions="10" errors="0" warnings="0" failures="0" skipped="0" time="0.003436">
        <testcase name="testCreateDice" class="App\Dice\DiceTest" classname="App.Dice.DiceTest" file="/home/mita23/dbwebb-kurser/mvc/me/report/tests/Dice/DiceTest.php" line="16" assertions="2" time="0.000977"/>
        <testcase name="testRoll" class="App\Dice\DiceTest" classname="App.Dice.DiceTest" file="/home/mita23/dbwebb-kurser/mvc/me/report/tests/Dice/DiceTest.php" line="28" assertions="6" time="0.001466"/>
        <testcase name="testGetValues" class="App\Dice\DiceTest" classname="App.Dice.DiceTest" file="/home/mita23/dbwebb-kurser/mvc/me/report/tests/Dice/DiceTest.php" line="41" assertions="2" time="0.000994"/>
      </testsuite>
      <testsuite name="App\Tests\Game\CardGameGraphicTest" file="/home/mita23/dbwebb-kurser/mvc/me/report/tests/Game/CardGameGraphicTest.php" tests="5" assertions="15" errors="0" warnings="0" failures="0" skipped="0" time="0.009050">
        <testcase name="testCreateCard" class="App\Tests\Game\CardGameGraphicTest" classname="App.Tests.Game.CardGameGraphicTest" file="/home/mita23/dbwebb-kurser/mvc/me/report/tests/Game/CardGameGraphicTest.php" line="16" assertions="3" time="0.004805"/>
        <testcase name="testGraphicCardToString" class="App\Tests\Game\CardGameGraphicTest" classname="App.Tests.Game.CardGameGraphicTest" file="/home/mita23/dbwebb-kurser/mvc/me/report/tests/Game/CardGameGraphicTest.php" line="27" assertions="2" time="0.001025"/>
        <testcase name="testToStringAllSuits" class="App\Tests\Game\CardGameGraphicTest" classname="App.Tests.Game.CardGameGraphicTest" file="/home/mita23/dbwebb-kurser/mvc/me/report/tests/Game/CardGameGraphicTest.php" line="39" assertions="4" time="0.001186"/>
        <testcase name="testGetAsString" class="App\Tests\Game\CardGameGraphicTest" classname="App.Tests.Game.CardGameGraphicTest" file="/home/mita23/dbwebb-kurser/mvc/me/report/tests/Game/CardGameGraphicTest.php" line="57" assertions="1" time="0.000951"/>
        <testcase name="testGetSuitUnicode" class="App\Tests\Game\CardGameGraphicTest" classname="App.Tests.Game.CardGameGraphicTest" file="/home/mita23/dbwebb-kurser/mvc/me/report/tests/Game/CardGameGraphicTest.php" line="66" assertions="5" time="0.001083"/>
      </testsuite>
      <testsuite name="App\Tests\Game\CardGameTest" file="/home/mita23/dbwebb-kurser/mvc/me/report/tests/Game/CardGameTest.php" tests="4" assertions="8" errors="0" warnings="0" failures="0" skipped="0" time="0.003961">
        <testcase name="testCreateCard" class="App\Tests\Game\CardGameTest" classname="App.Tests.Game.CardGameTest" file="/home/mita23/dbwebb-kurser/mvc/me/report/tests/Game/CardGameTest.php" line="16" assertions="3" time="0.001090"/>
        <testcase name="testToString" class="App\Tests\Game\CardGameTest" classname="App.Tests.Game.CardGameTest" file="/home/mita23/dbwebb-kurser/mvc/me/report/tests/Game/CardGameTest.php" line="27" assertions="1" time="0.000868"/>
        <testcase name="testNumericValue" class="App\Tests\Game\CardGameTest" classname="App.Tests.Game.CardGameTest" file="/home/mita23/dbwebb-kurser/mvc/me/report/tests/Game/CardGameTest.php" line="36" assertions="3" time="0.000954"/>
        <testcase name="testGetAsString" class="App\Tests\Game\CardGameTest" classname="App.Tests.Game.CardGameTest" file="/home/mita23/dbwebb-kurser/mvc/me/report/tests/Game/CardGameTest.php" line="51" assertions="1" time="0.001050"/>
      </testsuite>
      <testsuite name="App\Tests\Game\DeckOfCardsGameTest" file="/home/mita23/dbwebb-kurser/mvc/me/report/tests/Game/DeckOfCardsGameTest.php" tests="7" assertions="13" errors="0" warnings="0" failures="0" skipped="0" time="0.051386">
        <testcase name="testDeckHas52CardsInitially" class="App\Tests\Game\DeckOfCardsGameTest" classname="App.Tests.Game.DeckOfCardsGameTest" file="/home/mita23/dbwebb-kurser/mvc/me/report/tests/Game/DeckOfCardsGameTest.php" line="16" assertions="1" time="0.003445"/>
        <testcase name="testShuffleDeck" class="App\Tests\Game\DeckOfCardsGameTest" classname="App.Tests.Game.DeckOfCardsGameTest" file="/home/mita23/dbwebb-kurser/mvc/me/report/tests/Game/DeckOfCardsGameTest.php" line="25" assertions="2" time="0.034286"/>
        <testcase name="testDrawOneCard" class="App\Tests\Game\DeckOfCardsGameTest" classname="App.Tests.Game.DeckOfCardsGameTest" file="/home/mita23/dbwebb-kurser/mvc/me/report/tests/Game/DeckOfCardsGameTest.php" line="38" assertions="2" time="0.001529"/>
        <testcase name="testDrawManyCards" class="App\Tests\Game\DeckOfCardsGameTest" classname="App.Tests.Game.DeckOfCardsGameTest" file="/home/mita23/dbwebb-kurser/mvc/me/report/tests/Game/DeckOfCardsGameTest.php" line="49" assertions="2" time="0.003120"/>
        <testcase name="testSortedCards" class="App\Tests\Game\DeckOfCardsGameTest" classname="App.Tests.Game.DeckOfCardsGameTest" file="/home/mita23/dbwebb-kurser/mvc/me/report/tests/Game/DeckOfCardsGameTest.php" line="60" assertions="2" time="0.005485"/>
        <testcase name="testDrawWhenDeckIsEmpty" class="App\Tests\Game\DeckOfCardsGameTest" classname="App.Tests.Game.DeckOfCardsGameTest" file="/home/mita23/dbwebb-kurser/mvc/me/report/tests/Game/DeckOfCardsGameTest.php" line="71" assertions="1" time="0.002082"/>
        <testcase name="testCount" class="App\Tests\Game\DeckOfCardsGameTest" classname="App.Tests.Game.DeckOfCardsGameTest" file="/home/mita23/dbwebb-kurser/mvc/me/report/tests/Game/DeckOfCardsGameTest.php" line="83" assertions="3" time="0.001439"/>
      </testsuite>
      <testsuite name="App\Tests\Game\GameTest" file="/home/mita23/dbwebb-kurser/mvc/me/report/tests/Game/GameTest.php" tests="9" assertions="11" errors="0" warnings="0" failures="0" skipped="0" time="0.024140">
        <testcase name="testGameStarts" class="App\Tests\Game\GameTest" classname="App.Tests.Game.GameTest" file="/home/mita23/dbwebb-kurser/mvc/me/report/tests/Game/GameTest.php" line="19" assertions="1" time="0.005949"/>
        <testcase name="testPlayerHit" class="App\Tests\Game\GameTest" classname="App.Tests.Game.GameTest" file="/home/mita23/dbwebb-kurser/mvc/me/report/tests/Game/GameTest.php" line="29" assertions="1" time="0.002132"/>
        <testcase name="testGameStand" class="App\Tests\Game\GameTest" classname="App.Tests.Game.GameTest" file="/home/mita23/dbwebb-kurser/mvc/me/report/tests/Game/GameTest.php" line="41" assertions="1" time="0.004603"/>
        <testcase name="testGetDealerReturnsDealerInstance" class="App\Tests\Game\GameTest" classname="App.Tests.Game.GameTest" file="/home/mita23/dbwebb-kurser/mvc/me/report/tests/Game/GameTest.php" line="56" assertions="1" time="0.001472"/>
        <testcase name="testGetDeckReturnsDeckInstance" class="App\Tests\Game\GameTest" classname="App.Tests.Game.GameTest" file="/home/mita23/dbwebb-kurser/mvc/me/report/tests/Game/GameTest.php" line="65" assertions="1" time="0.001523"/>
        <testcase name="testHitWhenGameNotOngoing" class="App\Tests\Game\GameTest" classname="App.Tests.Game.GameTest" file="/home/mita23/dbwebb-kurser/mvc/me/report/tests/Game/GameTest.php" line="74" assertions="1" time="0.001444"/>
        <testcase name="testStandWhenGameNotOngoing" class="App\Tests\Game\GameTest" classname="App.Tests.Game.GameTest" file="/home/mita23/dbwebb-kurser/mvc/me/report/tests/Game/GameTest.php" line="85" assertions="1" time="0.001899"/>
        <testcase name="testPlayerBustOnHit" class="App\Tests\Game\GameTest" classname="App.Tests.Game.GameTest" file="/home/mita23/dbwebb-kurser/mvc/me/report/tests/Game/GameTest.php" line="95" assertions="1" time="0.002467"/>
        <testcase name="testDealerDrawsCardsBelow17" class="App\Tests\Game\GameTest" classname="App.Tests.Game.GameTest" file="/home/mita23/dbwebb-kurser/mvc/me/report/tests/Game/GameTest.php" line="110" assertions="3" time="0.002652"/>
      </testsuite>
      <testsuite name="App\Tests\Game\PlayerTest" file="/home/mita23/dbwebb-kurser/mvc/me/report/tests/Game/PlayerTest.php" tests="4" assertions="4" errors="0" warnings="0" failures="0" skipped="0" time="0.003746">
        <testcase name="testCreatePlayer" class="App\Tests\Game\PlayerTest" classname="App.Tests.Game.PlayerTest" file="/home/mita23/dbwebb-kurser/mvc/me/report/tests/Game/PlayerTest.php" line="17" assertions="1" time="0.000866"/>
        <testcase name="testAddCardAndGetScore" class="App\Tests\Game\PlayerTest" classname="App.Tests.Game.PlayerTest" file="/home/mita23/dbwebb-kurser/mvc/me/report/tests/Game/PlayerTest.php" line="26" assertions="1" time="0.000964"/>
        <testcase name="testClearHand" class="App\Tests\Game\PlayerTest" classname="App.Tests.Game.PlayerTest" file="/home/mita23/dbwebb-kurser/mvc/me/report/tests/Game/PlayerTest.php" line="37" assertions="1" time="0.000929"/>
        <testcase name="testAceCountedAsOneWhenNeeded" class="App\Tests\Game\PlayerTest" classname="App.Tests.Game.PlayerTest" file="/home/mita23/dbwebb-kurser/mvc/me/report/tests/Game/PlayerTest.php" line="48" assertions="1" time="0.000986"/>
      </testsuite>
      <testsuite name="App\Tests\Repository\BookRepositoryTest" file="/home/mita23/dbwebb-kurser/mvc/me/report/tests/Repository/BookRepositoryTest.php" tests="1" assertions="1" errors="0" warnings="0" failures="0" skipped="0" time="0.086260">
        <testcase name="testConstructor" class="App\Tests\Repository\BookRepositoryTest" classname="App.Tests.Repository.BookRepositoryTest" file="/home/mita23/dbwebb-kurser/mvc/me/report/tests/Repository/BookRepositoryTest.php" line="31" assertions="1" time="0.086260"/>
      </testsuite>
      <testsuite name="App\Tests\Repository\ProductRepositoryTest" file="/home/mita23/dbwebb-kurser/mvc/me/report/tests/Repository/ProductRepositoryTest.php" tests="2" assertions="7" errors="0" warnings="0" failures="0" skipped="0" time="0.150066">
        <testcase name="testFindByMinimumValue" class="App\Tests\Repository\ProductRepositoryTest" classname="App.Tests.Repository.ProductRepositoryTest" file="/home/mita23/dbwebb-kurser/mvc/me/report/tests/Repository/ProductRepositoryTest.php" line="42" assertions="3" time="0.110324"/>
        <testcase name="testFindByMinimumValue2" class="App\Tests\Repository\ProductRepositoryTest" classname="App.Tests.Repository.ProductRepositoryTest" file="/home/mita23/dbwebb-kurser/mvc/me/report/tests/Repository/ProductRepositoryTest.php" line="52" assertions="4" time="0.039743"/>
      </testsuite>
    </testsuite>
  </testsuite>
</testsuites>
