<?xml version="1.0" encoding="UTF-8"?>
<testsuites>
  <testsuite name="" tests="54" assertions="137" errors="0" warnings="0" failures="0" skipped="0" time="1.502228">
    <testsuite name="Project Test Suite" tests="54" assertions="137" errors="0" warnings="0" failures="0" skipped="0" time="1.502228">
      <testsuite name="App\Card\CardGraphicTest" file="/home/mita23/dbwebb-kurser/mvc/me/report/tests/Card/CardGraphicTest.php" tests="2" assertions="5" errors="0" warnings="0" failures="0" skipped="0" time="0.096126">
        <testcase name="testGetAsString" class="App\Card\CardGraphicTest" classname="App.Card.CardGraphicTest" file="/home/mita23/dbwebb-kurser/mvc/me/report/tests/Card/CardGraphicTest.php" line="15" assertions="4" time="0.030714"/>
        <testcase name="testGetAsStringInvalidSuit" class="App\Card\CardGraphicTest" classname="App.Card.CardGraphicTest" file="/home/mita23/dbwebb-kurser/mvc/me/report/tests/Card/CardGraphicTest.php" line="33" assertions="1" time="0.065412"/>
      </testsuite>
      <testsuite name="App\Tests\Card\CardHandTest" file="/home/mita23/dbwebb-kurser/mvc/me/report/tests/Card/CardHandTest.php" tests="1" assertions="5" errors="0" warnings="0" failures="0" skipped="0" time="0.009028">
        <testcase name="testAddGetClearCards" class="App\Tests\Card\CardHandTest" classname="App.Tests.Card.CardHandTest" file="/home/mita23/dbwebb-kurser/mvc/me/report/tests/Card/CardHandTest.php" line="17" assertions="5" time="0.009028"/>
      </testsuite>
      <testsuite name="App\Card\CardTest" file="/home/mita23/dbwebb-kurser/mvc/me/report/tests/Card/CardTest.php" tests="4" assertions="14" errors="0" warnings="0" failures="0" skipped="0" time="0.011774">
        <testcase name="testCreateCard" class="App\Card\CardTest" classname="App.Card.CardTest" file="/home/mita23/dbwebb-kurser/mvc/me/report/tests/Card/CardTest.php" line="15" assertions="4" time="0.003151"/>
        <testcase name="testDifferentSuitsAndValues" class="App\Card\CardTest" classname="App.Card.CardTest" file="/home/mita23/dbwebb-kurser/mvc/me/report/tests/Card/CardTest.php" line="27" assertions="6" time="0.001100"/>
        <testcase name="testInvalidSuit" class="App\Card\CardTest" classname="App.Card.CardTest" file="/home/mita23/dbwebb-kurser/mvc/me/report/tests/Card/CardTest.php" line="43" assertions="2" time="0.006540"/>
        <testcase name="testInvalidValue" class="App\Card\CardTest" classname="App.Card.CardTest" file="/home/mita23/dbwebb-kurser/mvc/me/report/tests/Card/CardTest.php" line="53" assertions="2" time="0.000983"/>
      </testsuite>
      <testsuite name="App\Card\DeckOfCardsTest" file="/home/mita23/dbwebb-kurser/mvc/me/report/tests/Card/DeckOfCardsTest.php" tests="6" assertions="25" errors="0" warnings="0" failures="0" skipped="0" time="0.076786">
        <testcase name="testConstructAndGetCards" class="App\Card\DeckOfCardsTest" classname="App.Card.DeckOfCardsTest" file="/home/mita23/dbwebb-kurser/mvc/me/report/tests/Card/DeckOfCardsTest.php" line="15" assertions="5" time="0.006316"/>
        <testcase name="testShuffle" class="App\Card\DeckOfCardsTest" classname="App.Card.DeckOfCardsTest" file="/home/mita23/dbwebb-kurser/mvc/me/report/tests/Card/DeckOfCardsTest.php" line="30" assertions="2" time="0.051806"/>
        <testcase name="testDraw" class="App\Card\DeckOfCardsTest" classname="App.Card.DeckOfCardsTest" file="/home/mita23/dbwebb-kurser/mvc/me/report/tests/Card/DeckOfCardsTest.php" line="46" assertions="3" time="0.003444"/>
        <testcase name="testDrawMany" class="App\Card\DeckOfCardsTest" classname="App.Card.DeckOfCardsTest" file="/home/mita23/dbwebb-kurser/mvc/me/report/tests/Card/DeckOfCardsTest.php" line="64" assertions="8" time="0.002644"/>
        <testcase name="testSortedCards" class="App\Card\DeckOfCardsTest" classname="App.Card.DeckOfCardsTest" file="/home/mita23/dbwebb-kurser/mvc/me/report/tests/Card/DeckOfCardsTest.php" line="83" assertions="4" time="0.009940"/>
        <testcase name="testCount" class="App\Card\DeckOfCardsTest" classname="App.Card.DeckOfCardsTest" file="/home/mita23/dbwebb-kurser/mvc/me/report/tests/Card/DeckOfCardsTest.php" line="100" assertions="3" time="0.002636"/>
      </testsuite>
      <testsuite name="App\Dice\DiceGraphicTest" file="/home/mita23/dbwebb-kurser/mvc/me/report/tests/Dice/DiceGraphicTest.php" tests="3" assertions="13" errors="0" warnings="0" failures="0" skipped="0" time="0.048710">
        <testcase name="testCreateDiceGraphic" class="App\Dice\DiceGraphicTest" classname="App.Dice.DiceGraphicTest" file="/home/mita23/dbwebb-kurser/mvc/me/report/tests/Dice/DiceGraphicTest.php" line="15" assertions="3" time="0.007372"/>
        <testcase name="testRollAndGetAsString" class="App\Dice\DiceGraphicTest" classname="App.Dice.DiceGraphicTest" file="/home/mita23/dbwebb-kurser/mvc/me/report/tests/Dice/DiceGraphicTest.php" line="27" assertions="5" time="0.039662"/>
        <testcase name="testGetAsStringInvalidValue" class="App\Dice\DiceGraphicTest" classname="App.Dice.DiceGraphicTest" file="/home/mita23/dbwebb-kurser/mvc/me/report/tests/Dice/DiceGraphicTest.php" line="43" assertions="5" time="0.001676"/>
      </testsuite>
      <testsuite name="App\Dice\DiceHandTest" file="/home/mita23/dbwebb-kurser/mvc/me/report/tests/Dice/DiceHandTest.php" tests="3" assertions="8" errors="0" warnings="0" failures="0" skipped="0" time="0.010092">
        <testcase name="testGetNumberDices" class="App\Dice\DiceHandTest" classname="App.Dice.DiceHandTest" file="/home/mita23/dbwebb-kurser/mvc/me/report/tests/Dice/DiceHandTest.php" line="15" assertions="2" time="0.006062"/>
        <testcase name="testRoll" class="App\Dice\DiceHandTest" classname="App.Dice.DiceHandTest" file="/home/mita23/dbwebb-kurser/mvc/me/report/tests/Dice/DiceHandTest.php" line="28" assertions="4" time="0.002334"/>
        <testcase name="testGetString" class="App\Dice\DiceHandTest" classname="App.Dice.DiceHandTest" file="/home/mita23/dbwebb-kurser/mvc/me/report/tests/Dice/DiceHandTest.php" line="44" assertions="2" time="0.001695"/>
      </testsuite>
      <testsuite name="App\Dice\DiceTest" file="/home/mita23/dbwebb-kurser/mvc/me/report/tests/Dice/DiceTest.php" tests="3" assertions="9" errors="0" warnings="0" failures="0" skipped="0" time="0.005552">
        <testcase name="testCreateDice" class="App\Dice\DiceTest" classname="App.Dice.DiceTest" file="/home/mita23/dbwebb-kurser/mvc/me/report/tests/Dice/DiceTest.php" line="16" assertions="2" time="0.001426"/>
        <testcase name="testRoll" class="App\Dice\DiceTest" classname="App.Dice.DiceTest" file="/home/mita23/dbwebb-kurser/mvc/me/report/tests/Dice/DiceTest.php" line="28" assertions="5" time="0.003117"/>
        <testcase name="testGetValues" class="App\Dice\DiceTest" classname="App.Dice.DiceTest" file="/home/mita23/dbwebb-kurser/mvc/me/report/tests/Dice/DiceTest.php" line="41" assertions="2" time="0.001009"/>
      </testsuite>
      <testsuite name="App\Tests\Game\CardGameGraphicTest" file="/home/mita23/dbwebb-kurser/mvc/me/report/tests/Game/CardGameGraphicTest.php" tests="5" assertions="15" errors="0" warnings="0" failures="0" skipped="0" time="0.009836">
        <testcase name="testCreateCard" class="App\Tests\Game\CardGameGraphicTest" classname="App.Tests.Game.CardGameGraphicTest" file="/home/mita23/dbwebb-kurser/mvc/me/report/tests/Game/CardGameGraphicTest.php" line="16" assertions="3" time="0.005311"/>
        <testcase name="testGraphicCardToString" class="App\Tests\Game\CardGameGraphicTest" classname="App.Tests.Game.CardGameGraphicTest" file="/home/mita23/dbwebb-kurser/mvc/me/report/tests/Game/CardGameGraphicTest.php" line="27" assertions="2" time="0.000997"/>
        <testcase name="testToStringAllSuits" class="App\Tests\Game\CardGameGraphicTest" classname="App.Tests.Game.CardGameGraphicTest" file="/home/mita23/dbwebb-kurser/mvc/me/report/tests/Game/CardGameGraphicTest.php" line="39" assertions="4" time="0.001541"/>
        <testcase name="testGetAsString" class="App\Tests\Game\CardGameGraphicTest" classname="App.Tests.Game.CardGameGraphicTest" file="/home/mita23/dbwebb-kurser/mvc/me/report/tests/Game/CardGameGraphicTest.php" line="57" assertions="1" time="0.000897"/>
        <testcase name="testGetSuitUnicode" class="App\Tests\Game\CardGameGraphicTest" classname="App.Tests.Game.CardGameGraphicTest" file="/home/mita23/dbwebb-kurser/mvc/me/report/tests/Game/CardGameGraphicTest.php" line="66" assertions="5" time="0.001090"/>
      </testsuite>
      <testsuite name="App\Tests\Game\CardGameTest" file="/home/mita23/dbwebb-kurser/mvc/me/report/tests/Game/CardGameTest.php" tests="4" assertions="8" errors="0" warnings="0" failures="0" skipped="0" time="0.005496">
        <testcase name="testCreateCard" class="App\Tests\Game\CardGameTest" classname="App.Tests.Game.CardGameTest" file="/home/mita23/dbwebb-kurser/mvc/me/report/tests/Game/CardGameTest.php" line="16" assertions="3" time="0.002350"/>
        <testcase name="testToString" class="App\Tests\Game\CardGameTest" classname="App.Tests.Game.CardGameTest" file="/home/mita23/dbwebb-kurser/mvc/me/report/tests/Game/CardGameTest.php" line="27" assertions="1" time="0.000928"/>
        <testcase name="testNumericValue" class="App\Tests\Game\CardGameTest" classname="App.Tests.Game.CardGameTest" file="/home/mita23/dbwebb-kurser/mvc/me/report/tests/Game/CardGameTest.php" line="36" assertions="3" time="0.001013"/>
        <testcase name="testGetAsString" class="App\Tests\Game\CardGameTest" classname="App.Tests.Game.CardGameTest" file="/home/mita23/dbwebb-kurser/mvc/me/report/tests/Game/CardGameTest.php" line="51" assertions="1" time="0.001205"/>
      </testsuite>
      <testsuite name="App\Tests\Game\DeckOfCardsGameTest" file="/home/mita23/dbwebb-kurser/mvc/me/report/tests/Game/DeckOfCardsGameTest.php" tests="7" assertions="13" errors="0" warnings="0" failures="0" skipped="0" time="0.073227">
        <testcase name="testDeckHas52CardsInitially" class="App\Tests\Game\DeckOfCardsGameTest" classname="App.Tests.Game.DeckOfCardsGameTest" file="/home/mita23/dbwebb-kurser/mvc/me/report/tests/Game/DeckOfCardsGameTest.php" line="16" assertions="1" time="0.003528"/>
        <testcase name="testShuffleDeck" class="App\Tests\Game\DeckOfCardsGameTest" classname="App.Tests.Game.DeckOfCardsGameTest" file="/home/mita23/dbwebb-kurser/mvc/me/report/tests/Game/DeckOfCardsGameTest.php" line="25" assertions="2" time="0.049673"/>
        <testcase name="testDrawOneCard" class="App\Tests\Game\DeckOfCardsGameTest" classname="App.Tests.Game.DeckOfCardsGameTest" file="/home/mita23/dbwebb-kurser/mvc/me/report/tests/Game/DeckOfCardsGameTest.php" line="38" assertions="2" time="0.004088"/>
        <testcase name="testDrawManyCards" class="App\Tests\Game\DeckOfCardsGameTest" classname="App.Tests.Game.DeckOfCardsGameTest" file="/home/mita23/dbwebb-kurser/mvc/me/report/tests/Game/DeckOfCardsGameTest.php" line="49" assertions="2" time="0.001436"/>
        <testcase name="testSortedCards" class="App\Tests\Game\DeckOfCardsGameTest" classname="App.Tests.Game.DeckOfCardsGameTest" file="/home/mita23/dbwebb-kurser/mvc/me/report/tests/Game/DeckOfCardsGameTest.php" line="60" assertions="2" time="0.007299"/>
        <testcase name="testDrawWhenDeckIsEmpty" class="App\Tests\Game\DeckOfCardsGameTest" classname="App.Tests.Game.DeckOfCardsGameTest" file="/home/mita23/dbwebb-kurser/mvc/me/report/tests/Game/DeckOfCardsGameTest.php" line="71" assertions="1" time="0.004974"/>
        <testcase name="testCount" class="App\Tests\Game\DeckOfCardsGameTest" classname="App.Tests.Game.DeckOfCardsGameTest" file="/home/mita23/dbwebb-kurser/mvc/me/report/tests/Game/DeckOfCardsGameTest.php" line="83" assertions="3" time="0.002230"/>
      </testsuite>
      <testsuite name="App\Tests\Game\GameTest" file="/home/mita23/dbwebb-kurser/mvc/me/report/tests/Game/GameTest.php" tests="9" assertions="11" errors="0" warnings="0" failures="0" skipped="0" time="0.026425">
        <testcase name="testGameStarts" class="App\Tests\Game\GameTest" classname="App.Tests.Game.GameTest" file="/home/mita23/dbwebb-kurser/mvc/me/report/tests/Game/GameTest.php" line="19" assertions="1" time="0.006051"/>
        <testcase name="testPlayerHit" class="App\Tests\Game\GameTest" classname="App.Tests.Game.GameTest" file="/home/mita23/dbwebb-kurser/mvc/me/report/tests/Game/GameTest.php" line="29" assertions="1" time="0.002461"/>
        <testcase name="testGameStand" class="App\Tests\Game\GameTest" classname="App.Tests.Game.GameTest" file="/home/mita23/dbwebb-kurser/mvc/me/report/tests/Game/GameTest.php" line="41" assertions="1" time="0.006305"/>
        <testcase name="testGetDealerReturnsDealerInstance" class="App\Tests\Game\GameTest" classname="App.Tests.Game.GameTest" file="/home/mita23/dbwebb-kurser/mvc/me/report/tests/Game/GameTest.php" line="56" assertions="1" time="0.001428"/>
        <testcase name="testGetDeckReturnsDeckInstance" class="App\Tests\Game\GameTest" classname="App.Tests.Game.GameTest" file="/home/mita23/dbwebb-kurser/mvc/me/report/tests/Game/GameTest.php" line="65" assertions="1" time="0.001429"/>
        <testcase name="testHitWhenGameNotOngoing" class="App\Tests\Game\GameTest" classname="App.Tests.Game.GameTest" file="/home/mita23/dbwebb-kurser/mvc/me/report/tests/Game/GameTest.php" line="74" assertions="1" time="0.001465"/>
        <testcase name="testStandWhenGameNotOngoing" class="App\Tests\Game\GameTest" classname="App.Tests.Game.GameTest" file="/home/mita23/dbwebb-kurser/mvc/me/report/tests/Game/GameTest.php" line="85" assertions="1" time="0.001422"/>
        <testcase name="testPlayerBustOnHit" class="App\Tests\Game\GameTest" classname="App.Tests.Game.GameTest" file="/home/mita23/dbwebb-kurser/mvc/me/report/tests/Game/GameTest.php" line="95" assertions="1" time="0.003073"/>
        <testcase name="testDealerDrawsCardsBelow17" class="App\Tests\Game\GameTest" classname="App.Tests.Game.GameTest" file="/home/mita23/dbwebb-kurser/mvc/me/report/tests/Game/GameTest.php" line="110" assertions="3" time="0.002791"/>
      </testsuite>
      <testsuite name="App\Tests\Game\PlayerTest" file="/home/mita23/dbwebb-kurser/mvc/me/report/tests/Game/PlayerTest.php" tests="4" assertions="4" errors="0" warnings="0" failures="0" skipped="0" time="0.003773">
        <testcase name="testCreatePlayer" class="App\Tests\Game\PlayerTest" classname="App.Tests.Game.PlayerTest" file="/home/mita23/dbwebb-kurser/mvc/me/report/tests/Game/PlayerTest.php" line="17" assertions="1" time="0.000861"/>
        <testcase name="testAddCardAndGetScore" class="App\Tests\Game\PlayerTest" classname="App.Tests.Game.PlayerTest" file="/home/mita23/dbwebb-kurser/mvc/me/report/tests/Game/PlayerTest.php" line="26" assertions="1" time="0.000960"/>
        <testcase name="testClearHand" class="App\Tests\Game\PlayerTest" classname="App.Tests.Game.PlayerTest" file="/home/mita23/dbwebb-kurser/mvc/me/report/tests/Game/PlayerTest.php" line="37" assertions="1" time="0.000935"/>
        <testcase name="testAceCountedAsOneWhenNeeded" class="App\Tests\Game\PlayerTest" classname="App.Tests.Game.PlayerTest" file="/home/mita23/dbwebb-kurser/mvc/me/report/tests/Game/PlayerTest.php" line="48" assertions="1" time="0.001018"/>
      </testsuite>
      <testsuite name="App\Tests\Repository\BookRepositoryTest" file="/home/mita23/dbwebb-kurser/mvc/me/report/tests/Repository/BookRepositoryTest.php" tests="1" assertions="1" errors="0" warnings="0" failures="0" skipped="0" time="0.393052">
        <testcase name="testConstructor" class="App\Tests\Repository\BookRepositoryTest" classname="App.Tests.Repository.BookRepositoryTest" file="/home/mita23/dbwebb-kurser/mvc/me/report/tests/Repository/BookRepositoryTest.php" line="35" assertions="1" time="0.393052"/>
      </testsuite>
      <testsuite name="App\Tests\Repository\ProductRepositoryTest" file="/home/mita23/dbwebb-kurser/mvc/me/report/tests/Repository/ProductRepositoryTest.php" tests="2" assertions="6" errors="0" warnings="0" failures="0" skipped="0" time="0.732350">
        <testcase name="testFindByMinimumValue" class="App\Tests\Repository\ProductRepositoryTest" classname="App.Tests.Repository.ProductRepositoryTest" file="/home/mita23/dbwebb-kurser/mvc/me/report/tests/Repository/ProductRepositoryTest.php" line="52" assertions="3" time="0.684769"/>
        <testcase name="testFindByMinimumValue2" class="App\Tests\Repository\ProductRepositoryTest" classname="App.Tests.Repository.ProductRepositoryTest" file="/home/mita23/dbwebb-kurser/mvc/me/report/tests/Repository/ProductRepositoryTest.php" line="63" assertions="3" time="0.047581"/>
      </testsuite>
    </testsuite>
  </testsuite>
</testsuites>
