<?xml version="1.0" encoding="UTF-8"?>
<testsuites>
  <testsuite name="" tests="139" assertions="496" errors="0" warnings="0" failures="0" skipped="0" time="30.549380">
    <testsuite name="Project Test Suite" tests="139" assertions="496" errors="0" warnings="0" failures="0" skipped="0" time="30.549380">
      <testsuite name="App\Card\CardGraphicTest" file="/home/mita23/dbwebb-kurser/mvc/me/report/tests/Card/CardGraphicTest.php" tests="2" assertions="5" errors="0" warnings="0" failures="0" skipped="0" time="0.090391">
        <testcase name="testGetAsString" class="App\Card\CardGraphicTest" classname="App.Card.CardGraphicTest" file="/home/mita23/dbwebb-kurser/mvc/me/report/tests/Card/CardGraphicTest.php" line="15" assertions="4" time="0.033826"/>
        <testcase name="testGetAsStringInvalidSuit" class="App\Card\CardGraphicTest" classname="App.Card.CardGraphicTest" file="/home/mita23/dbwebb-kurser/mvc/me/report/tests/Card/CardGraphicTest.php" line="33" assertions="1" time="0.056565"/>
      </testsuite>
      <testsuite name="App\Tests\Card\CardHandTest" file="/home/mita23/dbwebb-kurser/mvc/me/report/tests/Card/CardHandTest.php" tests="1" assertions="5" errors="0" warnings="0" failures="0" skipped="0" time="0.006631">
        <testcase name="testAddGetClearCards" class="App\Tests\Card\CardHandTest" classname="App.Tests.Card.CardHandTest" file="/home/mita23/dbwebb-kurser/mvc/me/report/tests/Card/CardHandTest.php" line="17" assertions="5" time="0.006631"/>
      </testsuite>
      <testsuite name="App\Card\CardTest" file="/home/mita23/dbwebb-kurser/mvc/me/report/tests/Card/CardTest.php" tests="4" assertions="14" errors="0" warnings="0" failures="0" skipped="0" time="0.011374">
        <testcase name="testCreateCard" class="App\Card\CardTest" classname="App.Card.CardTest" file="/home/mita23/dbwebb-kurser/mvc/me/report/tests/Card/CardTest.php" line="15" assertions="4" time="0.002658"/>
        <testcase name="testDifferentSuitsAndValues" class="App\Card\CardTest" classname="App.Card.CardTest" file="/home/mita23/dbwebb-kurser/mvc/me/report/tests/Card/CardTest.php" line="27" assertions="6" time="0.001442"/>
        <testcase name="testInvalidSuit" class="App\Card\CardTest" classname="App.Card.CardTest" file="/home/mita23/dbwebb-kurser/mvc/me/report/tests/Card/CardTest.php" line="43" assertions="2" time="0.006078"/>
        <testcase name="testInvalidValue" class="App\Card\CardTest" classname="App.Card.CardTest" file="/home/mita23/dbwebb-kurser/mvc/me/report/tests/Card/CardTest.php" line="53" assertions="2" time="0.001196"/>
      </testsuite>
      <testsuite name="App\Card\DeckOfCardsTest" file="/home/mita23/dbwebb-kurser/mvc/me/report/tests/Card/DeckOfCardsTest.php" tests="6" assertions="25" errors="0" warnings="0" failures="0" skipped="0" time="0.074145">
        <testcase name="testConstructAndGetCards" class="App\Card\DeckOfCardsTest" classname="App.Card.DeckOfCardsTest" file="/home/mita23/dbwebb-kurser/mvc/me/report/tests/Card/DeckOfCardsTest.php" line="15" assertions="5" time="0.004890"/>
        <testcase name="testShuffle" class="App\Card\DeckOfCardsTest" classname="App.Card.DeckOfCardsTest" file="/home/mita23/dbwebb-kurser/mvc/me/report/tests/Card/DeckOfCardsTest.php" line="30" assertions="2" time="0.045763"/>
        <testcase name="testDraw" class="App\Card\DeckOfCardsTest" classname="App.Card.DeckOfCardsTest" file="/home/mita23/dbwebb-kurser/mvc/me/report/tests/Card/DeckOfCardsTest.php" line="46" assertions="3" time="0.004336"/>
        <testcase name="testDrawMany" class="App\Card\DeckOfCardsTest" classname="App.Card.DeckOfCardsTest" file="/home/mita23/dbwebb-kurser/mvc/me/report/tests/Card/DeckOfCardsTest.php" line="64" assertions="8" time="0.002012"/>
        <testcase name="testSortedCards" class="App\Card\DeckOfCardsTest" classname="App.Card.DeckOfCardsTest" file="/home/mita23/dbwebb-kurser/mvc/me/report/tests/Card/DeckOfCardsTest.php" line="83" assertions="4" time="0.014532"/>
        <testcase name="testCount" class="App\Card\DeckOfCardsTest" classname="App.Card.DeckOfCardsTest" file="/home/mita23/dbwebb-kurser/mvc/me/report/tests/Card/DeckOfCardsTest.php" line="100" assertions="3" time="0.002612"/>
      </testsuite>
      <testsuite name="App\Dice\DiceGraphicTest" file="/home/mita23/dbwebb-kurser/mvc/me/report/tests/Dice/DiceGraphicTest.php" tests="3" assertions="13" errors="0" warnings="0" failures="0" skipped="0" time="0.015655">
        <testcase name="testCreateDiceGraphic" class="App\Dice\DiceGraphicTest" classname="App.Dice.DiceGraphicTest" file="/home/mita23/dbwebb-kurser/mvc/me/report/tests/Dice/DiceGraphicTest.php" line="15" assertions="3" time="0.002840"/>
        <testcase name="testRollAndGetAsString" class="App\Dice\DiceGraphicTest" classname="App.Dice.DiceGraphicTest" file="/home/mita23/dbwebb-kurser/mvc/me/report/tests/Dice/DiceGraphicTest.php" line="27" assertions="5" time="0.010652"/>
        <testcase name="testGetAsStringInvalidValue" class="App\Dice\DiceGraphicTest" classname="App.Dice.DiceGraphicTest" file="/home/mita23/dbwebb-kurser/mvc/me/report/tests/Dice/DiceGraphicTest.php" line="43" assertions="5" time="0.002162"/>
      </testsuite>
      <testsuite name="App\Dice\DiceHandTest" file="/home/mita23/dbwebb-kurser/mvc/me/report/tests/Dice/DiceHandTest.php" tests="3" assertions="8" errors="0" warnings="0" failures="0" skipped="0" time="0.006526">
        <testcase name="testGetNumberDices" class="App\Dice\DiceHandTest" classname="App.Dice.DiceHandTest" file="/home/mita23/dbwebb-kurser/mvc/me/report/tests/Dice/DiceHandTest.php" line="15" assertions="2" time="0.002587"/>
        <testcase name="testRoll" class="App\Dice\DiceHandTest" classname="App.Dice.DiceHandTest" file="/home/mita23/dbwebb-kurser/mvc/me/report/tests/Dice/DiceHandTest.php" line="28" assertions="4" time="0.002385"/>
        <testcase name="testGetString" class="App\Dice\DiceHandTest" classname="App.Dice.DiceHandTest" file="/home/mita23/dbwebb-kurser/mvc/me/report/tests/Dice/DiceHandTest.php" line="44" assertions="2" time="0.001554"/>
      </testsuite>
      <testsuite name="App\Dice\DiceTest" file="/home/mita23/dbwebb-kurser/mvc/me/report/tests/Dice/DiceTest.php" tests="3" assertions="9" errors="0" warnings="0" failures="0" skipped="0" time="0.004967">
        <testcase name="testCreateDice" class="App\Dice\DiceTest" classname="App.Dice.DiceTest" file="/home/mita23/dbwebb-kurser/mvc/me/report/tests/Dice/DiceTest.php" line="16" assertions="2" time="0.001492"/>
        <testcase name="testRoll" class="App\Dice\DiceTest" classname="App.Dice.DiceTest" file="/home/mita23/dbwebb-kurser/mvc/me/report/tests/Dice/DiceTest.php" line="28" assertions="5" time="0.001992"/>
        <testcase name="testGetValues" class="App\Dice\DiceTest" classname="App.Dice.DiceTest" file="/home/mita23/dbwebb-kurser/mvc/me/report/tests/Dice/DiceTest.php" line="41" assertions="2" time="0.001483"/>
      </testsuite>
      <testsuite name="App\Tests\Game\CardGameGraphicTest" file="/home/mita23/dbwebb-kurser/mvc/me/report/tests/Game/CardGameGraphicTest.php" tests="5" assertions="15" errors="0" warnings="0" failures="0" skipped="0" time="0.012958">
        <testcase name="testCreateCard" class="App\Tests\Game\CardGameGraphicTest" classname="App.Tests.Game.CardGameGraphicTest" file="/home/mita23/dbwebb-kurser/mvc/me/report/tests/Game/CardGameGraphicTest.php" line="16" assertions="3" time="0.007017"/>
        <testcase name="testGraphicCardToString" class="App\Tests\Game\CardGameGraphicTest" classname="App.Tests.Game.CardGameGraphicTest" file="/home/mita23/dbwebb-kurser/mvc/me/report/tests/Game/CardGameGraphicTest.php" line="27" assertions="2" time="0.001387"/>
        <testcase name="testToStringAllSuits" class="App\Tests\Game\CardGameGraphicTest" classname="App.Tests.Game.CardGameGraphicTest" file="/home/mita23/dbwebb-kurser/mvc/me/report/tests/Game/CardGameGraphicTest.php" line="39" assertions="4" time="0.001465"/>
        <testcase name="testGetAsString" class="App\Tests\Game\CardGameGraphicTest" classname="App.Tests.Game.CardGameGraphicTest" file="/home/mita23/dbwebb-kurser/mvc/me/report/tests/Game/CardGameGraphicTest.php" line="57" assertions="1" time="0.001390"/>
        <testcase name="testGetSuitUnicode" class="App\Tests\Game\CardGameGraphicTest" classname="App.Tests.Game.CardGameGraphicTest" file="/home/mita23/dbwebb-kurser/mvc/me/report/tests/Game/CardGameGraphicTest.php" line="66" assertions="5" time="0.001699"/>
      </testsuite>
      <testsuite name="App\Tests\Game\CardGameTest" file="/home/mita23/dbwebb-kurser/mvc/me/report/tests/Game/CardGameTest.php" tests="4" assertions="8" errors="0" warnings="0" failures="0" skipped="0" time="0.005207">
        <testcase name="testCreateCard" class="App\Tests\Game\CardGameTest" classname="App.Tests.Game.CardGameTest" file="/home/mita23/dbwebb-kurser/mvc/me/report/tests/Game/CardGameTest.php" line="16" assertions="3" time="0.001398"/>
        <testcase name="testToString" class="App\Tests\Game\CardGameTest" classname="App.Tests.Game.CardGameTest" file="/home/mita23/dbwebb-kurser/mvc/me/report/tests/Game/CardGameTest.php" line="27" assertions="1" time="0.001015"/>
        <testcase name="testNumericValue" class="App\Tests\Game\CardGameTest" classname="App.Tests.Game.CardGameTest" file="/home/mita23/dbwebb-kurser/mvc/me/report/tests/Game/CardGameTest.php" line="36" assertions="3" time="0.001459"/>
        <testcase name="testGetAsString" class="App\Tests\Game\CardGameTest" classname="App.Tests.Game.CardGameTest" file="/home/mita23/dbwebb-kurser/mvc/me/report/tests/Game/CardGameTest.php" line="51" assertions="1" time="0.001335"/>
      </testsuite>
      <testsuite name="App\Tests\Game\DeckOfCardsGameTest" file="/home/mita23/dbwebb-kurser/mvc/me/report/tests/Game/DeckOfCardsGameTest.php" tests="7" assertions="13" errors="0" warnings="0" failures="0" skipped="0" time="0.062466">
        <testcase name="testDeckHas52CardsInitially" class="App\Tests\Game\DeckOfCardsGameTest" classname="App.Tests.Game.DeckOfCardsGameTest" file="/home/mita23/dbwebb-kurser/mvc/me/report/tests/Game/DeckOfCardsGameTest.php" line="16" assertions="1" time="0.005138"/>
        <testcase name="testShuffleDeck" class="App\Tests\Game\DeckOfCardsGameTest" classname="App.Tests.Game.DeckOfCardsGameTest" file="/home/mita23/dbwebb-kurser/mvc/me/report/tests/Game/DeckOfCardsGameTest.php" line="25" assertions="2" time="0.042079"/>
        <testcase name="testDrawOneCard" class="App\Tests\Game\DeckOfCardsGameTest" classname="App.Tests.Game.DeckOfCardsGameTest" file="/home/mita23/dbwebb-kurser/mvc/me/report/tests/Game/DeckOfCardsGameTest.php" line="38" assertions="2" time="0.001639"/>
        <testcase name="testDrawManyCards" class="App\Tests\Game\DeckOfCardsGameTest" classname="App.Tests.Game.DeckOfCardsGameTest" file="/home/mita23/dbwebb-kurser/mvc/me/report/tests/Game/DeckOfCardsGameTest.php" line="49" assertions="2" time="0.001934"/>
        <testcase name="testSortedCards" class="App\Tests\Game\DeckOfCardsGameTest" classname="App.Tests.Game.DeckOfCardsGameTest" file="/home/mita23/dbwebb-kurser/mvc/me/report/tests/Game/DeckOfCardsGameTest.php" line="60" assertions="2" time="0.008188"/>
        <testcase name="testDrawWhenDeckIsEmpty" class="App\Tests\Game\DeckOfCardsGameTest" classname="App.Tests.Game.DeckOfCardsGameTest" file="/home/mita23/dbwebb-kurser/mvc/me/report/tests/Game/DeckOfCardsGameTest.php" line="71" assertions="1" time="0.001852"/>
        <testcase name="testCount" class="App\Tests\Game\DeckOfCardsGameTest" classname="App.Tests.Game.DeckOfCardsGameTest" file="/home/mita23/dbwebb-kurser/mvc/me/report/tests/Game/DeckOfCardsGameTest.php" line="83" assertions="3" time="0.001636"/>
      </testsuite>
      <testsuite name="App\Tests\Game\GameTest" file="/home/mita23/dbwebb-kurser/mvc/me/report/tests/Game/GameTest.php" tests="9" assertions="11" errors="0" warnings="0" failures="0" skipped="0" time="0.030421">
        <testcase name="testGameStarts" class="App\Tests\Game\GameTest" classname="App.Tests.Game.GameTest" file="/home/mita23/dbwebb-kurser/mvc/me/report/tests/Game/GameTest.php" line="19" assertions="1" time="0.007578"/>
        <testcase name="testPlayerHit" class="App\Tests\Game\GameTest" classname="App.Tests.Game.GameTest" file="/home/mita23/dbwebb-kurser/mvc/me/report/tests/Game/GameTest.php" line="29" assertions="1" time="0.002959"/>
        <testcase name="testGameStand" class="App\Tests\Game\GameTest" classname="App.Tests.Game.GameTest" file="/home/mita23/dbwebb-kurser/mvc/me/report/tests/Game/GameTest.php" line="41" assertions="1" time="0.006727"/>
        <testcase name="testGetDealerReturnsDealerInstance" class="App\Tests\Game\GameTest" classname="App.Tests.Game.GameTest" file="/home/mita23/dbwebb-kurser/mvc/me/report/tests/Game/GameTest.php" line="56" assertions="1" time="0.001499"/>
        <testcase name="testGetDeckReturnsDeckInstance" class="App\Tests\Game\GameTest" classname="App.Tests.Game.GameTest" file="/home/mita23/dbwebb-kurser/mvc/me/report/tests/Game/GameTest.php" line="65" assertions="1" time="0.001626"/>
        <testcase name="testHitWhenGameNotOngoing" class="App\Tests\Game\GameTest" classname="App.Tests.Game.GameTest" file="/home/mita23/dbwebb-kurser/mvc/me/report/tests/Game/GameTest.php" line="74" assertions="1" time="0.001573"/>
        <testcase name="testStandWhenGameNotOngoing" class="App\Tests\Game\GameTest" classname="App.Tests.Game.GameTest" file="/home/mita23/dbwebb-kurser/mvc/me/report/tests/Game/GameTest.php" line="85" assertions="1" time="0.002184"/>
        <testcase name="testPlayerBustOnHit" class="App\Tests\Game\GameTest" classname="App.Tests.Game.GameTest" file="/home/mita23/dbwebb-kurser/mvc/me/report/tests/Game/GameTest.php" line="95" assertions="1" time="0.003684"/>
        <testcase name="testDealerDrawsCardsBelow17" class="App\Tests\Game\GameTest" classname="App.Tests.Game.GameTest" file="/home/mita23/dbwebb-kurser/mvc/me/report/tests/Game/GameTest.php" line="110" assertions="3" time="0.002591"/>
      </testsuite>
      <testsuite name="App\Tests\Game\PlayerTest" file="/home/mita23/dbwebb-kurser/mvc/me/report/tests/Game/PlayerTest.php" tests="4" assertions="4" errors="0" warnings="0" failures="0" skipped="0" time="0.004036">
        <testcase name="testCreatePlayer" class="App\Tests\Game\PlayerTest" classname="App.Tests.Game.PlayerTest" file="/home/mita23/dbwebb-kurser/mvc/me/report/tests/Game/PlayerTest.php" line="17" assertions="1" time="0.000903"/>
        <testcase name="testAddCardAndGetScore" class="App\Tests\Game\PlayerTest" classname="App.Tests.Game.PlayerTest" file="/home/mita23/dbwebb-kurser/mvc/me/report/tests/Game/PlayerTest.php" line="26" assertions="1" time="0.000969"/>
        <testcase name="testClearHand" class="App\Tests\Game\PlayerTest" classname="App.Tests.Game.PlayerTest" file="/home/mita23/dbwebb-kurser/mvc/me/report/tests/Game/PlayerTest.php" line="37" assertions="1" time="0.000939"/>
        <testcase name="testAceCountedAsOneWhenNeeded" class="App\Tests\Game\PlayerTest" classname="App.Tests.Game.PlayerTest" file="/home/mita23/dbwebb-kurser/mvc/me/report/tests/Game/PlayerTest.php" line="48" assertions="1" time="0.001225"/>
      </testsuite>
      <testsuite name="App\Project\BlackJackDeckTest" file="/home/mita23/dbwebb-kurser/mvc/me/report/tests/Project/BlackJackDeckTest.php" tests="8" assertions="90" errors="0" warnings="0" failures="0" skipped="0" time="0.092058">
        <testcase name="testConstructorCreatesFullDeck" class="App\Project\BlackJackDeckTest" classname="App.Project.BlackJackDeckTest" file="/home/mita23/dbwebb-kurser/mvc/me/report/tests/Project/BlackJackDeckTest.php" line="15" assertions="59" time="0.010863"/>
        <testcase name="testGetCardsReturnsAllCards" class="App\Project\BlackJackDeckTest" classname="App.Project.BlackJackDeckTest" file="/home/mita23/dbwebb-kurser/mvc/me/report/tests/Project/BlackJackDeckTest.php" line="51" assertions="1" time="0.002144"/>
        <testcase name="testShuffleChangesCardOrder" class="App\Project\BlackJackDeckTest" classname="App.Project.BlackJackDeckTest" file="/home/mita23/dbwebb-kurser/mvc/me/report/tests/Project/BlackJackDeckTest.php" line="61" assertions="4" time="0.065055"/>
        <testcase name="testDrawRemovesCardFromDeck" class="App\Project\BlackJackDeckTest" classname="App.Project.BlackJackDeckTest" file="/home/mita23/dbwebb-kurser/mvc/me/report/tests/Project/BlackJackDeckTest.php" line="83" assertions="4" time="0.002614"/>
        <testcase name="testSetCardsWithBlackJackGraphicObjects" class="App\Project\BlackJackDeckTest" classname="App.Project.BlackJackDeckTest" file="/home/mita23/dbwebb-kurser/mvc/me/report/tests/Project/BlackJackDeckTest.php" line="105" assertions="4" time="0.002075"/>
        <testcase name="testSetCardsWithArrayData" class="App\Project\BlackJackDeckTest" classname="App.Project.BlackJackDeckTest" file="/home/mita23/dbwebb-kurser/mvc/me/report/tests/Project/BlackJackDeckTest.php" line="123" assertions="10" time="0.003219"/>
        <testcase name="testSetCardsWithMixedData" class="App\Project\BlackJackDeckTest" classname="App.Project.BlackJackDeckTest" file="/home/mita23/dbwebb-kurser/mvc/me/report/tests/Project/BlackJackDeckTest.php" line="152" assertions="6" time="0.003316"/>
        <testcase name="testSetCardsWithEmptyArray" class="App\Project\BlackJackDeckTest" classname="App.Project.BlackJackDeckTest" file="/home/mita23/dbwebb-kurser/mvc/me/report/tests/Project/BlackJackDeckTest.php" line="174" assertions="2" time="0.002771"/>
      </testsuite>
      <testsuite name="App\Project\BlackJackGraphicTest" file="/home/mita23/dbwebb-kurser/mvc/me/report/tests/Project/BlackJackGraphicTest.php" tests="5" assertions="29" errors="0" warnings="0" failures="0" skipped="0" time="0.013996">
        <testcase name="testConstructorAndGetters" class="App\Project\BlackJackGraphicTest" classname="App.Project.BlackJackGraphicTest" file="/home/mita23/dbwebb-kurser/mvc/me/report/tests/Project/BlackJackGraphicTest.php" line="15" assertions="10" time="0.001516"/>
        <testcase name="testDetermineValue" class="App\Project\BlackJackGraphicTest" classname="App.Project.BlackJackGraphicTest" file="/home/mita23/dbwebb-kurser/mvc/me/report/tests/Project/BlackJackGraphicTest.php" line="37" assertions="6" time="0.001260"/>
        <testcase name="testGetSuitUnicode" class="App\Project\BlackJackGraphicTest" classname="App.Project.BlackJackGraphicTest" file="/home/mita23/dbwebb-kurser/mvc/me/report/tests/Project/BlackJackGraphicTest.php" line="61" assertions="5" time="0.001142"/>
        <testcase name="testToString" class="App\Project\BlackJackGraphicTest" classname="App.Project.BlackJackGraphicTest" file="/home/mita23/dbwebb-kurser/mvc/me/report/tests/Project/BlackJackGraphicTest.php" line="82" assertions="2" time="0.001016"/>
        <testcase name="testJsonSerialize" class="App\Project\BlackJackGraphicTest" classname="App.Project.BlackJackGraphicTest" file="/home/mita23/dbwebb-kurser/mvc/me/report/tests/Project/BlackJackGraphicTest.php" line="94" assertions="6" time="0.009062"/>
      </testsuite>
      <testsuite name="App\Tests\Project\BlackJackPlayerTest" file="/home/mita23/dbwebb-kurser/mvc/me/report/tests/Project/BlackJackPlayerTest.php" tests="41" assertions="128" errors="0" warnings="0" failures="0" skipped="0" time="0.122769">
        <testcase name="testConstruct" class="App\Tests\Project\BlackJackPlayerTest" classname="App.Tests.Project.BlackJackPlayerTest" file="/home/mita23/dbwebb-kurser/mvc/me/report/tests/Project/BlackJackPlayerTest.php" line="33" assertions="6" time="0.028550"/>
        <testcase name="testGetAndSetBalance" class="App\Tests\Project\BlackJackPlayerTest" classname="App.Tests.Project.BlackJackPlayerTest" file="/home/mita23/dbwebb-kurser/mvc/me/report/tests/Project/BlackJackPlayerTest.php" line="49" assertions="4" time="0.008587"/>
        <testcase name="testGetAndSetEntity" class="App\Tests\Project\BlackJackPlayerTest" classname="App.Tests.Project.BlackJackPlayerTest" file="/home/mita23/dbwebb-kurser/mvc/me/report/tests/Project/BlackJackPlayerTest.php" line="75" assertions="2" time="0.002054"/>
        <testcase name="testAddCard" class="App\Tests\Project\BlackJackPlayerTest" classname="App.Tests.Project.BlackJackPlayerTest" file="/home/mita23/dbwebb-kurser/mvc/me/report/tests/Project/BlackJackPlayerTest.php" line="88" assertions="8" time="0.003316"/>
        <testcase name="testGetHands" class="App\Tests\Project\BlackJackPlayerTest" classname="App.Tests.Project.BlackJackPlayerTest" file="/home/mita23/dbwebb-kurser/mvc/me/report/tests/Project/BlackJackPlayerTest.php" line="113" assertions="3" time="0.001636"/>
        <testcase name="testGetHand" class="App\Tests\Project\BlackJackPlayerTest" classname="App.Tests.Project.BlackJackPlayerTest" file="/home/mita23/dbwebb-kurser/mvc/me/report/tests/Project/BlackJackPlayerTest.php" line="134" assertions="3" time="0.001613"/>
        <testcase name="testGetName" class="App\Tests\Project\BlackJackPlayerTest" classname="App.Tests.Project.BlackJackPlayerTest" file="/home/mita23/dbwebb-kurser/mvc/me/report/tests/Project/BlackJackPlayerTest.php" line="150" assertions="1" time="0.001432"/>
        <testcase name="testPlaceBet" class="App\Tests\Project\BlackJackPlayerTest" classname="App.Tests.Project.BlackJackPlayerTest" file="/home/mita23/dbwebb-kurser/mvc/me/report/tests/Project/BlackJackPlayerTest.php" line="159" assertions="10" time="0.009340"/>
        <testcase name="testSetBet" class="App\Tests\Project\BlackJackPlayerTest" classname="App.Tests.Project.BlackJackPlayerTest" file="/home/mita23/dbwebb-kurser/mvc/me/report/tests/Project/BlackJackPlayerTest.php" line="194" assertions="3" time="0.002045"/>
        <testcase name="testSetAllBets" class="App\Tests\Project\BlackJackPlayerTest" classname="App.Tests.Project.BlackJackPlayerTest" file="/home/mita23/dbwebb-kurser/mvc/me/report/tests/Project/BlackJackPlayerTest.php" line="208" assertions="4" time="0.001487"/>
        <testcase name="testWinBet" class="App\Tests\Project\BlackJackPlayerTest" classname="App.Tests.Project.BlackJackPlayerTest" file="/home/mita23/dbwebb-kurser/mvc/me/report/tests/Project/BlackJackPlayerTest.php" line="222" assertions="5" time="0.004195"/>
        <testcase name="testGetBets" class="App\Tests\Project\BlackJackPlayerTest" classname="App.Tests.Project.BlackJackPlayerTest" file="/home/mita23/dbwebb-kurser/mvc/me/report/tests/Project/BlackJackPlayerTest.php" line="250" assertions="1" time="0.001356"/>
        <testcase name="testSetOriginalBets" class="App\Tests\Project\BlackJackPlayerTest" classname="App.Tests.Project.BlackJackPlayerTest" file="/home/mita23/dbwebb-kurser/mvc/me/report/tests/Project/BlackJackPlayerTest.php" line="261" assertions="2" time="0.001901"/>
        <testcase name="testGetBet" class="App\Tests\Project\BlackJackPlayerTest" classname="App.Tests.Project.BlackJackPlayerTest" file="/home/mita23/dbwebb-kurser/mvc/me/report/tests/Project/BlackJackPlayerTest.php" line="277" assertions="2" time="0.001388"/>
        <testsuite name="App\Tests\Project\BlackJackPlayerTest::testGetScore" tests="16" assertions="16" errors="0" warnings="0" failures="0" skipped="0" time="0.025620">
          <testcase name="testGetScore with data set &quot;empty hand&quot;" class="App\Tests\Project\BlackJackPlayerTest" classname="App.Tests.Project.BlackJackPlayerTest" file="/home/mita23/dbwebb-kurser/mvc/me/report/tests/Project/BlackJackPlayerTest.php" line="292" assertions="1" time="0.001491"/>
          <testcase name="testGetScore with data set &quot;single card (numeric 7)&quot;" class="App\Tests\Project\BlackJackPlayerTest" classname="App.Tests.Project.BlackJackPlayerTest" file="/home/mita23/dbwebb-kurser/mvc/me/report/tests/Project/BlackJackPlayerTest.php" line="292" assertions="1" time="0.001715"/>
          <testcase name="testGetScore with data set &quot;single card (numeric 10)&quot;" class="App\Tests\Project\BlackJackPlayerTest" classname="App.Tests.Project.BlackJackPlayerTest" file="/home/mita23/dbwebb-kurser/mvc/me/report/tests/Project/BlackJackPlayerTest.php" line="292" assertions="1" time="0.001333"/>
          <testcase name="testGetScore with data set &quot;single card (face K)&quot;" class="App\Tests\Project\BlackJackPlayerTest" classname="App.Tests.Project.BlackJackPlayerTest" file="/home/mita23/dbwebb-kurser/mvc/me/report/tests/Project/BlackJackPlayerTest.php" line="292" assertions="1" time="0.001786"/>
          <testcase name="testGetScore with data set &quot;single card (face J)&quot;" class="App\Tests\Project\BlackJackPlayerTest" classname="App.Tests.Project.BlackJackPlayerTest" file="/home/mita23/dbwebb-kurser/mvc/me/report/tests/Project/BlackJackPlayerTest.php" line="292" assertions="1" time="0.001350"/>
          <testcase name="testGetScore with data set &quot;single card (face Q)&quot;" class="App\Tests\Project\BlackJackPlayerTest" classname="App.Tests.Project.BlackJackPlayerTest" file="/home/mita23/dbwebb-kurser/mvc/me/report/tests/Project/BlackJackPlayerTest.php" line="292" assertions="1" time="0.001293"/>
          <testcase name="testGetScore with data set &quot;single card (Ace)&quot;" class="App\Tests\Project\BlackJackPlayerTest" classname="App.Tests.Project.BlackJackPlayerTest" file="/home/mita23/dbwebb-kurser/mvc/me/report/tests/Project/BlackJackPlayerTest.php" line="292" assertions="1" time="0.001681"/>
          <testcase name="testGetScore with data set &quot;normal hand&quot;" class="App\Tests\Project\BlackJackPlayerTest" classname="App.Tests.Project.BlackJackPlayerTest" file="/home/mita23/dbwebb-kurser/mvc/me/report/tests/Project/BlackJackPlayerTest.php" line="292" assertions="1" time="0.001395"/>
          <testcase name="testGetScore with data set &quot;face cards&quot;" class="App\Tests\Project\BlackJackPlayerTest" classname="App.Tests.Project.BlackJackPlayerTest" file="/home/mita23/dbwebb-kurser/mvc/me/report/tests/Project/BlackJackPlayerTest.php" line="292" assertions="1" time="0.001540"/>
          <testcase name="testGetScore with data set &quot;blackjack&quot;" class="App\Tests\Project\BlackJackPlayerTest" classname="App.Tests.Project.BlackJackPlayerTest" file="/home/mita23/dbwebb-kurser/mvc/me/report/tests/Project/BlackJackPlayerTest.php" line="292" assertions="1" time="0.001466"/>
          <testcase name="testGetScore with data set &quot;soft 17&quot;" class="App\Tests\Project\BlackJackPlayerTest" classname="App.Tests.Project.BlackJackPlayerTest" file="/home/mita23/dbwebb-kurser/mvc/me/report/tests/Project/BlackJackPlayerTest.php" line="292" assertions="1" time="0.001733"/>
          <testcase name="testGetScore with data set &quot;soft 21&quot;" class="App\Tests\Project\BlackJackPlayerTest" classname="App.Tests.Project.BlackJackPlayerTest" file="/home/mita23/dbwebb-kurser/mvc/me/report/tests/Project/BlackJackPlayerTest.php" line="292" assertions="1" time="0.002134"/>
          <testcase name="testGetScore with data set &quot;two aces&quot;" class="App\Tests\Project\BlackJackPlayerTest" classname="App.Tests.Project.BlackJackPlayerTest" file="/home/mita23/dbwebb-kurser/mvc/me/report/tests/Project/BlackJackPlayerTest.php" line="292" assertions="1" time="0.001465"/>
          <testcase name="testGetScore with data set &quot;ace and high cards&quot;" class="App\Tests\Project\BlackJackPlayerTest" classname="App.Tests.Project.BlackJackPlayerTest" file="/home/mita23/dbwebb-kurser/mvc/me/report/tests/Project/BlackJackPlayerTest.php" line="292" assertions="1" time="0.001489"/>
          <testcase name="testGetScore with data set &quot;multiple aces&quot;" class="App\Tests\Project\BlackJackPlayerTest" classname="App.Tests.Project.BlackJackPlayerTest" file="/home/mita23/dbwebb-kurser/mvc/me/report/tests/Project/BlackJackPlayerTest.php" line="292" assertions="1" time="0.002302"/>
          <testcase name="testGetScore with data set &quot;bust&quot;" class="App\Tests\Project\BlackJackPlayerTest" classname="App.Tests.Project.BlackJackPlayerTest" file="/home/mita23/dbwebb-kurser/mvc/me/report/tests/Project/BlackJackPlayerTest.php" line="292" assertions="1" time="0.001446"/>
        </testsuite>
        <testcase name="testClearHands" class="App\Tests\Project\BlackJackPlayerTest" classname="App.Tests.Project.BlackJackPlayerTest" file="/home/mita23/dbwebb-kurser/mvc/me/report/tests/Project/BlackJackPlayerTest.php" line="331" assertions="7" time="0.002562"/>
        <testcase name="testInitializeNewHand" class="App\Tests\Project\BlackJackPlayerTest" classname="App.Tests.Project.BlackJackPlayerTest" file="/home/mita23/dbwebb-kurser/mvc/me/report/tests/Project/BlackJackPlayerTest.php" line="354" assertions="6" time="0.001603"/>
        <testcase name="testIsBlackjack" class="App\Tests\Project\BlackJackPlayerTest" classname="App.Tests.Project.BlackJackPlayerTest" file="/home/mita23/dbwebb-kurser/mvc/me/report/tests/Project/BlackJackPlayerTest.php" line="372" assertions="5" time="0.002183"/>
        <testcase name="testGetAndSetHandState" class="App\Tests\Project\BlackJackPlayerTest" classname="App.Tests.Project.BlackJackPlayerTest" file="/home/mita23/dbwebb-kurser/mvc/me/report/tests/Project/BlackJackPlayerTest.php" line="399" assertions="7" time="0.002363"/>
        <testcase name="testStand" class="App\Tests\Project\BlackJackPlayerTest" classname="App.Tests.Project.BlackJackPlayerTest" file="/home/mita23/dbwebb-kurser/mvc/me/report/tests/Project/BlackJackPlayerTest.php" line="424" assertions="1" time="0.001943"/>
        <testcase name="testBust" class="App\Tests\Project\BlackJackPlayerTest" classname="App.Tests.Project.BlackJackPlayerTest" file="/home/mita23/dbwebb-kurser/mvc/me/report/tests/Project/BlackJackPlayerTest.php" line="435" assertions="1" time="0.001339"/>
        <testcase name="testIsHandActive" class="App\Tests\Project\BlackJackPlayerTest" classname="App.Tests.Project.BlackJackPlayerTest" file="/home/mita23/dbwebb-kurser/mvc/me/report/tests/Project/BlackJackPlayerTest.php" line="446" assertions="5" time="0.001548"/>
        <testcase name="testSetHands" class="App\Tests\Project\BlackJackPlayerTest" classname="App.Tests.Project.BlackJackPlayerTest" file="/home/mita23/dbwebb-kurser/mvc/me/report/tests/Project/BlackJackPlayerTest.php" line="468" assertions="1" time="0.001923"/>
        <testcase name="testSetAllHandStates" class="App\Tests\Project\BlackJackPlayerTest" classname="App.Tests.Project.BlackJackPlayerTest" file="/home/mita23/dbwebb-kurser/mvc/me/report/tests/Project/BlackJackPlayerTest.php" line="484" assertions="2" time="0.003292"/>
        <testcase name="testGetCardValuePrivate" class="App\Tests\Project\BlackJackPlayerTest" classname="App.Tests.Project.BlackJackPlayerTest" file="/home/mita23/dbwebb-kurser/mvc/me/report/tests/Project/BlackJackPlayerTest.php" line="515" assertions="7" time="0.001568"/>
        <testcase name="testSplitHand" class="App\Tests\Project\BlackJackPlayerTest" classname="App.Tests.Project.BlackJackPlayerTest" file="/home/mita23/dbwebb-kurser/mvc/me/report/tests/Project/BlackJackPlayerTest.php" line="533" assertions="16" time="0.007925"/>
      </testsuite>
      <testsuite name="App\Tests\Project\ConstructorTest" file="/home/mita23/dbwebb-kurser/mvc/me/report/tests/Project/BlackJackTest/ConstructTest.php" tests="2" assertions="14" errors="0" warnings="0" failures="0" skipped="0" time="0.137026">
        <testcase name="testConstructor" class="App\Tests\Project\ConstructorTest" classname="App.Tests.Project.ConstructorTest" file="/home/mita23/dbwebb-kurser/mvc/me/report/tests/Project/BlackJackTest/ConstructTest.php" line="57" assertions="9" time="0.129320"/>
        <testcase name="testConstructorPlayerExists" class="App\Tests\Project\ConstructorTest" classname="App.Tests.Project.ConstructorTest" file="/home/mita23/dbwebb-kurser/mvc/me/report/tests/Project/BlackJackTest/ConstructTest.php" line="81" assertions="5" time="0.007706"/>
      </testsuite>
      <testsuite name="App\Tests\Project\DoubleDownTest" file="/home/mita23/dbwebb-kurser/mvc/me/report/tests/Project/BlackJackTest/DoubleDownTest.php" tests="5" assertions="15" errors="0" warnings="0" failures="0" skipped="0" time="0.108879">
        <testcase name="testDoubleDownInsufficientFunds" class="App\Tests\Project\DoubleDownTest" classname="App.Tests.Project.DoubleDownTest" file="/home/mita23/dbwebb-kurser/mvc/me/report/tests/Project/BlackJackTest/DoubleDownTest.php" line="70" assertions="5" time="0.015821"/>
        <testcase name="testDoubleDownInvalidHandCardCount" class="App\Tests\Project\DoubleDownTest" classname="App.Tests.Project.DoubleDownTest" file="/home/mita23/dbwebb-kurser/mvc/me/report/tests/Project/BlackJackTest/DoubleDownTest.php" line="106" assertions="2" time="0.011581"/>
        <testcase name="testDoubleDownInvalidGameOrHandState" class="App\Tests\Project\DoubleDownTest" classname="App.Tests.Project.DoubleDownTest" file="/home/mita23/dbwebb-kurser/mvc/me/report/tests/Project/BlackJackTest/DoubleDownTest.php" line="139" assertions="4" time="0.014264"/>
        <testcase name="testDoubleDownDrawAndFinish" class="App\Tests\Project\DoubleDownTest" classname="App.Tests.Project.DoubleDownTest" file="/home/mita23/dbwebb-kurser/mvc/me/report/tests/Project/BlackJackTest/DoubleDownTest.php" line="171" assertions="2" time="0.039586"/>
        <testcase name="testDoubleDownCausesBust" class="App\Tests\Project\DoubleDownTest" classname="App.Tests.Project.DoubleDownTest" file="/home/mita23/dbwebb-kurser/mvc/me/report/tests/Project/BlackJackTest/DoubleDownTest.php" line="206" assertions="2" time="0.027627"/>
      </testsuite>
      <testsuite name="App\Tests\Project\GetStateTest" file="/home/mita23/dbwebb-kurser/mvc/me/report/tests/Project/BlackJackTest/GetStateTest.php" tests="2" assertions="2" errors="0" warnings="0" failures="0" skipped="0" time="0.039579">
        <testcase name="testGetStateWithNoHandsAndEmptyDeck" class="App\Tests\Project\GetStateTest" classname="App.Tests.Project.GetStateTest" file="/home/mita23/dbwebb-kurser/mvc/me/report/tests/Project/BlackJackTest/GetStateTest.php" line="87" assertions="1" time="0.013258"/>
        <testcase name="testGetStateWithPlayerAndDealerHandsAndDeck" class="App\Tests\Project\GetStateTest" classname="App.Tests.Project.GetStateTest" file="/home/mita23/dbwebb-kurser/mvc/me/report/tests/Project/BlackJackTest/GetStateTest.php" line="121" assertions="1" time="0.026321"/>
      </testsuite>
      <testsuite name="App\Tests\Project\HitTest" file="/home/mita23/dbwebb-kurser/mvc/me/report/tests/Project/BlackJackTest/HitTest.php" tests="5" assertions="27" errors="0" warnings="0" failures="0" skipped="0" time="0.066645">
        <testcase name="testHitSuccessfulAndHandActive" class="App\Tests\Project\HitTest" classname="App.Tests.Project.HitTest" file="/home/mita23/dbwebb-kurser/mvc/me/report/tests/Project/BlackJackTest/HitTest.php" line="85" assertions="12" time="0.014754"/>
        <testcase name="testHitReturnsFalseOnInvalidPreconditions" class="App\Tests\Project\HitTest" classname="App.Tests.Project.HitTest" file="/home/mita23/dbwebb-kurser/mvc/me/report/tests/Project/BlackJackTest/HitTest.php" line="139" assertions="6" time="0.009446"/>
        <testcase name="testHitReturnsFalseOnDeckDrawFailure" class="App\Tests\Project\HitTest" classname="App.Tests.Project.HitTest" file="/home/mita23/dbwebb-kurser/mvc/me/report/tests/Project/BlackJackTest/HitTest.php" line="182" assertions="5" time="0.013661"/>
        <testcase name="testHitCallsPlayerBustOnScoreExceeds21" class="App\Tests\Project\HitTest" classname="App.Tests.Project.HitTest" file="/home/mita23/dbwebb-kurser/mvc/me/report/tests/Project/BlackJackTest/HitTest.php" line="223" assertions="3" time="0.012583"/>
        <testcase name="testPlayerBustsAndBustMethodIsCalled" class="App\Tests\Project\HitTest" classname="App.Tests.Project.HitTest" file="/home/mita23/dbwebb-kurser/mvc/me/report/tests/Project/BlackJackTest/HitTest.php" line="260" assertions="1" time="0.016200"/>
      </testsuite>
      <testsuite name="App\Tests\Project\ResetTest" file="/home/mita23/dbwebb-kurser/mvc/me/report/tests/Project/BlackJackTest/ResetTest.php" tests="1" assertions="13" errors="0" warnings="0" failures="0" skipped="0" time="0.006477">
        <testcase name="testReset" class="App\Tests\Project\ResetTest" classname="App.Tests.Project.ResetTest" file="/home/mita23/dbwebb-kurser/mvc/me/report/tests/Project/BlackJackTest/ResetTest.php" line="57" assertions="13" time="0.006477"/>
      </testsuite>
      <testsuite name="App\Tests\Project\SplitTest" file="/home/mita23/dbwebb-kurser/mvc/me/report/tests/Project/BlackJackTest/SplitTest.php" tests="4" assertions="17" errors="0" warnings="0" failures="0" skipped="0" time="0.046135">
        <testcase name="testSplitInvalidHandOrNotActive" class="App\Tests\Project\SplitTest" classname="App.Tests.Project.SplitTest" file="/home/mita23/dbwebb-kurser/mvc/me/report/tests/Project/BlackJackTest/SplitTest.php" line="67" assertions="4" time="0.012160"/>
        <testcase name="testSplitInsufficientFunds" class="App\Tests\Project\SplitTest" classname="App.Tests.Project.SplitTest" file="/home/mita23/dbwebb-kurser/mvc/me/report/tests/Project/BlackJackTest/SplitTest.php" line="92" assertions="4" time="0.007346"/>
        <testcase name="testSplitHandNotSplittable" class="App\Tests\Project\SplitTest" classname="App.Tests.Project.SplitTest" file="/home/mita23/dbwebb-kurser/mvc/me/report/tests/Project/BlackJackTest/SplitTest.php" line="133" assertions="6" time="0.011036"/>
        <testcase name="testSplitScenarios" class="App\Tests\Project\SplitTest" classname="App.Tests.Project.SplitTest" file="/home/mita23/dbwebb-kurser/mvc/me/report/tests/Project/BlackJackTest/SplitTest.php" line="185" assertions="3" time="0.015594"/>
      </testsuite>
      <testsuite name="App\Tests\Project\StandTest" file="/home/mita23/dbwebb-kurser/mvc/me/report/tests/Project/BlackJackTest/StandTest.php" tests="2" assertions="2" errors="0" warnings="0" failures="0" skipped="0" time="0.020766">
        <testcase name="testStand" class="App\Tests\Project\StandTest" classname="App.Tests.Project.StandTest" file="/home/mita23/dbwebb-kurser/mvc/me/report/tests/Project/BlackJackTest/StandTest.php" line="70" assertions="1" time="0.009519"/>
        <testcase name="testStandReturnsEarlyWhenConditionsNotMet" class="App\Tests\Project\StandTest" classname="App.Tests.Project.StandTest" file="/home/mita23/dbwebb-kurser/mvc/me/report/tests/Project/BlackJackTest/StandTest.php" line="92" assertions="1" time="0.011248"/>
      </testsuite>
      <testsuite name="App\Tests\Project\StartGameTest" file="/home/mita23/dbwebb-kurser/mvc/me/report/tests/Project/BlackJackTest/StartGameTest.php" tests="7" assertions="16" errors="0" warnings="0" failures="0" skipped="0" time="0.092083">
        <testcase name="testStartGameInvalidNumHands" class="App\Tests\Project\StartGameTest" classname="App.Tests.Project.StartGameTest" file="/home/mita23/dbwebb-kurser/mvc/me/report/tests/Project/BlackJackTest/StartGameTest.php" line="77" assertions="3" time="0.010035"/>
        <testcase name="testStartGameInsufficientFunds" class="App\Tests\Project\StartGameTest" classname="App.Tests.Project.StartGameTest" file="/home/mita23/dbwebb-kurser/mvc/me/report/tests/Project/BlackJackTest/StartGameTest.php" line="98" assertions="3" time="0.005887"/>
        <testcase name="testStartGameFailsWhenPlaceBetFails" class="App\Tests\Project\StartGameTest" classname="App.Tests.Project.StartGameTest" file="/home/mita23/dbwebb-kurser/mvc/me/report/tests/Project/BlackJackTest/StartGameTest.php" line="117" assertions="1" time="0.012718"/>
        <testcase name="testStartGameFailsWhenSecondCardIsNull" class="App\Tests\Project\StartGameTest" classname="App.Tests.Project.StartGameTest" file="/home/mita23/dbwebb-kurser/mvc/me/report/tests/Project/BlackJackTest/StartGameTest.php" line="129" assertions="2" time="0.015162"/>
        <testcase name="testStartGameFailsWhenDealerSecondCardIsNull" class="App\Tests\Project\StartGameTest" classname="App.Tests.Project.StartGameTest" file="/home/mita23/dbwebb-kurser/mvc/me/report/tests/Project/BlackJackTest/StartGameTest.php" line="166" assertions="2" time="0.021919"/>
        <testcase name="testDealerGetsBlackjack" class="App\Tests\Project\StartGameTest" classname="App.Tests.Project.StartGameTest" file="/home/mita23/dbwebb-kurser/mvc/me/report/tests/Project/BlackJackTest/StartGameTest.php" line="208" assertions="3" time="0.012295"/>
        <testcase name="testUpdateHandStateAfterActionCallsBustAndSetHandState" class="App\Tests\Project\StartGameTest" classname="App.Tests.Project.StartGameTest" file="/home/mita23/dbwebb-kurser/mvc/me/report/tests/Project/BlackJackTest/StartGameTest.php" line="252" assertions="2" time="0.014067"/>
      </testsuite>
      <testsuite name="App\Tests\Repository\BookRepositoryTest" file="/home/mita23/dbwebb-kurser/mvc/me/report/tests/Repository/BookRepositoryTest.php" tests="1" assertions="1" errors="0" warnings="0" failures="0" skipped="0" time="23.511146">
        <testcase name="testConstructor" class="App\Tests\Repository\BookRepositoryTest" classname="App.Tests.Repository.BookRepositoryTest" file="/home/mita23/dbwebb-kurser/mvc/me/report/tests/Repository/BookRepositoryTest.php" line="35" assertions="1" time="23.511146"/>
      </testsuite>
      <testsuite name="App\Tests\Repository\CardStatRepositoryTest" file="/home/mita23/dbwebb-kurser/mvc/me/report/tests/Repository/CardStatRepositoryTest.php" tests="1" assertions="2" errors="0" warnings="0" failures="0" skipped="0" time="0.053470">
        <testcase name="testConstruct" class="App\Tests\Repository\CardStatRepositoryTest" classname="App.Tests.Repository.CardStatRepositoryTest" file="/home/mita23/dbwebb-kurser/mvc/me/report/tests/Repository/CardStatRepositoryTest.php" line="54" assertions="2" time="0.053470"/>
      </testsuite>
      <testsuite name="App\Tests\Repository\GameSessionRepositoryTest" file="/home/mita23/dbwebb-kurser/mvc/me/report/tests/Repository/GameSessionRepositoryTest.php" tests="1" assertions="2" errors="0" warnings="0" failures="0" skipped="0" time="0.003196">
        <testcase name="testConstruct" class="App\Tests\Repository\GameSessionRepositoryTest" classname="App.Tests.Repository.GameSessionRepositoryTest" file="/home/mita23/dbwebb-kurser/mvc/me/report/tests/Repository/GameSessionRepositoryTest.php" line="54" assertions="2" time="0.003196"/>
      </testsuite>
      <testsuite name="App\Tests\Repository\PlayerRepositoryTest" file="/home/mita23/dbwebb-kurser/mvc/me/report/tests/Repository/PlayerReposityoryTest.php" tests="1" assertions="2" errors="0" warnings="0" failures="0" skipped="0" time="0.004134">
        <testcase name="testConstruct" class="App\Tests\Repository\PlayerRepositoryTest" classname="App.Tests.Repository.PlayerRepositoryTest" file="/home/mita23/dbwebb-kurser/mvc/me/report/tests/Repository/PlayerReposityoryTest.php" line="52" assertions="2" time="0.004134"/>
      </testsuite>
      <testsuite name="App\Tests\Repository\ProductRepositoryTest" file="/home/mita23/dbwebb-kurser/mvc/me/report/tests/Repository/ProductRepositoryTest.php" tests="2" assertions="6" errors="0" warnings="0" failures="0" skipped="0" time="5.906244">
        <testcase name="testFindByMinimumValue" class="App\Tests\Repository\ProductRepositoryTest" classname="App.Tests.Repository.ProductRepositoryTest" file="/home/mita23/dbwebb-kurser/mvc/me/report/tests/Repository/ProductRepositoryTest.php" line="52" assertions="3" time="5.741321"/>
        <testcase name="testFindByMinimumValue2" class="App\Tests\Repository\ProductRepositoryTest" classname="App.Tests.Repository.ProductRepositoryTest" file="/home/mita23/dbwebb-kurser/mvc/me/report/tests/Repository/ProductRepositoryTest.php" line="63" assertions="3" time="0.164922"/>
      </testsuite>
    </testsuite>
  </testsuite>
</testsuites>
