<?xml version="1.0" encoding="UTF-8"?>
<testsuites>
  <testsuite name="" tests="54" assertions="138" errors="0" warnings="0" failures="0" skipped="0" time="24.179755">
    <testsuite name="Project Test Suite" tests="54" assertions="138" errors="0" warnings="0" failures="0" skipped="0" time="24.179755">
      <testsuite name="App\Card\CardGraphicTest" file="/home/mita23/dbwebb-kurser/mvc/me/report/tests/Card/CardGraphicTest.php" tests="2" assertions="5" errors="0" warnings="0" failures="0" skipped="0" time="0.089164">
        <testcase name="testGetAsString" class="App\Card\CardGraphicTest" classname="App.Card.CardGraphicTest" file="/home/mita23/dbwebb-kurser/mvc/me/report/tests/Card/CardGraphicTest.php" line="14" assertions="4" time="0.029592"/>
        <testcase name="testGetAsStringInvalidSuit" class="App\Card\CardGraphicTest" classname="App.Card.CardGraphicTest" file="/home/mita23/dbwebb-kurser/mvc/me/report/tests/Card/CardGraphicTest.php" line="32" assertions="1" time="0.059572"/>
      </testsuite>
      <testsuite name="App\Tests\Card\CardHandTest" file="/home/mita23/dbwebb-kurser/mvc/me/report/tests/Card/CardHandTest.php" tests="1" assertions="5" errors="0" warnings="0" failures="0" skipped="0" time="0.006498">
        <testcase name="testAddGetClearCards" class="App\Tests\Card\CardHandTest" classname="App.Tests.Card.CardHandTest" file="/home/mita23/dbwebb-kurser/mvc/me/report/tests/Card/CardHandTest.php" line="16" assertions="5" time="0.006498"/>
      </testsuite>
      <testsuite name="App\Card\CardTest" file="/home/mita23/dbwebb-kurser/mvc/me/report/tests/Card/CardTest.php" tests="4" assertions="14" errors="0" warnings="0" failures="0" skipped="0" time="0.010337">
        <testcase name="testCreateCard" class="App\Card\CardTest" classname="App.Card.CardTest" file="/home/mita23/dbwebb-kurser/mvc/me/report/tests/Card/CardTest.php" line="15" assertions="4" time="0.002617"/>
        <testcase name="testDifferentSuitsAndValues" class="App\Card\CardTest" classname="App.Card.CardTest" file="/home/mita23/dbwebb-kurser/mvc/me/report/tests/Card/CardTest.php" line="27" assertions="6" time="0.001101"/>
        <testcase name="testInvalidSuit" class="App\Card\CardTest" classname="App.Card.CardTest" file="/home/mita23/dbwebb-kurser/mvc/me/report/tests/Card/CardTest.php" line="43" assertions="2" time="0.005681"/>
        <testcase name="testInvalidValue" class="App\Card\CardTest" classname="App.Card.CardTest" file="/home/mita23/dbwebb-kurser/mvc/me/report/tests/Card/CardTest.php" line="53" assertions="2" time="0.000938"/>
      </testsuite>
      <testsuite name="App\Card\DeckOfCardsTest" file="/home/mita23/dbwebb-kurser/mvc/me/report/tests/Card/DeckOfCardsTest.php" tests="6" assertions="25" errors="0" warnings="0" failures="0" skipped="0" time="0.063924">
        <testcase name="testConstructAndGetCards" class="App\Card\DeckOfCardsTest" classname="App.Card.DeckOfCardsTest" file="/home/mita23/dbwebb-kurser/mvc/me/report/tests/Card/DeckOfCardsTest.php" line="14" assertions="5" time="0.004599"/>
        <testcase name="testShuffle" class="App\Card\DeckOfCardsTest" classname="App.Card.DeckOfCardsTest" file="/home/mita23/dbwebb-kurser/mvc/me/report/tests/Card/DeckOfCardsTest.php" line="29" assertions="2" time="0.042986"/>
        <testcase name="testDraw" class="App\Card\DeckOfCardsTest" classname="App.Card.DeckOfCardsTest" file="/home/mita23/dbwebb-kurser/mvc/me/report/tests/Card/DeckOfCardsTest.php" line="45" assertions="3" time="0.003585"/>
        <testcase name="testDrawMany" class="App\Card\DeckOfCardsTest" classname="App.Card.DeckOfCardsTest" file="/home/mita23/dbwebb-kurser/mvc/me/report/tests/Card/DeckOfCardsTest.php" line="63" assertions="8" time="0.001989"/>
        <testcase name="testSortedCards" class="App\Card\DeckOfCardsTest" classname="App.Card.DeckOfCardsTest" file="/home/mita23/dbwebb-kurser/mvc/me/report/tests/Card/DeckOfCardsTest.php" line="82" assertions="4" time="0.009057"/>
        <testcase name="testCount" class="App\Card\DeckOfCardsTest" classname="App.Card.DeckOfCardsTest" file="/home/mita23/dbwebb-kurser/mvc/me/report/tests/Card/DeckOfCardsTest.php" line="99" assertions="3" time="0.001708"/>
      </testsuite>
      <testsuite name="App\Dice\DiceGraphicTest" file="/home/mita23/dbwebb-kurser/mvc/me/report/tests/Dice/DiceGraphicTest.php" tests="3" assertions="15" errors="0" warnings="0" failures="0" skipped="0" time="0.012871">
        <testcase name="testCreateDiceGraphic" class="App\Dice\DiceGraphicTest" classname="App.Dice.DiceGraphicTest" file="/home/mita23/dbwebb-kurser/mvc/me/report/tests/Dice/DiceGraphicTest.php" line="15" assertions="3" time="0.002800"/>
        <testcase name="testRollAndGetAsString" class="App\Dice\DiceGraphicTest" classname="App.Dice.DiceGraphicTest" file="/home/mita23/dbwebb-kurser/mvc/me/report/tests/Dice/DiceGraphicTest.php" line="27" assertions="6" time="0.008490"/>
        <testcase name="testGetAsStringInvalidValue" class="App\Dice\DiceGraphicTest" classname="App.Dice.DiceGraphicTest" file="/home/mita23/dbwebb-kurser/mvc/me/report/tests/Dice/DiceGraphicTest.php" line="44" assertions="6" time="0.001581"/>
      </testsuite>
      <testsuite name="App\Dice\DiceHandTest" file="/home/mita23/dbwebb-kurser/mvc/me/report/tests/Dice/DiceHandTest.php" tests="3" assertions="5" errors="0" warnings="0" failures="0" skipped="0" time="0.005396">
        <testcase name="testGetNumberDices" class="App\Dice\DiceHandTest" classname="App.Dice.DiceHandTest" file="/home/mita23/dbwebb-kurser/mvc/me/report/tests/Dice/DiceHandTest.php" line="15" assertions="2" time="0.003235"/>
        <testcase name="testRoll" class="App\Dice\DiceHandTest" classname="App.Dice.DiceHandTest" file="/home/mita23/dbwebb-kurser/mvc/me/report/tests/Dice/DiceHandTest.php" line="28" assertions="1" time="0.001076"/>
        <testcase name="testGetString" class="App\Dice\DiceHandTest" classname="App.Dice.DiceHandTest" file="/home/mita23/dbwebb-kurser/mvc/me/report/tests/Dice/DiceHandTest.php" line="41" assertions="2" time="0.001085"/>
      </testsuite>
      <testsuite name="App\Dice\DiceTest" file="/home/mita23/dbwebb-kurser/mvc/me/report/tests/Dice/DiceTest.php" tests="3" assertions="10" errors="0" warnings="0" failures="0" skipped="0" time="0.003747">
        <testcase name="testCreateDice" class="App\Dice\DiceTest" classname="App.Dice.DiceTest" file="/home/mita23/dbwebb-kurser/mvc/me/report/tests/Dice/DiceTest.php" line="16" assertions="2" time="0.001190"/>
        <testcase name="testRoll" class="App\Dice\DiceTest" classname="App.Dice.DiceTest" file="/home/mita23/dbwebb-kurser/mvc/me/report/tests/Dice/DiceTest.php" line="28" assertions="6" time="0.001597"/>
        <testcase name="testGetValues" class="App\Dice\DiceTest" classname="App.Dice.DiceTest" file="/home/mita23/dbwebb-kurser/mvc/me/report/tests/Dice/DiceTest.php" line="41" assertions="2" time="0.000959"/>
      </testsuite>
      <testsuite name="App\Tests\Game\CardGameGraphicTest" file="/home/mita23/dbwebb-kurser/mvc/me/report/tests/Game/CardGameGraphicTest.php" tests="5" assertions="15" errors="0" warnings="0" failures="0" skipped="0" time="0.008886">
        <testcase name="testCreateCard" class="App\Tests\Game\CardGameGraphicTest" classname="App.Tests.Game.CardGameGraphicTest" file="/home/mita23/dbwebb-kurser/mvc/me/report/tests/Game/CardGameGraphicTest.php" line="16" assertions="3" time="0.004729"/>
        <testcase name="testGraphicCardToString" class="App\Tests\Game\CardGameGraphicTest" classname="App.Tests.Game.CardGameGraphicTest" file="/home/mita23/dbwebb-kurser/mvc/me/report/tests/Game/CardGameGraphicTest.php" line="27" assertions="2" time="0.001055"/>
        <testcase name="testToStringAllSuits" class="App\Tests\Game\CardGameGraphicTest" classname="App.Tests.Game.CardGameGraphicTest" file="/home/mita23/dbwebb-kurser/mvc/me/report/tests/Game/CardGameGraphicTest.php" line="39" assertions="4" time="0.001123"/>
        <testcase name="testGetAsString" class="App\Tests\Game\CardGameGraphicTest" classname="App.Tests.Game.CardGameGraphicTest" file="/home/mita23/dbwebb-kurser/mvc/me/report/tests/Game/CardGameGraphicTest.php" line="57" assertions="1" time="0.000920"/>
        <testcase name="testGetSuitUnicode" class="App\Tests\Game\CardGameGraphicTest" classname="App.Tests.Game.CardGameGraphicTest" file="/home/mita23/dbwebb-kurser/mvc/me/report/tests/Game/CardGameGraphicTest.php" line="66" assertions="5" time="0.001059"/>
      </testsuite>
      <testsuite name="App\Tests\Game\CardGameTest" file="/home/mita23/dbwebb-kurser/mvc/me/report/tests/Game/CardGameTest.php" tests="4" assertions="8" errors="0" warnings="0" failures="0" skipped="0" time="0.003643">
        <testcase name="testCreateCard" class="App\Tests\Game\CardGameTest" classname="App.Tests.Game.CardGameTest" file="/home/mita23/dbwebb-kurser/mvc/me/report/tests/Game/CardGameTest.php" line="16" assertions="3" time="0.000938"/>
        <testcase name="testToString" class="App\Tests\Game\CardGameTest" classname="App.Tests.Game.CardGameTest" file="/home/mita23/dbwebb-kurser/mvc/me/report/tests/Game/CardGameTest.php" line="27" assertions="1" time="0.000891"/>
        <testcase name="testNumericValue" class="App\Tests\Game\CardGameTest" classname="App.Tests.Game.CardGameTest" file="/home/mita23/dbwebb-kurser/mvc/me/report/tests/Game/CardGameTest.php" line="36" assertions="3" time="0.000948"/>
        <testcase name="testGetAsString" class="App\Tests\Game\CardGameTest" classname="App.Tests.Game.CardGameTest" file="/home/mita23/dbwebb-kurser/mvc/me/report/tests/Game/CardGameTest.php" line="51" assertions="1" time="0.000865"/>
      </testsuite>
      <testsuite name="App\Tests\Game\DeckOfCardsGameTest" file="/home/mita23/dbwebb-kurser/mvc/me/report/tests/Game/DeckOfCardsGameTest.php" tests="7" assertions="13" errors="0" warnings="0" failures="0" skipped="0" time="0.054671">
        <testcase name="testDeckHas52CardsInitially" class="App\Tests\Game\DeckOfCardsGameTest" classname="App.Tests.Game.DeckOfCardsGameTest" file="/home/mita23/dbwebb-kurser/mvc/me/report/tests/Game/DeckOfCardsGameTest.php" line="16" assertions="1" time="0.003543"/>
        <testcase name="testShuffleDeck" class="App\Tests\Game\DeckOfCardsGameTest" classname="App.Tests.Game.DeckOfCardsGameTest" file="/home/mita23/dbwebb-kurser/mvc/me/report/tests/Game/DeckOfCardsGameTest.php" line="25" assertions="2" time="0.038656"/>
        <testcase name="testDrawOneCard" class="App\Tests\Game\DeckOfCardsGameTest" classname="App.Tests.Game.DeckOfCardsGameTest" file="/home/mita23/dbwebb-kurser/mvc/me/report/tests/Game/DeckOfCardsGameTest.php" line="38" assertions="2" time="0.001708"/>
        <testcase name="testDrawManyCards" class="App\Tests\Game\DeckOfCardsGameTest" classname="App.Tests.Game.DeckOfCardsGameTest" file="/home/mita23/dbwebb-kurser/mvc/me/report/tests/Game/DeckOfCardsGameTest.php" line="49" assertions="2" time="0.001399"/>
        <testcase name="testSortedCards" class="App\Tests\Game\DeckOfCardsGameTest" classname="App.Tests.Game.DeckOfCardsGameTest" file="/home/mita23/dbwebb-kurser/mvc/me/report/tests/Game/DeckOfCardsGameTest.php" line="60" assertions="2" time="0.006010"/>
        <testcase name="testDrawWhenDeckIsEmpty" class="App\Tests\Game\DeckOfCardsGameTest" classname="App.Tests.Game.DeckOfCardsGameTest" file="/home/mita23/dbwebb-kurser/mvc/me/report/tests/Game/DeckOfCardsGameTest.php" line="71" assertions="1" time="0.001748"/>
        <testcase name="testCount" class="App\Tests\Game\DeckOfCardsGameTest" classname="App.Tests.Game.DeckOfCardsGameTest" file="/home/mita23/dbwebb-kurser/mvc/me/report/tests/Game/DeckOfCardsGameTest.php" line="83" assertions="3" time="0.001608"/>
      </testsuite>
      <testsuite name="App\Tests\Game\GameTest" file="/home/mita23/dbwebb-kurser/mvc/me/report/tests/Game/GameTest.php" tests="9" assertions="11" errors="0" warnings="0" failures="0" skipped="0" time="0.024532">
        <testcase name="testGameStarts" class="App\Tests\Game\GameTest" classname="App.Tests.Game.GameTest" file="/home/mita23/dbwebb-kurser/mvc/me/report/tests/Game/GameTest.php" line="19" assertions="1" time="0.006174"/>
        <testcase name="testPlayerHit" class="App\Tests\Game\GameTest" classname="App.Tests.Game.GameTest" file="/home/mita23/dbwebb-kurser/mvc/me/report/tests/Game/GameTest.php" line="29" assertions="1" time="0.002125"/>
        <testcase name="testGameStand" class="App\Tests\Game\GameTest" classname="App.Tests.Game.GameTest" file="/home/mita23/dbwebb-kurser/mvc/me/report/tests/Game/GameTest.php" line="41" assertions="1" time="0.004834"/>
        <testcase name="testGetDealerReturnsDealerInstance" class="App\Tests\Game\GameTest" classname="App.Tests.Game.GameTest" file="/home/mita23/dbwebb-kurser/mvc/me/report/tests/Game/GameTest.php" line="56" assertions="1" time="0.001473"/>
        <testcase name="testGetDeckReturnsDeckInstance" class="App\Tests\Game\GameTest" classname="App.Tests.Game.GameTest" file="/home/mita23/dbwebb-kurser/mvc/me/report/tests/Game/GameTest.php" line="65" assertions="1" time="0.001393"/>
        <testcase name="testHitWhenGameNotOngoing" class="App\Tests\Game\GameTest" classname="App.Tests.Game.GameTest" file="/home/mita23/dbwebb-kurser/mvc/me/report/tests/Game/GameTest.php" line="74" assertions="1" time="0.001432"/>
        <testcase name="testStandWhenGameNotOngoing" class="App\Tests\Game\GameTest" classname="App.Tests.Game.GameTest" file="/home/mita23/dbwebb-kurser/mvc/me/report/tests/Game/GameTest.php" line="85" assertions="1" time="0.001388"/>
        <testcase name="testPlayerBustOnHit" class="App\Tests\Game\GameTest" classname="App.Tests.Game.GameTest" file="/home/mita23/dbwebb-kurser/mvc/me/report/tests/Game/GameTest.php" line="95" assertions="1" time="0.003266"/>
        <testcase name="testDealerDrawsCardsBelow17" class="App\Tests\Game\GameTest" classname="App.Tests.Game.GameTest" file="/home/mita23/dbwebb-kurser/mvc/me/report/tests/Game/GameTest.php" line="110" assertions="3" time="0.002446"/>
      </testsuite>
      <testsuite name="App\Tests\Game\PlayerTest" file="/home/mita23/dbwebb-kurser/mvc/me/report/tests/Game/PlayerTest.php" tests="4" assertions="4" errors="0" warnings="0" failures="0" skipped="0" time="0.003743">
        <testcase name="testCreatePlayer" class="App\Tests\Game\PlayerTest" classname="App.Tests.Game.PlayerTest" file="/home/mita23/dbwebb-kurser/mvc/me/report/tests/Game/PlayerTest.php" line="17" assertions="1" time="0.000887"/>
        <testcase name="testAddCardAndGetScore" class="App\Tests\Game\PlayerTest" classname="App.Tests.Game.PlayerTest" file="/home/mita23/dbwebb-kurser/mvc/me/report/tests/Game/PlayerTest.php" line="26" assertions="1" time="0.000974"/>
        <testcase name="testClearHand" class="App\Tests\Game\PlayerTest" classname="App.Tests.Game.PlayerTest" file="/home/mita23/dbwebb-kurser/mvc/me/report/tests/Game/PlayerTest.php" line="37" assertions="1" time="0.000903"/>
        <testcase name="testAceCountedAsOneWhenNeeded" class="App\Tests\Game\PlayerTest" classname="App.Tests.Game.PlayerTest" file="/home/mita23/dbwebb-kurser/mvc/me/report/tests/Game/PlayerTest.php" line="48" assertions="1" time="0.000978"/>
      </testsuite>
      <testsuite name="App\Tests\Repository\BookRepositoryTest" file="/home/mita23/dbwebb-kurser/mvc/me/report/tests/Repository/BookRepositoryTest.php" tests="1" assertions="1" errors="0" warnings="0" failures="0" skipped="0" time="23.401146">
        <testcase name="testConstructor" class="App\Tests\Repository\BookRepositoryTest" classname="App.Tests.Repository.BookRepositoryTest" file="/home/mita23/dbwebb-kurser/mvc/me/report/tests/Repository/BookRepositoryTest.php" line="28" assertions="1" time="23.401146"/>
      </testsuite>
      <testsuite name="App\Tests\Repository\ProductRepositoryTest" file="/home/mita23/dbwebb-kurser/mvc/me/report/tests/Repository/ProductRepositoryTest.php" tests="2" assertions="7" errors="0" warnings="0" failures="0" skipped="0" time="0.491195">
        <testcase name="testFindByMinimumValue" class="App\Tests\Repository\ProductRepositoryTest" classname="App.Tests.Repository.ProductRepositoryTest" file="/home/mita23/dbwebb-kurser/mvc/me/report/tests/Repository/ProductRepositoryTest.php" line="40" assertions="3" time="0.451494"/>
        <testcase name="testFindByMinimumValue2" class="App\Tests\Repository\ProductRepositoryTest" classname="App.Tests.Repository.ProductRepositoryTest" file="/home/mita23/dbwebb-kurser/mvc/me/report/tests/Repository/ProductRepositoryTest.php" line="50" assertions="4" time="0.039701"/>
      </testsuite>
    </testsuite>
  </testsuite>
</testsuites>
