<?xml version="1.0" encoding="UTF-8"?>
<testsuites>
  <testsuite name="" tests="139" assertions="499" errors="0" warnings="0" failures="0" skipped="0" time="2.257794">
    <testsuite name="Project Test Suite" tests="139" assertions="499" errors="0" warnings="0" failures="0" skipped="0" time="2.257794">
      <testsuite name="App\Card\CardGraphicTest" file="/home/mita23/dbwebb-kurser/mvc/me/report/tests/Card/CardGraphicTest.php" tests="2" assertions="5" errors="0" warnings="0" failures="0" skipped="0" time="0.090320">
        <testcase name="testGetAsString" class="App\Card\CardGraphicTest" classname="App.Card.CardGraphicTest" file="/home/mita23/dbwebb-kurser/mvc/me/report/tests/Card/CardGraphicTest.php" line="15" assertions="4" time="0.034611"/>
        <testcase name="testGetAsStringInvalidSuit" class="App\Card\CardGraphicTest" classname="App.Card.CardGraphicTest" file="/home/mita23/dbwebb-kurser/mvc/me/report/tests/Card/CardGraphicTest.php" line="33" assertions="1" time="0.055709"/>
      </testsuite>
      <testsuite name="App\Tests\Card\CardHandTest" file="/home/mita23/dbwebb-kurser/mvc/me/report/tests/Card/CardHandTest.php" tests="1" assertions="5" errors="0" warnings="0" failures="0" skipped="0" time="0.006071">
        <testcase name="testAddGetClearCards" class="App\Tests\Card\CardHandTest" classname="App.Tests.Card.CardHandTest" file="/home/mita23/dbwebb-kurser/mvc/me/report/tests/Card/CardHandTest.php" line="17" assertions="5" time="0.006071"/>
      </testsuite>
      <testsuite name="App\Card\CardTest" file="/home/mita23/dbwebb-kurser/mvc/me/report/tests/Card/CardTest.php" tests="4" assertions="14" errors="0" warnings="0" failures="0" skipped="0" time="0.009567">
        <testcase name="testCreateCard" class="App\Card\CardTest" classname="App.Card.CardTest" file="/home/mita23/dbwebb-kurser/mvc/me/report/tests/Card/CardTest.php" line="15" assertions="4" time="0.002592"/>
        <testcase name="testDifferentSuitsAndValues" class="App\Card\CardTest" classname="App.Card.CardTest" file="/home/mita23/dbwebb-kurser/mvc/me/report/tests/Card/CardTest.php" line="27" assertions="6" time="0.001154"/>
        <testcase name="testInvalidSuit" class="App\Card\CardTest" classname="App.Card.CardTest" file="/home/mita23/dbwebb-kurser/mvc/me/report/tests/Card/CardTest.php" line="43" assertions="2" time="0.004807"/>
        <testcase name="testInvalidValue" class="App\Card\CardTest" classname="App.Card.CardTest" file="/home/mita23/dbwebb-kurser/mvc/me/report/tests/Card/CardTest.php" line="53" assertions="2" time="0.001014"/>
      </testsuite>
      <testsuite name="App\Card\DeckOfCardsTest" file="/home/mita23/dbwebb-kurser/mvc/me/report/tests/Card/DeckOfCardsTest.php" tests="6" assertions="25" errors="0" warnings="0" failures="0" skipped="0" time="0.064329">
        <testcase name="testConstructAndGetCards" class="App\Card\DeckOfCardsTest" classname="App.Card.DeckOfCardsTest" file="/home/mita23/dbwebb-kurser/mvc/me/report/tests/Card/DeckOfCardsTest.php" line="15" assertions="5" time="0.004305"/>
        <testcase name="testShuffle" class="App\Card\DeckOfCardsTest" classname="App.Card.DeckOfCardsTest" file="/home/mita23/dbwebb-kurser/mvc/me/report/tests/Card/DeckOfCardsTest.php" line="30" assertions="2" time="0.044201"/>
        <testcase name="testDraw" class="App\Card\DeckOfCardsTest" classname="App.Card.DeckOfCardsTest" file="/home/mita23/dbwebb-kurser/mvc/me/report/tests/Card/DeckOfCardsTest.php" line="46" assertions="3" time="0.003519"/>
        <testcase name="testDrawMany" class="App\Card\DeckOfCardsTest" classname="App.Card.DeckOfCardsTest" file="/home/mita23/dbwebb-kurser/mvc/me/report/tests/Card/DeckOfCardsTest.php" line="64" assertions="8" time="0.002005"/>
        <testcase name="testSortedCards" class="App\Card\DeckOfCardsTest" classname="App.Card.DeckOfCardsTest" file="/home/mita23/dbwebb-kurser/mvc/me/report/tests/Card/DeckOfCardsTest.php" line="83" assertions="4" time="0.008574"/>
        <testcase name="testCount" class="App\Card\DeckOfCardsTest" classname="App.Card.DeckOfCardsTest" file="/home/mita23/dbwebb-kurser/mvc/me/report/tests/Card/DeckOfCardsTest.php" line="100" assertions="3" time="0.001725"/>
      </testsuite>
      <testsuite name="App\Dice\DiceGraphicTest" file="/home/mita23/dbwebb-kurser/mvc/me/report/tests/Dice/DiceGraphicTest.php" tests="3" assertions="13" errors="0" warnings="0" failures="0" skipped="0" time="0.011850">
        <testcase name="testCreateDiceGraphic" class="App\Dice\DiceGraphicTest" classname="App.Dice.DiceGraphicTest" file="/home/mita23/dbwebb-kurser/mvc/me/report/tests/Dice/DiceGraphicTest.php" line="15" assertions="3" time="0.002845"/>
        <testcase name="testRollAndGetAsString" class="App\Dice\DiceGraphicTest" classname="App.Dice.DiceGraphicTest" file="/home/mita23/dbwebb-kurser/mvc/me/report/tests/Dice/DiceGraphicTest.php" line="27" assertions="5" time="0.007025"/>
        <testcase name="testGetAsStringInvalidValue" class="App\Dice\DiceGraphicTest" classname="App.Dice.DiceGraphicTest" file="/home/mita23/dbwebb-kurser/mvc/me/report/tests/Dice/DiceGraphicTest.php" line="43" assertions="5" time="0.001980"/>
      </testsuite>
      <testsuite name="App\Dice\DiceHandTest" file="/home/mita23/dbwebb-kurser/mvc/me/report/tests/Dice/DiceHandTest.php" tests="3" assertions="8" errors="0" warnings="0" failures="0" skipped="0" time="0.005544">
        <testcase name="testGetNumberDices" class="App\Dice\DiceHandTest" classname="App.Dice.DiceHandTest" file="/home/mita23/dbwebb-kurser/mvc/me/report/tests/Dice/DiceHandTest.php" line="15" assertions="2" time="0.002912"/>
        <testcase name="testRoll" class="App\Dice\DiceHandTest" classname="App.Dice.DiceHandTest" file="/home/mita23/dbwebb-kurser/mvc/me/report/tests/Dice/DiceHandTest.php" line="28" assertions="4" time="0.001482"/>
        <testcase name="testGetString" class="App\Dice\DiceHandTest" classname="App.Dice.DiceHandTest" file="/home/mita23/dbwebb-kurser/mvc/me/report/tests/Dice/DiceHandTest.php" line="44" assertions="2" time="0.001151"/>
      </testsuite>
      <testsuite name="App\Dice\DiceTest" file="/home/mita23/dbwebb-kurser/mvc/me/report/tests/Dice/DiceTest.php" tests="3" assertions="9" errors="0" warnings="0" failures="0" skipped="0" time="0.004034">
        <testcase name="testCreateDice" class="App\Dice\DiceTest" classname="App.Dice.DiceTest" file="/home/mita23/dbwebb-kurser/mvc/me/report/tests/Dice/DiceTest.php" line="16" assertions="2" time="0.001370"/>
        <testcase name="testRoll" class="App\Dice\DiceTest" classname="App.Dice.DiceTest" file="/home/mita23/dbwebb-kurser/mvc/me/report/tests/Dice/DiceTest.php" line="28" assertions="5" time="0.001639"/>
        <testcase name="testGetValues" class="App\Dice\DiceTest" classname="App.Dice.DiceTest" file="/home/mita23/dbwebb-kurser/mvc/me/report/tests/Dice/DiceTest.php" line="41" assertions="2" time="0.001024"/>
      </testsuite>
      <testsuite name="App\Tests\Game\CardGameGraphicTest" file="/home/mita23/dbwebb-kurser/mvc/me/report/tests/Game/CardGameGraphicTest.php" tests="5" assertions="15" errors="0" warnings="0" failures="0" skipped="0" time="0.009409">
        <testcase name="testCreateCard" class="App\Tests\Game\CardGameGraphicTest" classname="App.Tests.Game.CardGameGraphicTest" file="/home/mita23/dbwebb-kurser/mvc/me/report/tests/Game/CardGameGraphicTest.php" line="16" assertions="3" time="0.004862"/>
        <testcase name="testGraphicCardToString" class="App\Tests\Game\CardGameGraphicTest" classname="App.Tests.Game.CardGameGraphicTest" file="/home/mita23/dbwebb-kurser/mvc/me/report/tests/Game/CardGameGraphicTest.php" line="27" assertions="2" time="0.001117"/>
        <testcase name="testToStringAllSuits" class="App\Tests\Game\CardGameGraphicTest" classname="App.Tests.Game.CardGameGraphicTest" file="/home/mita23/dbwebb-kurser/mvc/me/report/tests/Game/CardGameGraphicTest.php" line="39" assertions="4" time="0.001435"/>
        <testcase name="testGetAsString" class="App\Tests\Game\CardGameGraphicTest" classname="App.Tests.Game.CardGameGraphicTest" file="/home/mita23/dbwebb-kurser/mvc/me/report/tests/Game/CardGameGraphicTest.php" line="57" assertions="1" time="0.000944"/>
        <testcase name="testGetSuitUnicode" class="App\Tests\Game\CardGameGraphicTest" classname="App.Tests.Game.CardGameGraphicTest" file="/home/mita23/dbwebb-kurser/mvc/me/report/tests/Game/CardGameGraphicTest.php" line="66" assertions="5" time="0.001052"/>
      </testsuite>
      <testsuite name="App\Tests\Game\CardGameTest" file="/home/mita23/dbwebb-kurser/mvc/me/report/tests/Game/CardGameTest.php" tests="4" assertions="8" errors="0" warnings="0" failures="0" skipped="0" time="0.004437">
        <testcase name="testCreateCard" class="App\Tests\Game\CardGameTest" classname="App.Tests.Game.CardGameTest" file="/home/mita23/dbwebb-kurser/mvc/me/report/tests/Game/CardGameTest.php" line="16" assertions="3" time="0.001445"/>
        <testcase name="testToString" class="App\Tests\Game\CardGameTest" classname="App.Tests.Game.CardGameTest" file="/home/mita23/dbwebb-kurser/mvc/me/report/tests/Game/CardGameTest.php" line="27" assertions="1" time="0.000871"/>
        <testcase name="testNumericValue" class="App\Tests\Game\CardGameTest" classname="App.Tests.Game.CardGameTest" file="/home/mita23/dbwebb-kurser/mvc/me/report/tests/Game/CardGameTest.php" line="36" assertions="3" time="0.000958"/>
        <testcase name="testGetAsString" class="App\Tests\Game\CardGameTest" classname="App.Tests.Game.CardGameTest" file="/home/mita23/dbwebb-kurser/mvc/me/report/tests/Game/CardGameTest.php" line="51" assertions="1" time="0.001162"/>
      </testsuite>
      <testsuite name="App\Tests\Game\DeckOfCardsGameTest" file="/home/mita23/dbwebb-kurser/mvc/me/report/tests/Game/DeckOfCardsGameTest.php" tests="7" assertions="13" errors="0" warnings="0" failures="0" skipped="0" time="0.056317">
        <testcase name="testDeckHas52CardsInitially" class="App\Tests\Game\DeckOfCardsGameTest" classname="App.Tests.Game.DeckOfCardsGameTest" file="/home/mita23/dbwebb-kurser/mvc/me/report/tests/Game/DeckOfCardsGameTest.php" line="16" assertions="1" time="0.003418"/>
        <testcase name="testShuffleDeck" class="App\Tests\Game\DeckOfCardsGameTest" classname="App.Tests.Game.DeckOfCardsGameTest" file="/home/mita23/dbwebb-kurser/mvc/me/report/tests/Game/DeckOfCardsGameTest.php" line="25" assertions="2" time="0.035644"/>
        <testcase name="testDrawOneCard" class="App\Tests\Game\DeckOfCardsGameTest" classname="App.Tests.Game.DeckOfCardsGameTest" file="/home/mita23/dbwebb-kurser/mvc/me/report/tests/Game/DeckOfCardsGameTest.php" line="38" assertions="2" time="0.002266"/>
        <testcase name="testDrawManyCards" class="App\Tests\Game\DeckOfCardsGameTest" classname="App.Tests.Game.DeckOfCardsGameTest" file="/home/mita23/dbwebb-kurser/mvc/me/report/tests/Game/DeckOfCardsGameTest.php" line="49" assertions="2" time="0.002231"/>
        <testcase name="testSortedCards" class="App\Tests\Game\DeckOfCardsGameTest" classname="App.Tests.Game.DeckOfCardsGameTest" file="/home/mita23/dbwebb-kurser/mvc/me/report/tests/Game/DeckOfCardsGameTest.php" line="60" assertions="2" time="0.007758"/>
        <testcase name="testDrawWhenDeckIsEmpty" class="App\Tests\Game\DeckOfCardsGameTest" classname="App.Tests.Game.DeckOfCardsGameTest" file="/home/mita23/dbwebb-kurser/mvc/me/report/tests/Game/DeckOfCardsGameTest.php" line="71" assertions="1" time="0.002644"/>
        <testcase name="testCount" class="App\Tests\Game\DeckOfCardsGameTest" classname="App.Tests.Game.DeckOfCardsGameTest" file="/home/mita23/dbwebb-kurser/mvc/me/report/tests/Game/DeckOfCardsGameTest.php" line="83" assertions="3" time="0.002356"/>
      </testsuite>
      <testsuite name="App\Tests\Game\GameTest" file="/home/mita23/dbwebb-kurser/mvc/me/report/tests/Game/GameTest.php" tests="9" assertions="11" errors="0" warnings="0" failures="0" skipped="0" time="0.031325">
        <testcase name="testGameStarts" class="App\Tests\Game\GameTest" classname="App.Tests.Game.GameTest" file="/home/mita23/dbwebb-kurser/mvc/me/report/tests/Game/GameTest.php" line="19" assertions="1" time="0.009248"/>
        <testcase name="testPlayerHit" class="App\Tests\Game\GameTest" classname="App.Tests.Game.GameTest" file="/home/mita23/dbwebb-kurser/mvc/me/report/tests/Game/GameTest.php" line="29" assertions="1" time="0.003142"/>
        <testcase name="testGameStand" class="App\Tests\Game\GameTest" classname="App.Tests.Game.GameTest" file="/home/mita23/dbwebb-kurser/mvc/me/report/tests/Game/GameTest.php" line="41" assertions="1" time="0.006779"/>
        <testcase name="testGetDealerReturnsDealerInstance" class="App\Tests\Game\GameTest" classname="App.Tests.Game.GameTest" file="/home/mita23/dbwebb-kurser/mvc/me/report/tests/Game/GameTest.php" line="56" assertions="1" time="0.001677"/>
        <testcase name="testGetDeckReturnsDeckInstance" class="App\Tests\Game\GameTest" classname="App.Tests.Game.GameTest" file="/home/mita23/dbwebb-kurser/mvc/me/report/tests/Game/GameTest.php" line="65" assertions="1" time="0.001489"/>
        <testcase name="testHitWhenGameNotOngoing" class="App\Tests\Game\GameTest" classname="App.Tests.Game.GameTest" file="/home/mita23/dbwebb-kurser/mvc/me/report/tests/Game/GameTest.php" line="74" assertions="1" time="0.002335"/>
        <testcase name="testStandWhenGameNotOngoing" class="App\Tests\Game\GameTest" classname="App.Tests.Game.GameTest" file="/home/mita23/dbwebb-kurser/mvc/me/report/tests/Game/GameTest.php" line="85" assertions="1" time="0.001411"/>
        <testcase name="testPlayerBustOnHit" class="App\Tests\Game\GameTest" classname="App.Tests.Game.GameTest" file="/home/mita23/dbwebb-kurser/mvc/me/report/tests/Game/GameTest.php" line="95" assertions="1" time="0.002470"/>
        <testcase name="testDealerDrawsCardsBelow17" class="App\Tests\Game\GameTest" classname="App.Tests.Game.GameTest" file="/home/mita23/dbwebb-kurser/mvc/me/report/tests/Game/GameTest.php" line="110" assertions="3" time="0.002776"/>
      </testsuite>
      <testsuite name="App\Tests\Game\PlayerTest" file="/home/mita23/dbwebb-kurser/mvc/me/report/tests/Game/PlayerTest.php" tests="4" assertions="4" errors="0" warnings="0" failures="0" skipped="0" time="0.005308">
        <testcase name="testCreatePlayer" class="App\Tests\Game\PlayerTest" classname="App.Tests.Game.PlayerTest" file="/home/mita23/dbwebb-kurser/mvc/me/report/tests/Game/PlayerTest.php" line="17" assertions="1" time="0.001288"/>
        <testcase name="testAddCardAndGetScore" class="App\Tests\Game\PlayerTest" classname="App.Tests.Game.PlayerTest" file="/home/mita23/dbwebb-kurser/mvc/me/report/tests/Game/PlayerTest.php" line="26" assertions="1" time="0.001066"/>
        <testcase name="testClearHand" class="App\Tests\Game\PlayerTest" classname="App.Tests.Game.PlayerTest" file="/home/mita23/dbwebb-kurser/mvc/me/report/tests/Game/PlayerTest.php" line="37" assertions="1" time="0.001380"/>
        <testcase name="testAceCountedAsOneWhenNeeded" class="App\Tests\Game\PlayerTest" classname="App.Tests.Game.PlayerTest" file="/home/mita23/dbwebb-kurser/mvc/me/report/tests/Game/PlayerTest.php" line="48" assertions="1" time="0.001574"/>
      </testsuite>
      <testsuite name="App\Project\BlackJackDeckTest" file="/home/mita23/dbwebb-kurser/mvc/me/report/tests/Project/BlackJackDeckTest.php" tests="8" assertions="91" errors="0" warnings="0" failures="0" skipped="0" time="0.112263">
        <testcase name="testConstructorCreatesFullDeck" class="App\Project\BlackJackDeckTest" classname="App.Project.BlackJackDeckTest" file="/home/mita23/dbwebb-kurser/mvc/me/report/tests/Project/BlackJackDeckTest.php" line="15" assertions="59" time="0.010893"/>
        <testcase name="testGetCardsReturnsAllCards" class="App\Project\BlackJackDeckTest" classname="App.Project.BlackJackDeckTest" file="/home/mita23/dbwebb-kurser/mvc/me/report/tests/Project/BlackJackDeckTest.php" line="51" assertions="2" time="0.013713"/>
        <testcase name="testShuffleChangesCardOrder" class="App\Project\BlackJackDeckTest" classname="App.Project.BlackJackDeckTest" file="/home/mita23/dbwebb-kurser/mvc/me/report/tests/Project/BlackJackDeckTest.php" line="62" assertions="4" time="0.071580"/>
        <testcase name="testDrawRemovesCardFromDeck" class="App\Project\BlackJackDeckTest" classname="App.Project.BlackJackDeckTest" file="/home/mita23/dbwebb-kurser/mvc/me/report/tests/Project/BlackJackDeckTest.php" line="84" assertions="4" time="0.003714"/>
        <testcase name="testSetCardsWithBlackJackGraphicObjects" class="App\Project\BlackJackDeckTest" classname="App.Project.BlackJackDeckTest" file="/home/mita23/dbwebb-kurser/mvc/me/report/tests/Project/BlackJackDeckTest.php" line="106" assertions="4" time="0.003105"/>
        <testcase name="testSetCardsWithArrayData" class="App\Project\BlackJackDeckTest" classname="App.Project.BlackJackDeckTest" file="/home/mita23/dbwebb-kurser/mvc/me/report/tests/Project/BlackJackDeckTest.php" line="124" assertions="10" time="0.003618"/>
        <testcase name="testSetCardsWithMixedData" class="App\Project\BlackJackDeckTest" classname="App.Project.BlackJackDeckTest" file="/home/mita23/dbwebb-kurser/mvc/me/report/tests/Project/BlackJackDeckTest.php" line="153" assertions="6" time="0.003339"/>
        <testcase name="testSetCardsWithEmptyArray" class="App\Project\BlackJackDeckTest" classname="App.Project.BlackJackDeckTest" file="/home/mita23/dbwebb-kurser/mvc/me/report/tests/Project/BlackJackDeckTest.php" line="175" assertions="2" time="0.002301"/>
      </testsuite>
      <testsuite name="App\Project\BlackJackGraphicTest" file="/home/mita23/dbwebb-kurser/mvc/me/report/tests/Project/BlackJackGraphicTest.php" tests="5" assertions="27" errors="0" warnings="0" failures="0" skipped="0" time="0.010830">
        <testcase name="testConstructorAndGetters" class="App\Project\BlackJackGraphicTest" classname="App.Project.BlackJackGraphicTest" file="/home/mita23/dbwebb-kurser/mvc/me/report/tests/Project/BlackJackGraphicTest.php" line="15" assertions="10" time="0.001271"/>
        <testcase name="testDetermineValue" class="App\Project\BlackJackGraphicTest" classname="App.Project.BlackJackGraphicTest" file="/home/mita23/dbwebb-kurser/mvc/me/report/tests/Project/BlackJackGraphicTest.php" line="37" assertions="6" time="0.001715"/>
        <testcase name="testGetSuitUnicode" class="App\Project\BlackJackGraphicTest" classname="App.Project.BlackJackGraphicTest" file="/home/mita23/dbwebb-kurser/mvc/me/report/tests/Project/BlackJackGraphicTest.php" line="61" assertions="5" time="0.001489"/>
        <testcase name="testToString" class="App\Project\BlackJackGraphicTest" classname="App.Project.BlackJackGraphicTest" file="/home/mita23/dbwebb-kurser/mvc/me/report/tests/Project/BlackJackGraphicTest.php" line="82" assertions="2" time="0.000957"/>
        <testcase name="testJsonSerialize" class="App\Project\BlackJackGraphicTest" classname="App.Project.BlackJackGraphicTest" file="/home/mita23/dbwebb-kurser/mvc/me/report/tests/Project/BlackJackGraphicTest.php" line="94" assertions="4" time="0.005398"/>
      </testsuite>
      <testsuite name="App\Tests\Project\BlackJackPlayerTest" file="/home/mita23/dbwebb-kurser/mvc/me/report/tests/Project/BlackJackPlayerTest.php" tests="41" assertions="130" errors="0" warnings="0" failures="0" skipped="0" time="0.115945">
        <testcase name="testConstruct" class="App\Tests\Project\BlackJackPlayerTest" classname="App.Tests.Project.BlackJackPlayerTest" file="/home/mita23/dbwebb-kurser/mvc/me/report/tests/Project/BlackJackPlayerTest.php" line="32" assertions="6" time="0.020710"/>
        <testcase name="testGetAndSetBalance" class="App\Tests\Project\BlackJackPlayerTest" classname="App.Tests.Project.BlackJackPlayerTest" file="/home/mita23/dbwebb-kurser/mvc/me/report/tests/Project/BlackJackPlayerTest.php" line="48" assertions="4" time="0.006277"/>
        <testcase name="testGetAndSetEntity" class="App\Tests\Project\BlackJackPlayerTest" classname="App.Tests.Project.BlackJackPlayerTest" file="/home/mita23/dbwebb-kurser/mvc/me/report/tests/Project/BlackJackPlayerTest.php" line="73" assertions="2" time="0.001350"/>
        <testcase name="testAddCard" class="App\Tests\Project\BlackJackPlayerTest" classname="App.Tests.Project.BlackJackPlayerTest" file="/home/mita23/dbwebb-kurser/mvc/me/report/tests/Project/BlackJackPlayerTest.php" line="86" assertions="8" time="0.001797"/>
        <testcase name="testGetHands" class="App\Tests\Project\BlackJackPlayerTest" classname="App.Tests.Project.BlackJackPlayerTest" file="/home/mita23/dbwebb-kurser/mvc/me/report/tests/Project/BlackJackPlayerTest.php" line="111" assertions="4" time="0.002675"/>
        <testcase name="testGetHand" class="App\Tests\Project\BlackJackPlayerTest" classname="App.Tests.Project.BlackJackPlayerTest" file="/home/mita23/dbwebb-kurser/mvc/me/report/tests/Project/BlackJackPlayerTest.php" line="133" assertions="4" time="0.002347"/>
        <testcase name="testGetName" class="App\Tests\Project\BlackJackPlayerTest" classname="App.Tests.Project.BlackJackPlayerTest" file="/home/mita23/dbwebb-kurser/mvc/me/report/tests/Project/BlackJackPlayerTest.php" line="150" assertions="1" time="0.001943"/>
        <testcase name="testPlaceBet" class="App\Tests\Project\BlackJackPlayerTest" classname="App.Tests.Project.BlackJackPlayerTest" file="/home/mita23/dbwebb-kurser/mvc/me/report/tests/Project/BlackJackPlayerTest.php" line="159" assertions="10" time="0.008609"/>
        <testcase name="testSetBet" class="App\Tests\Project\BlackJackPlayerTest" classname="App.Tests.Project.BlackJackPlayerTest" file="/home/mita23/dbwebb-kurser/mvc/me/report/tests/Project/BlackJackPlayerTest.php" line="194" assertions="3" time="0.001388"/>
        <testcase name="testSetAllBets" class="App\Tests\Project\BlackJackPlayerTest" classname="App.Tests.Project.BlackJackPlayerTest" file="/home/mita23/dbwebb-kurser/mvc/me/report/tests/Project/BlackJackPlayerTest.php" line="208" assertions="4" time="0.001470"/>
        <testcase name="testWinBet" class="App\Tests\Project\BlackJackPlayerTest" classname="App.Tests.Project.BlackJackPlayerTest" file="/home/mita23/dbwebb-kurser/mvc/me/report/tests/Project/BlackJackPlayerTest.php" line="222" assertions="5" time="0.004207"/>
        <testcase name="testGetBets" class="App\Tests\Project\BlackJackPlayerTest" classname="App.Tests.Project.BlackJackPlayerTest" file="/home/mita23/dbwebb-kurser/mvc/me/report/tests/Project/BlackJackPlayerTest.php" line="250" assertions="1" time="0.001589"/>
        <testcase name="testSetOriginalBets" class="App\Tests\Project\BlackJackPlayerTest" classname="App.Tests.Project.BlackJackPlayerTest" file="/home/mita23/dbwebb-kurser/mvc/me/report/tests/Project/BlackJackPlayerTest.php" line="261" assertions="2" time="0.001330"/>
        <testcase name="testGetBet" class="App\Tests\Project\BlackJackPlayerTest" classname="App.Tests.Project.BlackJackPlayerTest" file="/home/mita23/dbwebb-kurser/mvc/me/report/tests/Project/BlackJackPlayerTest.php" line="276" assertions="2" time="0.002031"/>
        <testsuite name="App\Tests\Project\BlackJackPlayerTest::testGetScore" tests="16" assertions="16" errors="0" warnings="0" failures="0" skipped="0" time="0.030922">
          <testcase name="testGetScore with data set &quot;empty hand&quot;" class="App\Tests\Project\BlackJackPlayerTest" classname="App.Tests.Project.BlackJackPlayerTest" file="/home/mita23/dbwebb-kurser/mvc/me/report/tests/Project/BlackJackPlayerTest.php" line="290" assertions="1" time="0.001373"/>
          <testcase name="testGetScore with data set &quot;single card (numeric 7)&quot;" class="App\Tests\Project\BlackJackPlayerTest" classname="App.Tests.Project.BlackJackPlayerTest" file="/home/mita23/dbwebb-kurser/mvc/me/report/tests/Project/BlackJackPlayerTest.php" line="290" assertions="1" time="0.001338"/>
          <testcase name="testGetScore with data set &quot;single card (numeric 10)&quot;" class="App\Tests\Project\BlackJackPlayerTest" classname="App.Tests.Project.BlackJackPlayerTest" file="/home/mita23/dbwebb-kurser/mvc/me/report/tests/Project/BlackJackPlayerTest.php" line="290" assertions="1" time="0.002101"/>
          <testcase name="testGetScore with data set &quot;single card (face K)&quot;" class="App\Tests\Project\BlackJackPlayerTest" classname="App.Tests.Project.BlackJackPlayerTest" file="/home/mita23/dbwebb-kurser/mvc/me/report/tests/Project/BlackJackPlayerTest.php" line="290" assertions="1" time="0.002050"/>
          <testcase name="testGetScore with data set &quot;single card (face J)&quot;" class="App\Tests\Project\BlackJackPlayerTest" classname="App.Tests.Project.BlackJackPlayerTest" file="/home/mita23/dbwebb-kurser/mvc/me/report/tests/Project/BlackJackPlayerTest.php" line="290" assertions="1" time="0.001328"/>
          <testcase name="testGetScore with data set &quot;single card (face Q)&quot;" class="App\Tests\Project\BlackJackPlayerTest" classname="App.Tests.Project.BlackJackPlayerTest" file="/home/mita23/dbwebb-kurser/mvc/me/report/tests/Project/BlackJackPlayerTest.php" line="290" assertions="1" time="0.001971"/>
          <testcase name="testGetScore with data set &quot;single card (Ace)&quot;" class="App\Tests\Project\BlackJackPlayerTest" classname="App.Tests.Project.BlackJackPlayerTest" file="/home/mita23/dbwebb-kurser/mvc/me/report/tests/Project/BlackJackPlayerTest.php" line="290" assertions="1" time="0.002007"/>
          <testcase name="testGetScore with data set &quot;normal hand&quot;" class="App\Tests\Project\BlackJackPlayerTest" classname="App.Tests.Project.BlackJackPlayerTest" file="/home/mita23/dbwebb-kurser/mvc/me/report/tests/Project/BlackJackPlayerTest.php" line="290" assertions="1" time="0.002121"/>
          <testcase name="testGetScore with data set &quot;face cards&quot;" class="App\Tests\Project\BlackJackPlayerTest" classname="App.Tests.Project.BlackJackPlayerTest" file="/home/mita23/dbwebb-kurser/mvc/me/report/tests/Project/BlackJackPlayerTest.php" line="290" assertions="1" time="0.002069"/>
          <testcase name="testGetScore with data set &quot;blackjack&quot;" class="App\Tests\Project\BlackJackPlayerTest" classname="App.Tests.Project.BlackJackPlayerTest" file="/home/mita23/dbwebb-kurser/mvc/me/report/tests/Project/BlackJackPlayerTest.php" line="290" assertions="1" time="0.001752"/>
          <testcase name="testGetScore with data set &quot;soft 17&quot;" class="App\Tests\Project\BlackJackPlayerTest" classname="App.Tests.Project.BlackJackPlayerTest" file="/home/mita23/dbwebb-kurser/mvc/me/report/tests/Project/BlackJackPlayerTest.php" line="290" assertions="1" time="0.002144"/>
          <testcase name="testGetScore with data set &quot;soft 21&quot;" class="App\Tests\Project\BlackJackPlayerTest" classname="App.Tests.Project.BlackJackPlayerTest" file="/home/mita23/dbwebb-kurser/mvc/me/report/tests/Project/BlackJackPlayerTest.php" line="290" assertions="1" time="0.002474"/>
          <testcase name="testGetScore with data set &quot;two aces&quot;" class="App\Tests\Project\BlackJackPlayerTest" classname="App.Tests.Project.BlackJackPlayerTest" file="/home/mita23/dbwebb-kurser/mvc/me/report/tests/Project/BlackJackPlayerTest.php" line="290" assertions="1" time="0.002136"/>
          <testcase name="testGetScore with data set &quot;ace and high cards&quot;" class="App\Tests\Project\BlackJackPlayerTest" classname="App.Tests.Project.BlackJackPlayerTest" file="/home/mita23/dbwebb-kurser/mvc/me/report/tests/Project/BlackJackPlayerTest.php" line="290" assertions="1" time="0.002251"/>
          <testcase name="testGetScore with data set &quot;multiple aces&quot;" class="App\Tests\Project\BlackJackPlayerTest" classname="App.Tests.Project.BlackJackPlayerTest" file="/home/mita23/dbwebb-kurser/mvc/me/report/tests/Project/BlackJackPlayerTest.php" line="290" assertions="1" time="0.002311"/>
          <testcase name="testGetScore with data set &quot;bust&quot;" class="App\Tests\Project\BlackJackPlayerTest" classname="App.Tests.Project.BlackJackPlayerTest" file="/home/mita23/dbwebb-kurser/mvc/me/report/tests/Project/BlackJackPlayerTest.php" line="290" assertions="1" time="0.001498"/>
        </testsuite>
        <testcase name="testClearHands" class="App\Tests\Project\BlackJackPlayerTest" classname="App.Tests.Project.BlackJackPlayerTest" file="/home/mita23/dbwebb-kurser/mvc/me/report/tests/Project/BlackJackPlayerTest.php" line="330" assertions="7" time="0.001763"/>
        <testcase name="testInitializeNewHand" class="App\Tests\Project\BlackJackPlayerTest" classname="App.Tests.Project.BlackJackPlayerTest" file="/home/mita23/dbwebb-kurser/mvc/me/report/tests/Project/BlackJackPlayerTest.php" line="353" assertions="6" time="0.001927"/>
        <testcase name="testIsBlackjack" class="App\Tests\Project\BlackJackPlayerTest" classname="App.Tests.Project.BlackJackPlayerTest" file="/home/mita23/dbwebb-kurser/mvc/me/report/tests/Project/BlackJackPlayerTest.php" line="371" assertions="5" time="0.002066"/>
        <testcase name="testGetAndSetHandState" class="App\Tests\Project\BlackJackPlayerTest" classname="App.Tests.Project.BlackJackPlayerTest" file="/home/mita23/dbwebb-kurser/mvc/me/report/tests/Project/BlackJackPlayerTest.php" line="398" assertions="7" time="0.002836"/>
        <testcase name="testStand" class="App\Tests\Project\BlackJackPlayerTest" classname="App.Tests.Project.BlackJackPlayerTest" file="/home/mita23/dbwebb-kurser/mvc/me/report/tests/Project/BlackJackPlayerTest.php" line="423" assertions="1" time="0.001985"/>
        <testcase name="testBust" class="App\Tests\Project\BlackJackPlayerTest" classname="App.Tests.Project.BlackJackPlayerTest" file="/home/mita23/dbwebb-kurser/mvc/me/report/tests/Project/BlackJackPlayerTest.php" line="434" assertions="1" time="0.001572"/>
        <testcase name="testIsHandActive" class="App\Tests\Project\BlackJackPlayerTest" classname="App.Tests.Project.BlackJackPlayerTest" file="/home/mita23/dbwebb-kurser/mvc/me/report/tests/Project/BlackJackPlayerTest.php" line="445" assertions="5" time="0.001479"/>
        <testcase name="testSetHands" class="App\Tests\Project\BlackJackPlayerTest" classname="App.Tests.Project.BlackJackPlayerTest" file="/home/mita23/dbwebb-kurser/mvc/me/report/tests/Project/BlackJackPlayerTest.php" line="467" assertions="1" time="0.002257"/>
        <testcase name="testSetAllHandStates" class="App\Tests\Project\BlackJackPlayerTest" classname="App.Tests.Project.BlackJackPlayerTest" file="/home/mita23/dbwebb-kurser/mvc/me/report/tests/Project/BlackJackPlayerTest.php" line="483" assertions="2" time="0.001960"/>
        <testcase name="testGetCardValuePrivate" class="App\Tests\Project\BlackJackPlayerTest" classname="App.Tests.Project.BlackJackPlayerTest" file="/home/mita23/dbwebb-kurser/mvc/me/report/tests/Project/BlackJackPlayerTest.php" line="514" assertions="7" time="0.001917"/>
        <testcase name="testSplitHand" class="App\Tests\Project\BlackJackPlayerTest" classname="App.Tests.Project.BlackJackPlayerTest" file="/home/mita23/dbwebb-kurser/mvc/me/report/tests/Project/BlackJackPlayerTest.php" line="532" assertions="16" time="0.007537"/>
      </testsuite>
      <testsuite name="App\Tests\Project\ConstructorTest" file="/home/mita23/dbwebb-kurser/mvc/me/report/tests/Project/BlackJackTest/ConstructTest.php" tests="2" assertions="16" errors="0" warnings="0" failures="0" skipped="0" time="0.157025">
        <testcase name="testConstructor" class="App\Tests\Project\ConstructorTest" classname="App.Tests.Project.ConstructorTest" file="/home/mita23/dbwebb-kurser/mvc/me/report/tests/Project/BlackJackTest/ConstructTest.php" line="78" assertions="10" time="0.150606"/>
        <testcase name="testConstructorPlayerExists" class="App\Tests\Project\ConstructorTest" classname="App.Tests.Project.ConstructorTest" file="/home/mita23/dbwebb-kurser/mvc/me/report/tests/Project/BlackJackTest/ConstructTest.php" line="108" assertions="6" time="0.006419"/>
      </testsuite>
      <testsuite name="App\Tests\Project\DoubleDownTest" file="/home/mita23/dbwebb-kurser/mvc/me/report/tests/Project/BlackJackTest/DoubleDownTest.php" tests="5" assertions="15" errors="0" warnings="0" failures="0" skipped="0" time="0.101090">
        <testcase name="testDoubleDownInsufficientFunds" class="App\Tests\Project\DoubleDownTest" classname="App.Tests.Project.DoubleDownTest" file="/home/mita23/dbwebb-kurser/mvc/me/report/tests/Project/BlackJackTest/DoubleDownTest.php" line="92" assertions="5" time="0.016313"/>
        <testcase name="testDoubleDownInvalidHandCardCount" class="App\Tests\Project\DoubleDownTest" classname="App.Tests.Project.DoubleDownTest" file="/home/mita23/dbwebb-kurser/mvc/me/report/tests/Project/BlackJackTest/DoubleDownTest.php" line="136" assertions="2" time="0.008782"/>
        <testcase name="testDoubleDownInvalidGameOrHandState" class="App\Tests\Project\DoubleDownTest" classname="App.Tests.Project.DoubleDownTest" file="/home/mita23/dbwebb-kurser/mvc/me/report/tests/Project/BlackJackTest/DoubleDownTest.php" line="174" assertions="4" time="0.025633"/>
        <testcase name="testDoubleDownDrawAndFinish" class="App\Tests\Project\DoubleDownTest" classname="App.Tests.Project.DoubleDownTest" file="/home/mita23/dbwebb-kurser/mvc/me/report/tests/Project/BlackJackTest/DoubleDownTest.php" line="214" assertions="2" time="0.019293"/>
        <testcase name="testDoubleDownCausesBust" class="App\Tests\Project\DoubleDownTest" classname="App.Tests.Project.DoubleDownTest" file="/home/mita23/dbwebb-kurser/mvc/me/report/tests/Project/BlackJackTest/DoubleDownTest.php" line="256" assertions="2" time="0.031069"/>
      </testsuite>
      <testsuite name="App\Tests\Project\GetStateTest" file="/home/mita23/dbwebb-kurser/mvc/me/report/tests/Project/BlackJackTest/GetStateTest.php" tests="2" assertions="2" errors="0" warnings="0" failures="0" skipped="0" time="0.033213">
        <testcase name="testGetStateWithNoHandsAndEmptyDeck" class="App\Tests\Project\GetStateTest" classname="App.Tests.Project.GetStateTest" file="/home/mita23/dbwebb-kurser/mvc/me/report/tests/Project/BlackJackTest/GetStateTest.php" line="88" assertions="1" time="0.014553"/>
        <testcase name="testGetStateWithPlayerAndDealerHandsAndDeck" class="App\Tests\Project\GetStateTest" classname="App.Tests.Project.GetStateTest" file="/home/mita23/dbwebb-kurser/mvc/me/report/tests/Project/BlackJackTest/GetStateTest.php" line="129" assertions="1" time="0.018660"/>
      </testsuite>
      <testsuite name="App\Tests\Project\HitTest" file="/home/mita23/dbwebb-kurser/mvc/me/report/tests/Project/BlackJackTest/HitTest.php" tests="5" assertions="27" errors="0" warnings="0" failures="0" skipped="0" time="0.068714">
        <testcase name="testHitSuccessfulAndHandActive" class="App\Tests\Project\HitTest" classname="App.Tests.Project.HitTest" file="/home/mita23/dbwebb-kurser/mvc/me/report/tests/Project/BlackJackTest/HitTest.php" line="108" assertions="12" time="0.013614"/>
        <testcase name="testHitReturnsFalseOnInvalidPreconditions" class="App\Tests\Project\HitTest" classname="App.Tests.Project.HitTest" file="/home/mita23/dbwebb-kurser/mvc/me/report/tests/Project/BlackJackTest/HitTest.php" line="180" assertions="6" time="0.009753"/>
        <testcase name="testHitReturnsFalseOnDeckDrawFailure" class="App\Tests\Project\HitTest" classname="App.Tests.Project.HitTest" file="/home/mita23/dbwebb-kurser/mvc/me/report/tests/Project/BlackJackTest/HitTest.php" line="234" assertions="5" time="0.010058"/>
        <testcase name="testHitCallsPlayerBustOnScoreExceeds21" class="App\Tests\Project\HitTest" classname="App.Tests.Project.HitTest" file="/home/mita23/dbwebb-kurser/mvc/me/report/tests/Project/BlackJackTest/HitTest.php" line="290" assertions="3" time="0.012412"/>
        <testcase name="testPlayerBustsAndBustMethodIsCalled" class="App\Tests\Project\HitTest" classname="App.Tests.Project.HitTest" file="/home/mita23/dbwebb-kurser/mvc/me/report/tests/Project/BlackJackTest/HitTest.php" line="340" assertions="1" time="0.022878"/>
      </testsuite>
      <testsuite name="App\Tests\Project\ResetTest" file="/home/mita23/dbwebb-kurser/mvc/me/report/tests/Project/BlackJackTest/ResetTest.php" tests="1" assertions="13" errors="0" warnings="0" failures="0" skipped="0" time="0.009295">
        <testcase name="testReset" class="App\Tests\Project\ResetTest" classname="App.Tests.Project.ResetTest" file="/home/mita23/dbwebb-kurser/mvc/me/report/tests/Project/BlackJackTest/ResetTest.php" line="60" assertions="13" time="0.009295"/>
      </testsuite>
      <testsuite name="App\Tests\Project\SplitTest" file="/home/mita23/dbwebb-kurser/mvc/me/report/tests/Project/BlackJackTest/SplitTest.php" tests="4" assertions="17" errors="0" warnings="0" failures="0" skipped="0" time="0.052268">
        <testcase name="testSplitInvalidHandOrNotActive" class="App\Tests\Project\SplitTest" classname="App.Tests.Project.SplitTest" file="/home/mita23/dbwebb-kurser/mvc/me/report/tests/Project/BlackJackTest/SplitTest.php" line="89" assertions="4" time="0.013038"/>
        <testcase name="testSplitInsufficientFunds" class="App\Tests\Project\SplitTest" classname="App.Tests.Project.SplitTest" file="/home/mita23/dbwebb-kurser/mvc/me/report/tests/Project/BlackJackTest/SplitTest.php" line="120" assertions="4" time="0.008276"/>
        <testcase name="testSplitHandNotSplittable" class="App\Tests\Project\SplitTest" classname="App.Tests.Project.SplitTest" file="/home/mita23/dbwebb-kurser/mvc/me/report/tests/Project/BlackJackTest/SplitTest.php" line="169" assertions="6" time="0.014078"/>
        <testcase name="testSplitScenarios" class="App\Tests\Project\SplitTest" classname="App.Tests.Project.SplitTest" file="/home/mita23/dbwebb-kurser/mvc/me/report/tests/Project/BlackJackTest/SplitTest.php" line="231" assertions="3" time="0.016876"/>
      </testsuite>
      <testsuite name="App\Tests\Project\StandTest" file="/home/mita23/dbwebb-kurser/mvc/me/report/tests/Project/BlackJackTest/StandTest.php" tests="2" assertions="2" errors="0" warnings="0" failures="0" skipped="0" time="0.018817">
        <testcase name="testStand" class="App\Tests\Project\StandTest" classname="App.Tests.Project.StandTest" file="/home/mita23/dbwebb-kurser/mvc/me/report/tests/Project/BlackJackTest/StandTest.php" line="92" assertions="1" time="0.009888"/>
        <testcase name="testStandReturnsEarlyWhenConditionsNotMet" class="App\Tests\Project\StandTest" classname="App.Tests.Project.StandTest" file="/home/mita23/dbwebb-kurser/mvc/me/report/tests/Project/BlackJackTest/StandTest.php" line="120" assertions="1" time="0.008929"/>
      </testsuite>
      <testsuite name="App\Tests\Project\StartGameTest" file="/home/mita23/dbwebb-kurser/mvc/me/report/tests/Project/BlackJackTest/StartGameTest.php" tests="7" assertions="16" errors="0" warnings="0" failures="0" skipped="0" time="0.083973">
        <testcase name="testStartGameInvalidNumHands" class="App\Tests\Project\StartGameTest" classname="App.Tests.Project.StartGameTest" file="/home/mita23/dbwebb-kurser/mvc/me/report/tests/Project/BlackJackTest/StartGameTest.php" line="81" assertions="3" time="0.005000"/>
        <testcase name="testStartGameInsufficientFunds" class="App\Tests\Project\StartGameTest" classname="App.Tests.Project.StartGameTest" file="/home/mita23/dbwebb-kurser/mvc/me/report/tests/Project/BlackJackTest/StartGameTest.php" line="107" assertions="3" time="0.005428"/>
        <testcase name="testStartGameFailsWhenPlaceBetFails" class="App\Tests\Project\StartGameTest" classname="App.Tests.Project.StartGameTest" file="/home/mita23/dbwebb-kurser/mvc/me/report/tests/Project/BlackJackTest/StartGameTest.php" line="132" assertions="1" time="0.009632"/>
        <testcase name="testStartGameFailsWhenSecondCardIsNull" class="App\Tests\Project\StartGameTest" classname="App.Tests.Project.StartGameTest" file="/home/mita23/dbwebb-kurser/mvc/me/report/tests/Project/BlackJackTest/StartGameTest.php" line="147" assertions="2" time="0.016571"/>
        <testcase name="testStartGameFailsWhenDealerSecondCardIsNull" class="App\Tests\Project\StartGameTest" classname="App.Tests.Project.StartGameTest" file="/home/mita23/dbwebb-kurser/mvc/me/report/tests/Project/BlackJackTest/StartGameTest.php" line="193" assertions="2" time="0.022950"/>
        <testcase name="testDealerGetsBlackjack" class="App\Tests\Project\StartGameTest" classname="App.Tests.Project.StartGameTest" file="/home/mita23/dbwebb-kurser/mvc/me/report/tests/Project/BlackJackTest/StartGameTest.php" line="242" assertions="3" time="0.010280"/>
        <testcase name="testUpdateHandStateAfterActionCallsBustAndSetHandState" class="App\Tests\Project\StartGameTest" classname="App.Tests.Project.StartGameTest" file="/home/mita23/dbwebb-kurser/mvc/me/report/tests/Project/BlackJackTest/StartGameTest.php" line="295" assertions="2" time="0.014114"/>
      </testsuite>
      <testsuite name="App\Tests\Repository\BookRepositoryTest" file="/home/mita23/dbwebb-kurser/mvc/me/report/tests/Repository/BookRepositoryTest.php" tests="1" assertions="1" errors="0" warnings="0" failures="0" skipped="0" time="0.432420">
        <testcase name="testConstructor" class="App\Tests\Repository\BookRepositoryTest" classname="App.Tests.Repository.BookRepositoryTest" file="/home/mita23/dbwebb-kurser/mvc/me/report/tests/Repository/BookRepositoryTest.php" line="35" assertions="1" time="0.432420"/>
      </testsuite>
      <testsuite name="App\Tests\Repository\CardStatRepositoryTest" file="/home/mita23/dbwebb-kurser/mvc/me/report/tests/Repository/CardStatRepositoryTest.php" tests="1" assertions="2" errors="0" warnings="0" failures="0" skipped="0" time="0.009754">
        <testcase name="testConstruct" class="App\Tests\Repository\CardStatRepositoryTest" classname="App.Tests.Repository.CardStatRepositoryTest" file="/home/mita23/dbwebb-kurser/mvc/me/report/tests/Repository/CardStatRepositoryTest.php" line="59" assertions="2" time="0.009754"/>
      </testsuite>
      <testsuite name="App\Tests\Repository\GameSessionRepositoryTest" file="/home/mita23/dbwebb-kurser/mvc/me/report/tests/Repository/GameSessionRepositoryTest.php" tests="1" assertions="2" errors="0" warnings="0" failures="0" skipped="0" time="0.004490">
        <testcase name="testConstruct" class="App\Tests\Repository\GameSessionRepositoryTest" classname="App.Tests.Repository.GameSessionRepositoryTest" file="/home/mita23/dbwebb-kurser/mvc/me/report/tests/Repository/GameSessionRepositoryTest.php" line="60" assertions="2" time="0.004490"/>
      </testsuite>
      <testsuite name="App\Tests\Repository\PlayerRepositoryTest" file="/home/mita23/dbwebb-kurser/mvc/me/report/tests/Repository/PlayerReposityoryTest.php" tests="1" assertions="2" errors="0" warnings="0" failures="0" skipped="0" time="0.005032">
        <testcase name="testConstruct" class="App\Tests\Repository\PlayerRepositoryTest" classname="App.Tests.Repository.PlayerRepositoryTest" file="/home/mita23/dbwebb-kurser/mvc/me/report/tests/Repository/PlayerReposityoryTest.php" line="55" assertions="2" time="0.005032"/>
      </testsuite>
      <testsuite name="App\Tests\Repository\ProductRepositoryTest" file="/home/mita23/dbwebb-kurser/mvc/me/report/tests/Repository/ProductRepositoryTest.php" tests="2" assertions="6" errors="0" warnings="0" failures="0" skipped="0" time="0.744152">
        <testcase name="testFindByMinimumValue" class="App\Tests\Repository\ProductRepositoryTest" classname="App.Tests.Repository.ProductRepositoryTest" file="/home/mita23/dbwebb-kurser/mvc/me/report/tests/Repository/ProductRepositoryTest.php" line="52" assertions="3" time="0.699223"/>
        <testcase name="testFindByMinimumValue2" class="App\Tests\Repository\ProductRepositoryTest" classname="App.Tests.Repository.ProductRepositoryTest" file="/home/mita23/dbwebb-kurser/mvc/me/report/tests/Repository/ProductRepositoryTest.php" line="63" assertions="3" time="0.044929"/>
      </testsuite>
    </testsuite>
  </testsuite>
</testsuites>
